{
  "stats": {
    "suites": 1,
    "tests": 8,
    "passes": 8,
    "pending": 0,
    "failures": 0,
    "start": "2022-10-12T04:41:34.574Z",
    "end": "2022-10-12T04:41:35.821Z",
    "duration": 1247,
    "testsRegistered": 8,
    "passPercent": 100,
    "pendingPercent": 0,
    "other": 0,
    "hasOther": false,
    "skipped": 0,
    "hasSkipped": false
  },
  "results": [
    {
      "uuid": "52216492-9bb8-438e-8c12-5561c583e800",
      "title": "",
      "fullFile": "/home/ardan/Ardan/QA/Automation Test/Git/dev-ardan/test/scenarios/SentraLokasi_Lokasi.test.js",
      "file": "/test/scenarios/SentraLokasi_Lokasi.test.js",
      "beforeHooks": [],
      "afterHooks": [],
      "tests": [],
      "suites": [
        {
          "uuid": "47655c79-aa2f-4c80-bbfd-ddecbf78ac4e",
          "title": "Web lokasi",
          "fullFile": "/home/ardan/Ardan/QA/Automation Test/Git/dev-ardan/test/scenarios/SentraLokasi_Lokasi.test.js",
          "file": "/test/scenarios/SentraLokasi_Lokasi.test.js",
          "beforeHooks": [],
          "afterHooks": [],
          "tests": [
            {
              "title": "Add lokasi",
              "fullTitle": "Web lokasi Add lokasi",
              "timedOut": false,
              "duration": 193,
              "state": "passed",
              "speed": "slow",
              "pass": true,
              "fail": false,
              "pending": false,
              "context": null,
              "code": "const response = await QoinAPI.addLokasi(data.VALID_ADDLOKASI, token)\n//result\nassert.equal(response.status, 200)\n//schema\nexpect(response.data).to.be.jsonSchema(schema.VALIDATE_ADD_LOKASI_SCHEMA)",
              "err": {},
              "uuid": "5db0ed9f-ce0f-41d1-8ace-be2aadefe5e4",
              "parentUUID": "47655c79-aa2f-4c80-bbfd-ddecbf78ac4e",
              "isHook": false,
              "skipped": false
            },
            {
              "title": "Add multi lokasi",
              "fullTitle": "Web lokasi Add multi lokasi",
              "timedOut": false,
              "duration": 140,
              "state": "passed",
              "speed": "slow",
              "pass": true,
              "fail": false,
              "pending": false,
              "context": null,
              "code": "const response = await QoinAPI.addMultilokasi(data.VALID_ADDMULTILOKASI, token)\n//result\nassert.equal(response.status, 200)\n//schema\nexpect(response.data).to.be.jsonSchema(schema.VALIDATE_ADDSENTRAMULTILOKASI_WEBADMIN_SCHEMA)",
              "err": {},
              "uuid": "61057e0d-5fb6-4bb6-b5fa-e74d53a0e6bd",
              "parentUUID": "47655c79-aa2f-4c80-bbfd-ddecbf78ac4e",
              "isHook": false,
              "skipped": false
            },
            {
              "title": "Get dan Cek Data Multi Lokasi",
              "fullTitle": "Web lokasi Get dan Cek Data Multi Lokasi",
              "timedOut": false,
              "duration": 180,
              "state": "passed",
              "speed": "slow",
              "pass": true,
              "fail": false,
              "pending": false,
              "context": null,
              "code": "const response = await QoinAPI.getLokasi(token)\n//result\nassert.equal(response.status, 200)\n//schema\nexpect(response.data).to.be.jsonSchema(schema.VALIDATE_GETSENTRALOKASI_WEBADMIN_SCHEMA)",
              "err": {},
              "uuid": "1c8291ff-85f0-45e2-bcbd-811faf445266",
              "parentUUID": "47655c79-aa2f-4c80-bbfd-ddecbf78ac4e",
              "isHook": false,
              "skipped": false
            },
            {
              "title": "Edit lokasi",
              "fullTitle": "Web lokasi Edit lokasi",
              "timedOut": false,
              "duration": 165,
              "state": "passed",
              "speed": "slow",
              "pass": true,
              "fail": false,
              "pending": false,
              "context": null,
              "code": "const response = await QoinAPI.updateLokasi(id, data.VALID_PUTLOKASI, token)\n//result\nassert.equal(response.status, 200)\n//schema\nexpect(response.data).to.be.jsonSchema(schema.VALIDATE_EDIT_LOKASI_SCHEMA)",
              "err": {},
              "uuid": "81caa471-11b0-4879-81a6-efd04056ba19",
              "parentUUID": "47655c79-aa2f-4c80-bbfd-ddecbf78ac4e",
              "isHook": false,
              "skipped": false
            },
            {
              "title": "Hapus lokasi",
              "fullTitle": "Web lokasi Hapus lokasi",
              "timedOut": false,
              "duration": 144,
              "state": "passed",
              "speed": "slow",
              "pass": true,
              "fail": false,
              "pending": false,
              "context": null,
              "code": "const response = await QoinAPI.deleteLokasi(3, token)\n//result\nassert.equal(response.status, 200)\n//schema BELUM NYOBA JUGA\n//expect(response.data).to.be.jsonSchema(schema)",
              "err": {},
              "uuid": "a3fe1d39-6f1e-41c5-b571-8c526ea83438",
              "parentUUID": "47655c79-aa2f-4c80-bbfd-ddecbf78ac4e",
              "isHook": false,
              "skipped": false
            },
            {
              "title": "Get dan Cek Image Lokasi",
              "fullTitle": "Web lokasi Get dan Cek Image Lokasi",
              "timedOut": false,
              "duration": 131,
              "state": "passed",
              "speed": "slow",
              "pass": true,
              "fail": false,
              "pending": false,
              "context": null,
              "code": "const response = await QoinAPI.getImagelokasi(id, token)\n//result\nassert.equal(response.status, 200)\n//schema\nexpect(response.data).to.be.jsonSchema(schema.VALIDATE_GETIMAGELOKASI_SCHEMA)",
              "err": {},
              "uuid": "4083a0cd-6347-4e51-8f9b-a86baf590b17",
              "parentUUID": "47655c79-aa2f-4c80-bbfd-ddecbf78ac4e",
              "isHook": false,
              "skipped": false
            },
            {
              "title": "Get Fasilitas Lokasi",
              "fullTitle": "Web lokasi Get Fasilitas Lokasi",
              "timedOut": false,
              "duration": 133,
              "state": "passed",
              "speed": "slow",
              "pass": true,
              "fail": false,
              "pending": false,
              "context": null,
              "code": "const response = await QoinAPI.getFasilitaslokasi(id, token)\n//result\nassert.equal(response.status, 200)\n//schema\nexpect(response.data).to.be.jsonSchema(schema.VALIDATE_GETFASILITASLOKASI_SCHEMA)",
              "err": {},
              "uuid": "c90f27b3-fc03-4117-b25d-a38f8ce9ff8b",
              "parentUUID": "47655c79-aa2f-4c80-bbfd-ddecbf78ac4e",
              "isHook": false,
              "skipped": false
            },
            {
              "title": "Get Lokasi By Id",
              "fullTitle": "Web lokasi Get Lokasi By Id",
              "timedOut": false,
              "duration": 135,
              "state": "passed",
              "speed": "slow",
              "pass": true,
              "fail": false,
              "pending": false,
              "context": null,
              "code": "const response = await QoinAPI.getLokasibyid(id, token)\n//result\nassert.equal(response.status, 200)\n//schema\nexpect(response.data).to.be.jsonSchema(schema.VALIDATE_GETLOKASIBYID_SCHEMA)",
              "err": {},
              "uuid": "0050752d-4779-4a50-9e43-4fc65bfa6dc5",
              "parentUUID": "47655c79-aa2f-4c80-bbfd-ddecbf78ac4e",
              "isHook": false,
              "skipped": false
            }
          ],
          "suites": [],
          "passes": [
            "5db0ed9f-ce0f-41d1-8ace-be2aadefe5e4",
            "61057e0d-5fb6-4bb6-b5fa-e74d53a0e6bd",
            "1c8291ff-85f0-45e2-bcbd-811faf445266",
            "81caa471-11b0-4879-81a6-efd04056ba19",
            "a3fe1d39-6f1e-41c5-b571-8c526ea83438",
            "4083a0cd-6347-4e51-8f9b-a86baf590b17",
            "c90f27b3-fc03-4117-b25d-a38f8ce9ff8b",
            "0050752d-4779-4a50-9e43-4fc65bfa6dc5"
          ],
          "failures": [],
          "pending": [],
          "skipped": [],
          "duration": 1221,
          "root": false,
          "rootEmpty": false,
          "_timeout": 50000
        }
      ],
      "passes": [],
      "failures": [],
      "pending": [],
      "skipped": [],
      "duration": 0,
      "root": true,
      "rootEmpty": true,
      "_timeout": 50000
    }
  ],
  "meta": {
    "mocha": {
      "version": "10.0.0"
    },
    "mochawesome": {
      "options": {
        "quiet": false,
        "reportFilename": "mochawesome",
        "saveHtml": true,
        "saveJson": true,
        "consoleReporter": "spec",
        "useInlineDiffs": false,
        "code": true
      },
      "version": "7.1.3"
    },
    "marge": {
      "options": {
        "reportDir": "reports"
      },
      "version": "6.2.0"
    }
  }
}