{
  "stats": {
    "suites": 1,
    "tests": 1,
    "passes": 1,
    "pending": 0,
    "failures": 0,
    "start": "2022-10-17T05:32:48.105Z",
    "end": "2022-10-17T05:32:48.297Z",
    "duration": 192,
    "testsRegistered": 1,
    "passPercent": 100,
    "pendingPercent": 0,
    "other": 0,
    "hasOther": false,
    "skipped": 0,
    "hasSkipped": false
  },
  "results": [
    {
      "uuid": "43f53050-5af8-4e2d-8f39-5f0fa25f13d7",
      "title": "",
      "fullFile": "D:\\QA Automation\\API Testing\\qoinisa\\test\\scenarios\\SentraKependudukan_Akta.test.js",
      "file": "\\test\\scenarios\\SentraKependudukan_Akta.test.js",
      "beforeHooks": [],
      "afterHooks": [],
      "tests": [],
      "suites": [
        {
          "uuid": "4094299d-9e81-439f-b52b-9dfd7ddcfbe3",
          "title": "Web",
          "fullFile": "D:\\QA Automation\\API Testing\\qoinisa\\test\\scenarios\\SentraKependudukan_Akta.test.js",
          "file": "\\test\\scenarios\\SentraKependudukan_Akta.test.js",
          "beforeHooks": [],
          "afterHooks": [],
          "tests": [
            {
              "title": "Get Index by ID",
              "fullTitle": "Web Get Index by ID",
              "timedOut": false,
              "duration": 187,
              "state": "passed",
              "speed": "slow",
              "pass": true,
              "fail": false,
              "pending": false,
              "context": null,
              "code": "const response = await QoinAPI.index_by_id(id, token) //hit API\n\n//response status\nassert.equal(response.status, 200);\n//schema\n// expect(response.data).to.be.jsonSchema(schema.VALID_GET_INDEX_BY_ID_SCHEMA)\nconsole.log(response.data);",
              "err": {},
              "uuid": "9cd96ad1-1339-481b-964a-bf767a1923da",
              "parentUUID": "4094299d-9e81-439f-b52b-9dfd7ddcfbe3",
              "isHook": false,
              "skipped": false
            }
          ],
          "suites": [],
          "passes": [
            "9cd96ad1-1339-481b-964a-bf767a1923da"
          ],
          "failures": [],
          "pending": [],
          "skipped": [],
          "duration": 187,
          "root": false,
          "rootEmpty": false,
          "_timeout": 180000
        }
      ],
      "passes": [],
      "failures": [],
      "pending": [],
      "skipped": [],
      "duration": 0,
      "root": true,
      "rootEmpty": true,
      "_timeout": 180000
    }
  ],
  "meta": {
    "mocha": {
      "version": "10.0.0"
    },
    "mochawesome": {
      "options": {
        "quiet": false,
        "reportFilename": "mochawesome",
        "saveHtml": true,
        "saveJson": true,
        "consoleReporter": "spec",
        "useInlineDiffs": false,
        "code": true
      },
      "version": "7.1.3"
    },
    "marge": {
      "options": {
        "reportDir": "reports"
      },
      "version": "6.2.0"
    }
  }
}