{
  "stats": {
    "suites": 1,
    "tests": 1,
    "passes": 0,
    "pending": 0,
    "failures": 1,
    "start": "2022-10-13T02:32:32.132Z",
    "end": "2022-10-13T02:32:32.278Z",
    "duration": 146,
    "testsRegistered": 1,
    "passPercent": 0,
    "pendingPercent": 0,
    "other": 0,
    "hasOther": false,
    "skipped": 0,
    "hasSkipped": false
  },
  "results": [
    {
      "uuid": "5d6773f6-9a99-4fa1-b30d-ffaa20ec3206",
      "title": "",
      "fullFile": "E:\\Qoin Automation\\qoin_mocha\\test\\scenarios\\SentraKependudukan_Akta.test.js",
      "file": "\\test\\scenarios\\SentraKependudukan_Akta.test.js",
      "beforeHooks": [],
      "afterHooks": [],
      "tests": [],
      "suites": [
        {
          "uuid": "8e12b3d9-2ad8-4cf4-a46c-eb9e1fffc5ba",
          "title": "Web",
          "fullFile": "E:\\Qoin Automation\\qoin_mocha\\test\\scenarios\\SentraKependudukan_Akta.test.js",
          "file": "\\test\\scenarios\\SentraKependudukan_Akta.test.js",
          "beforeHooks": [],
          "afterHooks": [],
          "tests": [
            {
              "title": "Update Akta",
              "fullTitle": "Web Update Akta",
              "timedOut": false,
              "duration": 124,
              "state": "failed",
              "speed": null,
              "pass": false,
              "fail": true,
              "pending": false,
              "context": null,
              "code": "//const response = await QoinAPI.update_akta(id, data.VALID_UPDATE_AKTA, token) //hit API\nconst response = await QoinAPI.get_id(token)\nif (response.data.data.list[0].id == 0) {\n    IDrespons = \"3\"\n}else{\n    IDrespons = response.data.data.list[0].id\n}\n\nreturn IDrespons \n//result\nconsole.log(IDrespons)\n//assert.equal(response.status, 200);\n\n//schema\n//expect(response.data).to.be.jsonSchema(schema.VALID_UPDATE_AKTA_SCHEMA)",
              "err": {
                "message": "ReferenceError: IDrespons is not defined",
                "estack": "ReferenceError: IDrespons is not defined\n    at Context.<anonymous> (file:///E:/Qoin%20Automation/qoin_mocha/test/scenarios/SentraKependudukan_Akta.test.js:139:23)\n    at processTicksAndRejections (internal/process/task_queues.js:95:5)",
                "diff": null
              },
              "uuid": "ab78825d-ee5a-4a8d-9154-fcd37acde95f",
              "parentUUID": "8e12b3d9-2ad8-4cf4-a46c-eb9e1fffc5ba",
              "isHook": false,
              "skipped": false
            }
          ],
          "suites": [],
          "passes": [],
          "failures": [
            "ab78825d-ee5a-4a8d-9154-fcd37acde95f"
          ],
          "pending": [],
          "skipped": [],
          "duration": 124,
          "root": false,
          "rootEmpty": false,
          "_timeout": 50000
        }
      ],
      "passes": [],
      "failures": [],
      "pending": [],
      "skipped": [],
      "duration": 0,
      "root": true,
      "rootEmpty": true,
      "_timeout": 50000
    }
  ],
  "meta": {
    "mocha": {
      "version": "10.0.0"
    },
    "mochawesome": {
      "options": {
        "quiet": false,
        "reportFilename": "mochawesome",
        "saveHtml": true,
        "saveJson": true,
        "consoleReporter": "spec",
        "useInlineDiffs": false,
        "code": true
      },
      "version": "7.1.3"
    },
    "marge": {
      "options": {
        "reportDir": "reports"
      },
      "version": "6.2.0"
    }
  }
}