{
  "stats": {
    "suites": 1,
    "tests": 4,
    "passes": 4,
    "pending": 0,
    "failures": 0,
    "start": "2022-10-13T04:39:30.101Z",
    "end": "2022-10-13T04:39:30.812Z",
    "duration": 711,
    "testsRegistered": 4,
    "passPercent": 100,
    "pendingPercent": 0,
    "other": 0,
    "hasOther": false,
    "skipped": 0,
    "hasSkipped": false
  },
  "results": [
    {
      "uuid": "8438138b-016d-4f9a-8102-8d2c26a3be65",
      "title": "",
      "fullFile": "/home/ardan/Ardan/QA/Automation Test/Git/dev-ardan/test/scenarios/SentraLokasi_Kategori.test.js",
      "file": "/test/scenarios/SentraLokasi_Kategori.test.js",
      "beforeHooks": [],
      "afterHooks": [],
      "tests": [],
      "suites": [
        {
          "uuid": "b7209597-4c2e-4299-a5e1-91ab4e3a0e83",
          "title": "Web kategori lokasi",
          "fullFile": "/home/ardan/Ardan/QA/Automation Test/Git/dev-ardan/test/scenarios/SentraLokasi_Kategori.test.js",
          "file": "/test/scenarios/SentraLokasi_Kategori.test.js",
          "beforeHooks": [],
          "afterHooks": [],
          "tests": [
            {
              "title": "Add kategori lokasi",
              "fullTitle": "Web kategori lokasi Add kategori lokasi",
              "timedOut": false,
              "duration": 143,
              "state": "passed",
              "speed": "slow",
              "pass": true,
              "fail": false,
              "pending": false,
              "context": null,
              "code": "const response = await QoinAPI.createkategoriLokasi(token, data.VALID_ADDKATEGORI)\n//validasi\n\n    const data_res = Object.fromEntries(\n    Object.entries(response.data.data).map(([key, value]) => [key, typeof value == 'string' ? value.toLowerCase() : value])\n    );\n    const data_in = Object.fromEntries(\n    Object.entries(data.VALID_ADDKATEGORI).map(([key, value]) => [key, typeof value == 'string' ? value.toLowerCase() : value])\n    );\n    \n    //result\n    assert.equal(response.status, 200)\n  //validasi exclude\n  assert.deepEqualExcluding(data_res, data_in, ['created_at', 'icon', 'is_active','updated_at'])\n//schema BELUM BISA : EXPECTED DELETED_AT\n// expect(response.data).to.be.jsonSchema(schema.VALIDATE_ADD_KATEGORILOKASI_SCHEMA)",
              "err": {},
              "uuid": "4e02ee39-b10d-4464-be31-a2a86b87f985",
              "parentUUID": "b7209597-4c2e-4299-a5e1-91ab4e3a0e83",
              "isHook": false,
              "skipped": false
            },
            {
              "title": "Get detail kategori lokasi",
              "fullTitle": "Web kategori lokasi Get detail kategori lokasi",
              "timedOut": false,
              "duration": 153,
              "state": "passed",
              "speed": "slow",
              "pass": true,
              "fail": false,
              "pending": false,
              "context": null,
              "code": "const response = await QoinAPI.getdetailkategoriLokasi(id, token)\n//result\nassert.equal(response.status, 200)\n//schema\nexpect(response.data).to.be.jsonSchema(schema.VALIDATE_GETDETAILKATEGORILOKASI)",
              "err": {},
              "uuid": "be453463-9987-429d-b75c-42e4d8f84843",
              "parentUUID": "b7209597-4c2e-4299-a5e1-91ab4e3a0e83",
              "isHook": false,
              "skipped": false
            },
            {
              "title": "Update kategori lokasi",
              "fullTitle": "Web kategori lokasi Update kategori lokasi",
              "timedOut": false,
              "duration": 253,
              "state": "passed",
              "speed": "slow",
              "pass": true,
              "fail": false,
              "pending": false,
              "context": null,
              "code": "const response = await QoinAPI.updatekategoriLokasi(id, data.VALID_UPDATEKATEGORI, token)\n//validasi\n\nconst data_res = Object.fromEntries(\n    Object.entries(response.data.data).map(([key, value]) => [key, typeof value == 'string' ? value.toLowerCase() : value])\n    );\n    const data_in = Object.fromEntries(\n    Object.entries(data.VALID_UPDATEKATEGORI).map(([key, value]) => [key, typeof value == 'string' ? value.toLowerCase() : value])\n    );\n    \n    //result\n    assert.equal(response.status, 200)\n  //exclude\n  assert.deepEqualExcluding(data_res, data_in, ['created_at', 'icon','updated_at', 'deleted_at', 'id'])\n//schema BELUM BISA : KURANG LINK_PICTURE\n// expect(response.data).to.be.jsonSchema(schema.VALIDATE_UPDATE_KATEGORILOKASI_SCHEMA)",
              "err": {},
              "uuid": "20f78a2d-6dfe-4d9d-b899-41ee752fd373",
              "parentUUID": "b7209597-4c2e-4299-a5e1-91ab4e3a0e83",
              "isHook": false,
              "skipped": false
            },
            {
              "title": "Delete kategori lokasi",
              "fullTitle": "Web kategori lokasi Delete kategori lokasi",
              "timedOut": false,
              "duration": 133,
              "state": "passed",
              "speed": "slow",
              "pass": true,
              "fail": false,
              "pending": false,
              "context": null,
              "code": "const response = await QoinAPI.deletekategoriLokasi(id, token)\n//result\nassert.equal(response.status, 200)\nexpect(response.data).to.be.jsonSchema(schema.VALIDATE_DELETE_KATEGORILOKASI_SCHEMA)",
              "err": {},
              "uuid": "96d4666f-b197-4f02-abea-d5d5b67dadaf",
              "parentUUID": "b7209597-4c2e-4299-a5e1-91ab4e3a0e83",
              "isHook": false,
              "skipped": false
            }
          ],
          "suites": [],
          "passes": [
            "4e02ee39-b10d-4464-be31-a2a86b87f985",
            "be453463-9987-429d-b75c-42e4d8f84843",
            "20f78a2d-6dfe-4d9d-b899-41ee752fd373",
            "96d4666f-b197-4f02-abea-d5d5b67dadaf"
          ],
          "failures": [],
          "pending": [],
          "skipped": [],
          "duration": 682,
          "root": false,
          "rootEmpty": false,
          "_timeout": 50000
        }
      ],
      "passes": [],
      "failures": [],
      "pending": [],
      "skipped": [],
      "duration": 0,
      "root": true,
      "rootEmpty": true,
      "_timeout": 50000
    }
  ],
  "meta": {
    "mocha": {
      "version": "10.0.0"
    },
    "mochawesome": {
      "options": {
        "quiet": false,
        "reportFilename": "mochawesome",
        "saveHtml": true,
        "saveJson": true,
        "consoleReporter": "spec",
        "useInlineDiffs": false,
        "code": true
      },
      "version": "7.1.3"
    },
    "marge": {
      "options": {
        "reportDir": "reports"
      },
      "version": "6.2.0"
    }
  }
}