{
  "stats": {
    "suites": 4,
    "tests": 16,
    "passes": 16,
    "pending": 0,
    "failures": 0,
    "start": "2022-10-14T01:40:03.722Z",
    "end": "2022-10-14T01:40:07.082Z",
    "duration": 3360,
    "testsRegistered": 16,
    "passPercent": 100,
    "pendingPercent": 0,
    "other": 0,
    "hasOther": false,
    "skipped": 0,
    "hasSkipped": false
  },
  "results": [
    {
      "uuid": "433713ba-a0e9-4c1f-8249-9a4561cd96ac",
      "title": "",
      "fullFile": "",
      "file": "",
      "beforeHooks": [],
      "afterHooks": [],
      "tests": [],
      "suites": [
        {
          "uuid": "cf9ad49c-5f7e-49ca-9d13-ad462389415b",
          "title": "Web kategori lokasi",
          "fullFile": "/home/ardan/Ardan/QA/Automation Test/Git/dev-ardan/test/scenarios/SentraLokasi_Kategori.test.js",
          "file": "/test/scenarios/SentraLokasi_Kategori.test.js",
          "beforeHooks": [],
          "afterHooks": [],
          "tests": [
            {
              "title": "Add kategori lokasi",
              "fullTitle": "Web kategori lokasi Add kategori lokasi",
              "timedOut": false,
              "duration": 126,
              "state": "passed",
              "speed": "slow",
              "pass": true,
              "fail": false,
              "pending": false,
              "context": null,
              "code": "const response = await QoinAPI.createkategoriLokasi(token, data.VALID_ADDKATEGORI)\n//validasi\n\n    const data_res = Object.fromEntries(\n    Object.entries(response.data.data).map(([key, value]) => [key, typeof value == 'string' ? value.toLowerCase() : value])\n    );\n    const data_in = Object.fromEntries(\n    Object.entries(data.VALID_ADDKATEGORI).map(([key, value]) => [key, typeof value == 'string' ? value.toLowerCase() : value])\n    );\n    \n    //result\n    assert.equal(response.status, 200)\n  //validasi exclude\n  assert.deepEqualExcluding(data_res, data_in, ['created_at', 'icon', 'is_active','updated_at'])\n//schema BELUM BISA : EXPECTED DELETED_AT\n// expect(response.data).to.be.jsonSchema(schema.VALIDATE_ADD_KATEGORILOKASI_SCHEMA)",
              "err": {},
              "uuid": "b765ed2c-b66f-4275-afd1-7aa11124242e",
              "parentUUID": "cf9ad49c-5f7e-49ca-9d13-ad462389415b",
              "isHook": false,
              "skipped": false
            },
            {
              "title": "Get detail kategori lokasi",
              "fullTitle": "Web kategori lokasi Get detail kategori lokasi",
              "timedOut": false,
              "duration": 121,
              "state": "passed",
              "speed": "slow",
              "pass": true,
              "fail": false,
              "pending": false,
              "context": null,
              "code": "const response = await QoinAPI.getdetailkategoriLokasi(id, token)\n//result\nassert.equal(response.status, 200)\n//schema\n//expect(response.data).to.be.jsonSchema(schema.VALIDATE_GETDETAILKATEGORILOKASI)",
              "err": {},
              "uuid": "acc3571f-425b-4cd1-a7af-1c82124d66c7",
              "parentUUID": "cf9ad49c-5f7e-49ca-9d13-ad462389415b",
              "isHook": false,
              "skipped": false
            },
            {
              "title": "Update kategori lokasi",
              "fullTitle": "Web kategori lokasi Update kategori lokasi",
              "timedOut": false,
              "duration": 157,
              "state": "passed",
              "speed": "slow",
              "pass": true,
              "fail": false,
              "pending": false,
              "context": null,
              "code": "const idUpdate = 3\nconst response = await QoinAPI.updatekategoriLokasi(idUpdate, data.VALID_UPDATEKATEGORI, token)\n//validasi\nconst data_res = Object.fromEntries(\n    Object.entries(response.data.data).map(([key, value]) => [key, typeof value == 'string' ? value.toLowerCase() : value])\n    );\n    const data_in = Object.fromEntries(\n    Object.entries(data.VALID_UPDATEKATEGORI).map(([key, value]) => [key, typeof value == 'string' ? value.toLowerCase() : value])\n    );\n    \n    //result\n    assert.equal(response.status, 200)\n  //exclude\n  assert.deepEqualExcluding(data_res, data_in, ['created_at', 'icon','updated_at', 'deleted_at', 'id'])\n//schema BELUM BISA : KURANG LINK_PICTURE\n// expect(response.data).to.be.jsonSchema(schema.VALIDATE_UPDATE_KATEGORILOKASI_SCHEMA)",
              "err": {},
              "uuid": "7d3b2019-356a-48dd-9258-9798cc61ed40",
              "parentUUID": "cf9ad49c-5f7e-49ca-9d13-ad462389415b",
              "isHook": false,
              "skipped": false
            },
            {
              "title": "Delete kategori lokasi",
              "fullTitle": "Web kategori lokasi Delete kategori lokasi",
              "timedOut": false,
              "duration": 131,
              "state": "passed",
              "speed": "slow",
              "pass": true,
              "fail": false,
              "pending": false,
              "context": null,
              "code": "const response = await QoinAPI.deletekategoriLokasi(id, token)\n//result\nassert.equal(response.status, 200)\nexpect(response.data).to.be.jsonSchema(schema.VALIDATE_DELETE_KATEGORILOKASI_SCHEMA)",
              "err": {},
              "uuid": "6582e256-97b6-45ae-b8b3-d1cb0b8b815e",
              "parentUUID": "cf9ad49c-5f7e-49ca-9d13-ad462389415b",
              "isHook": false,
              "skipped": false
            }
          ],
          "suites": [],
          "passes": [
            "b765ed2c-b66f-4275-afd1-7aa11124242e",
            "acc3571f-425b-4cd1-a7af-1c82124d66c7",
            "7d3b2019-356a-48dd-9258-9798cc61ed40",
            "6582e256-97b6-45ae-b8b3-d1cb0b8b815e"
          ],
          "failures": [],
          "pending": [],
          "skipped": [],
          "duration": 535,
          "root": false,
          "rootEmpty": false,
          "_timeout": 50000
        },
        {
          "uuid": "70cf185a-97f5-4d4a-9417-291c0bb314cf",
          "title": "Mobile kategori lokasi",
          "fullFile": "/home/ardan/Ardan/QA/Automation Test/Git/dev-ardan/test/scenarios/SentraLokasi_Kategori.test.js",
          "file": "/test/scenarios/SentraLokasi_Kategori.test.js",
          "beforeHooks": [],
          "afterHooks": [],
          "tests": [
            {
              "title": "Get kategori lokasi",
              "fullTitle": "Mobile kategori lokasi Get kategori lokasi",
              "timedOut": false,
              "duration": 230,
              "state": "passed",
              "speed": "slow",
              "pass": true,
              "fail": false,
              "pending": false,
              "context": null,
              "code": "const response = await QoinAPI.get_lokasi(token_mobile);\n    \nassert.equal(response.status, 200)\n//schema belum nyoba\n// expect(response.data).to.be.jsonSchema(schema.VALIDATE_LOKASI_SCHEMA)",
              "err": {},
              "uuid": "0a0838a9-a594-4f89-8691-f01dd2080461",
              "parentUUID": "70cf185a-97f5-4d4a-9417-291c0bb314cf",
              "isHook": false,
              "skipped": false
            }
          ],
          "suites": [],
          "passes": [
            "0a0838a9-a594-4f89-8691-f01dd2080461"
          ],
          "failures": [],
          "pending": [],
          "skipped": [],
          "duration": 230,
          "root": false,
          "rootEmpty": false,
          "_timeout": 50000
        },
        {
          "uuid": "364874c1-e7ac-4579-9306-f01b49ce5e99",
          "title": "Web lokasi",
          "fullFile": "/home/ardan/Ardan/QA/Automation Test/Git/dev-ardan/test/scenarios/SentraLokasi_Lokasi.test.js",
          "file": "/test/scenarios/SentraLokasi_Lokasi.test.js",
          "beforeHooks": [],
          "afterHooks": [],
          "tests": [
            {
              "title": "Add lokasi",
              "fullTitle": "Web lokasi Add lokasi",
              "timedOut": false,
              "duration": 278,
              "state": "passed",
              "speed": "slow",
              "pass": true,
              "fail": false,
              "pending": false,
              "context": null,
              "code": "const response = await QoinAPI.addLokasi(data.VALID_ADDLOKASI, token)\n//result\nassert.equal(response.status, 200)\n//response data\nconst data_res_data = Object.fromEntries(\n    Object.entries(response.data.data['data']).map(([key, value]) => [key, typeof value == 'string' ? value.toLowerCase() : value])\n    );\nconst data_res_fasilitas = Object.fromEntries(\n    Object.entries(response.data.data['fasilitas']).map(([key, value]) => [key, typeof value == 'string' ? value.toLowerCase() : value])\n  );\nconst data_in_data = Object.fromEntries(\n    Object.entries(data.VALID_ADDLOKASI['data']).map(([key, value]) => [key, typeof value == 'string' ? value.toLowerCase() : value])\n  );\nconst data_in_fasilitas = Object.fromEntries(\n    Object.entries(data.VALID_ADDLOKASI['fasilitas']).map(([key, value]) => [key, typeof value == 'string' ? value.toLowerCase() : value])\n  );           \n  //validasi exclude\n  assert.deepEqualExcludingEvery(data_res_data, data_in_data, ['deleted_at', 'created_at', 'alamat', 'description', 'id', 'updated_at', 'is_active', 'm_lokasi_id'])\n  assert.deepEqualExcludingEvery(data_res_fasilitas, data_in_fasilitas, ['deleted_at', 'created_at', 'alamat', 'description', 'id', 'updated_at', 'is_active', 'm_lokasi_id'])\n\n//schema\nexpect(response.data).to.be.jsonSchema(schema.VALIDATE_ADD_LOKASI_SCHEMA)",
              "err": {},
              "uuid": "5e53d937-6faf-4384-a06f-dc2f0397ecae",
              "parentUUID": "364874c1-e7ac-4579-9306-f01b49ce5e99",
              "isHook": false,
              "skipped": false
            },
            {
              "title": "Add multi lokasi",
              "fullTitle": "Web lokasi Add multi lokasi",
              "timedOut": false,
              "duration": 1079,
              "state": "passed",
              "speed": "slow",
              "pass": true,
              "fail": false,
              "pending": false,
              "context": null,
              "code": "const response = await QoinAPI.addMultilokasi(data.VALID_ADDMULTILOKASI, token)\n//result\nassert.equal(response.status, 200)\n//response data\nconst data_res_data = Object.fromEntries(\n    Object.entries(response.data.data[0].data).map(([key, value]) => [key, typeof value == 'string' ? value.toLowerCase() : value])\n    );\nconst data_res_fasilitas = Object.fromEntries(\n    Object.entries(response.data.data[0].fasilitas).map(([key, value]) => [key, typeof value == 'string' ? value.toLowerCase() : value])\n  );\nconst data_in_data = Object.fromEntries(\n    Object.entries(data.VALID_ADDMULTILOKASI[0].data).map(([key, value]) => [key, typeof value == 'string' ? value.toLowerCase() : value])\n  );\nconst data_in_fasilitas = Object.fromEntries(\n    Object.entries(data.VALID_ADDMULTILOKASI[0].fasilitas).map(([key, value]) => [key, typeof value == 'string' ? value.toLowerCase() : value])\n  );           \n  //validasi exclude\n  assert.deepEqualExcludingEvery(data_res_data, data_in_data, ['deleted_at', 'created_at', 'alamat', 'description', 'id', 'updated_at', 'is_active', 'm_lokasi_id'])\n  //validasi exclude\n  assert.deepEqualExcludingEvery(data_res_fasilitas, data_in_fasilitas, ['deleted_at', 'created_at', 'alamat', 'description', 'id', 'updated_at', 'is_active', 'm_lokasi_id'])\n//schema\nexpect(response.data).to.be.jsonSchema(schema.VALIDATE_ADDSENTRAMULTILOKASI_WEBADMIN_SCHEMA)",
              "err": {},
              "uuid": "d3f5119b-515e-46f4-9935-05fc850ea887",
              "parentUUID": "364874c1-e7ac-4579-9306-f01b49ce5e99",
              "isHook": false,
              "skipped": false
            },
            {
              "title": "Get dan Cek Data Multi Lokasi",
              "fullTitle": "Web lokasi Get dan Cek Data Multi Lokasi",
              "timedOut": false,
              "duration": 129,
              "state": "passed",
              "speed": "slow",
              "pass": true,
              "fail": false,
              "pending": false,
              "context": null,
              "code": "const response = await QoinAPI.getLokasi(token)\n//result\nassert.equal(response.status, 200)\n//schema\nexpect(response.data).to.be.jsonSchema(schema.VALIDATE_GETSENTRALOKASI_WEBADMIN_SCHEMA)",
              "err": {},
              "uuid": "c55c17f8-e7cd-4232-a474-c4ce6806bd56",
              "parentUUID": "364874c1-e7ac-4579-9306-f01b49ce5e99",
              "isHook": false,
              "skipped": false
            },
            {
              "title": "Edit lokasi",
              "fullTitle": "Web lokasi Edit lokasi",
              "timedOut": false,
              "duration": 139,
              "state": "passed",
              "speed": "slow",
              "pass": true,
              "fail": false,
              "pending": false,
              "context": null,
              "code": "const response = await QoinAPI.updateLokasi(id, data.VALID_PUTLOKASI, token)\n//result\nassert.equal(response.status, 200)\n//response data\nconst data_res_data = Object.fromEntries(\n    Object.entries(response.data.data['data']).map(([key, value]) => [key, typeof value == 'string' ? value.toLowerCase() : value])\n    );\nconst data_res_fasilitas = Object.fromEntries(\n    Object.entries(response.data.data['fasilitas']).map(([key, value]) => [key, typeof value == 'string' ? value.toLowerCase() : value])\n  );\nconst data_in_data = Object.fromEntries(\n    Object.entries(data.VALID_PUTLOKASI['data']).map(([key, value]) => [key, typeof value == 'string' ? value.toLowerCase() : value])\n  );\nconst data_in_fasilitas = Object.fromEntries(\n    Object.entries(data.VALID_PUTLOKASI['fasilitas']).map(([key, value]) => [key, typeof value == 'string' ? value.toLowerCase() : value])\n  );           \n  //validasi exclude\n  assert.deepEqualExcludingEvery(data_res_data, data_in_data, ['deleted_at', 'created_at', 'alamat', 'description', 'id', 'updated_at', 'is_active', 'm_lokasi_id'])\n  assert.deepEqualExcludingEvery(data_res_fasilitas, data_in_fasilitas, ['deleted_at', 'created_at', 'alamat', 'description', 'id', 'updated_at', 'is_active', 'm_lokasi_id'])\n//schema\nexpect(response.data).to.be.jsonSchema(schema.VALIDATE_EDIT_LOKASI_SCHEMA)",
              "err": {},
              "uuid": "3b67ff0e-e769-4c37-8c62-3254256bba45",
              "parentUUID": "364874c1-e7ac-4579-9306-f01b49ce5e99",
              "isHook": false,
              "skipped": false
            },
            {
              "title": "Hapus lokasi",
              "fullTitle": "Web lokasi Hapus lokasi",
              "timedOut": false,
              "duration": 117,
              "state": "passed",
              "speed": "slow",
              "pass": true,
              "fail": false,
              "pending": false,
              "context": null,
              "code": "const response = await QoinAPI.deleteLokasi(id, token)\n//result\nassert.equal(response.status, 200)\n//schema\nexpect(response.data).to.be.jsonSchema(schema.VALIDATE_DELETE_LOKASI_SCHEMA)",
              "err": {},
              "uuid": "10857869-55ed-48e4-8cf3-c3655dd164fc",
              "parentUUID": "364874c1-e7ac-4579-9306-f01b49ce5e99",
              "isHook": false,
              "skipped": false
            },
            {
              "title": "Get dan Cek Image Lokasi",
              "fullTitle": "Web lokasi Get dan Cek Image Lokasi",
              "timedOut": false,
              "duration": 129,
              "state": "passed",
              "speed": "slow",
              "pass": true,
              "fail": false,
              "pending": false,
              "context": null,
              "code": "const response = await QoinAPI.getImagelokasi(id, token)\n//result\nassert.equal(response.status, 200)\n//schema\nexpect(response.data).to.be.jsonSchema(schema.VALIDATE_GETIMAGELOKASI_SCHEMA)",
              "err": {},
              "uuid": "e59eff3f-4824-443e-ab05-681708ec7c72",
              "parentUUID": "364874c1-e7ac-4579-9306-f01b49ce5e99",
              "isHook": false,
              "skipped": false
            },
            {
              "title": "Get Fasilitas Lokasi",
              "fullTitle": "Web lokasi Get Fasilitas Lokasi",
              "timedOut": false,
              "duration": 147,
              "state": "passed",
              "speed": "slow",
              "pass": true,
              "fail": false,
              "pending": false,
              "context": null,
              "code": "const response = await QoinAPI.getFasilitaslokasi(id, token)\n//result\nassert.equal(response.status, 200)\n//schema\nexpect(response.data).to.be.jsonSchema(schema.VALIDATE_GETFASILITASLOKASI_SCHEMA)",
              "err": {},
              "uuid": "a1ac5dfa-69de-45b2-9603-7e84978e22ca",
              "parentUUID": "364874c1-e7ac-4579-9306-f01b49ce5e99",
              "isHook": false,
              "skipped": false
            },
            {
              "title": "Get Lokasi By Id",
              "fullTitle": "Web lokasi Get Lokasi By Id",
              "timedOut": false,
              "duration": 132,
              "state": "passed",
              "speed": "slow",
              "pass": true,
              "fail": false,
              "pending": false,
              "context": null,
              "code": "const response = await QoinAPI.getLokasibyid(id, token)\n//result\n// assert.equal(response.status, 200)\n// expect(response.data).to.be.jsonSchema(schema.VALIDATE_GETLOKASIBYID_SCHEMA)",
              "err": {},
              "uuid": "32b7a2c5-b132-4d59-8046-76af9d08b22f",
              "parentUUID": "364874c1-e7ac-4579-9306-f01b49ce5e99",
              "isHook": false,
              "skipped": false
            }
          ],
          "suites": [],
          "passes": [
            "5e53d937-6faf-4384-a06f-dc2f0397ecae",
            "d3f5119b-515e-46f4-9935-05fc850ea887",
            "c55c17f8-e7cd-4232-a474-c4ce6806bd56",
            "3b67ff0e-e769-4c37-8c62-3254256bba45",
            "10857869-55ed-48e4-8cf3-c3655dd164fc",
            "e59eff3f-4824-443e-ab05-681708ec7c72",
            "a1ac5dfa-69de-45b2-9603-7e84978e22ca",
            "32b7a2c5-b132-4d59-8046-76af9d08b22f"
          ],
          "failures": [],
          "pending": [],
          "skipped": [],
          "duration": 2150,
          "root": false,
          "rootEmpty": false,
          "_timeout": 50000
        },
        {
          "uuid": "0ee0bf5f-3425-4f1d-a688-b2b2abd1d5d0",
          "title": "Mobile lokasi",
          "fullFile": "/home/ardan/Ardan/QA/Automation Test/Git/dev-ardan/test/scenarios/SentraLokasi_Lokasi.test.js",
          "file": "/test/scenarios/SentraLokasi_Lokasi.test.js",
          "beforeHooks": [],
          "afterHooks": [],
          "tests": [
            {
              "title": "Get haversin circle",
              "fullTitle": "Mobile lokasi Get haversin circle",
              "timedOut": false,
              "duration": 124,
              "state": "passed",
              "speed": "slow",
              "pass": true,
              "fail": false,
              "pending": false,
              "context": null,
              "code": "const response = await QoinAPI.get_haversin_circle(token_mobile);\n    \nassert.equal(response.status, 200)\nexpect(response.data).to.be.jsonSchema(schema.VALIDATE_HAVERSINCIRCLE_SCHEMA)",
              "err": {},
              "uuid": "17c2ffb9-2007-44c8-bf04-8050a05101f9",
              "parentUUID": "0ee0bf5f-3425-4f1d-a688-b2b2abd1d5d0",
              "isHook": false,
              "skipped": false
            },
            {
              "title": "Get haversin circle by kategori",
              "fullTitle": "Mobile lokasi Get haversin circle by kategori",
              "timedOut": false,
              "duration": 130,
              "state": "passed",
              "speed": "slow",
              "pass": true,
              "fail": false,
              "pending": false,
              "context": null,
              "code": "const response = await QoinAPI.get_haversin_circle_bykategori(id, token_mobile);\n    \nassert.equal(response.status, 200)\nexpect(response.data).to.be.jsonSchema(schema.VALIDATE_HAVERSINCIRCLE_BYKATEGORI_SCHEMA)",
              "err": {},
              "uuid": "ccb35d53-a7d8-41f7-a835-ebaa1603e0b6",
              "parentUUID": "0ee0bf5f-3425-4f1d-a688-b2b2abd1d5d0",
              "isHook": false,
              "skipped": false
            },
            {
              "title": "Get haversin lokasi by id",
              "fullTitle": "Mobile lokasi Get haversin lokasi by id",
              "timedOut": false,
              "duration": 146,
              "state": "passed",
              "speed": "slow",
              "pass": true,
              "fail": false,
              "pending": false,
              "context": null,
              "code": "const response = await QoinAPI.get_lokasi_byid(id, token_mobile);\n    \nassert.equal(response.status, 200)\nexpect(response.data).to.be.jsonSchema(schema.VALIDATE_KATEGORIBYID_SCHEMA)",
              "err": {},
              "uuid": "ea60d9d6-ca1a-4b9f-bb87-74d796b5c661",
              "parentUUID": "0ee0bf5f-3425-4f1d-a688-b2b2abd1d5d0",
              "isHook": false,
              "skipped": false
            }
          ],
          "suites": [],
          "passes": [
            "17c2ffb9-2007-44c8-bf04-8050a05101f9",
            "ccb35d53-a7d8-41f7-a835-ebaa1603e0b6",
            "ea60d9d6-ca1a-4b9f-bb87-74d796b5c661"
          ],
          "failures": [],
          "pending": [],
          "skipped": [],
          "duration": 400,
          "root": false,
          "rootEmpty": false,
          "_timeout": 50000
        }
      ],
      "passes": [],
      "failures": [],
      "pending": [],
      "skipped": [],
      "duration": 0,
      "root": true,
      "rootEmpty": true,
      "_timeout": 50000
    }
  ],
  "meta": {
    "mocha": {
      "version": "10.0.0"
    },
    "mochawesome": {
      "options": {
        "quiet": false,
        "reportFilename": "mochawesome",
        "saveHtml": true,
        "saveJson": true,
        "consoleReporter": "spec",
        "useInlineDiffs": false,
        "code": true
      },
      "version": "7.1.3"
    },
    "marge": {
      "options": {
        "reportDir": "reports"
      },
      "version": "6.2.0"
    }
  }
}