{
  "stats": {
    "suites": 1,
    "tests": 1,
    "passes": 1,
    "pending": 0,
    "failures": 0,
    "start": "2022-10-06T06:21:05.377Z",
    "end": "2022-10-06T06:21:05.665Z",
    "duration": 288,
    "testsRegistered": 1,
    "passPercent": 100,
    "pendingPercent": 0,
    "other": 0,
    "hasOther": false,
    "skipped": 0,
    "hasSkipped": false
  },
  "results": [
    {
      "uuid": "591807d2-0692-473a-88c6-d4351659ae36",
      "title": "",
      "fullFile": "E:\\Qoin Automation\\qoin_mocha\\test\\scenarios\\sentra lokasi\\SentraLokasi_Lokasi_WebAdmin.test.js",
      "file": "\\test\\scenarios\\sentra lokasi\\SentraLokasi_Lokasi_WebAdmin.test.js",
      "beforeHooks": [],
      "afterHooks": [],
      "tests": [],
      "suites": [
        {
          "uuid": "e3b687e5-a9e7-41e5-9ea4-770fe7812502",
          "title": "Web",
          "fullFile": "E:\\Qoin Automation\\qoin_mocha\\test\\scenarios\\sentra lokasi\\SentraLokasi_Lokasi_WebAdmin.test.js",
          "file": "\\test\\scenarios\\sentra lokasi\\SentraLokasi_Lokasi_WebAdmin.test.js",
          "beforeHooks": [],
          "afterHooks": [],
          "tests": [
            {
              "title": "Get Fasilitas Lokasi",
              "fullTitle": "Web Get Fasilitas Lokasi",
              "timedOut": false,
              "duration": 145,
              "state": "passed",
              "speed": "slow",
              "pass": true,
              "fail": false,
              "pending": false,
              "context": null,
              "code": "const response = await QoinAPI.getFasilitaslokasi()\n//result\nassert.equal(response.status, 200)\n//schema\nexpect(response.data).to.be.jsonSchema(schema.VALIDATE_GETFASILITASLOKASI_SCHEMA)",
              "err": {},
              "uuid": "c7114a94-73a4-4030-a84a-c916923192b2",
              "parentUUID": "e3b687e5-a9e7-41e5-9ea4-770fe7812502",
              "isHook": false,
              "skipped": false
            }
          ],
          "suites": [],
          "passes": [
            "c7114a94-73a4-4030-a84a-c916923192b2"
          ],
          "failures": [],
          "pending": [],
          "skipped": [],
          "duration": 145,
          "root": false,
          "rootEmpty": false,
          "_timeout": 50000
        }
      ],
      "passes": [],
      "failures": [],
      "pending": [],
      "skipped": [],
      "duration": 0,
      "root": true,
      "rootEmpty": true,
      "_timeout": 50000
    }
  ],
  "meta": {
    "mocha": {
      "version": "10.0.0"
    },
    "mochawesome": {
      "options": {
        "quiet": false,
        "reportFilename": "mochawesome",
        "saveHtml": true,
        "saveJson": true,
        "consoleReporter": "spec",
        "useInlineDiffs": false,
        "code": true
      },
      "version": "7.1.3"
    },
    "marge": {
      "options": {
        "reportDir": "reports"
      },
      "version": "6.2.0"
    }
  }
}