{
  "stats": {
    "suites": 4,
    "tests": 16,
    "passes": 16,
    "pending": 0,
    "failures": 0,
    "start": "2022-10-13T08:32:21.171Z",
    "end": "2022-10-13T08:32:23.804Z",
    "duration": 2633,
    "testsRegistered": 16,
    "passPercent": 100,
    "pendingPercent": 0,
    "other": 0,
    "hasOther": false,
    "skipped": 0,
    "hasSkipped": false
  },
  "results": [
    {
      "uuid": "5f2fc261-2e6e-49c5-a0c0-866abbc86f9f",
      "title": "",
      "fullFile": "",
      "file": "",
      "beforeHooks": [],
      "afterHooks": [],
      "tests": [],
      "suites": [
        {
          "uuid": "a0759dd1-2a57-4c8e-bcdb-ab33d84794ab",
          "title": "Web kategori lokasi",
          "fullFile": "/home/ardan/Ardan/QA/Automation Test/Git/dev-ardan/test/scenarios/SentraLokasi_Kategori.test.js",
          "file": "/test/scenarios/SentraLokasi_Kategori.test.js",
          "beforeHooks": [],
          "afterHooks": [],
          "tests": [
            {
              "title": "Add kategori lokasi",
              "fullTitle": "Web kategori lokasi Add kategori lokasi",
              "timedOut": false,
              "duration": 154,
              "state": "passed",
              "speed": "slow",
              "pass": true,
              "fail": false,
              "pending": false,
              "context": null,
              "code": "const response = await QoinAPI.createkategoriLokasi(token, data.VALID_ADDKATEGORI)\n//validasi\n\n    const data_res = Object.fromEntries(\n    Object.entries(response.data.data).map(([key, value]) => [key, typeof value == 'string' ? value.toLowerCase() : value])\n    );\n    const data_in = Object.fromEntries(\n    Object.entries(data.VALID_ADDKATEGORI).map(([key, value]) => [key, typeof value == 'string' ? value.toLowerCase() : value])\n    );\n    \n    //result\n    assert.equal(response.status, 200)\n  //validasi exclude\n  assert.deepEqualExcluding(data_res, data_in, ['created_at', 'icon', 'is_active','updated_at'])\n//schema BELUM BISA : EXPECTED DELETED_AT\n// expect(response.data).to.be.jsonSchema(schema.VALIDATE_ADD_KATEGORILOKASI_SCHEMA)",
              "err": {},
              "uuid": "5e87cfa0-b001-4356-821a-ecd52918a69b",
              "parentUUID": "a0759dd1-2a57-4c8e-bcdb-ab33d84794ab",
              "isHook": false,
              "skipped": false
            },
            {
              "title": "Get detail kategori lokasi",
              "fullTitle": "Web kategori lokasi Get detail kategori lokasi",
              "timedOut": false,
              "duration": 162,
              "state": "passed",
              "speed": "slow",
              "pass": true,
              "fail": false,
              "pending": false,
              "context": null,
              "code": "const response = await QoinAPI.getdetailkategoriLokasi(id, token)\n//result\nassert.equal(response.status, 200)\n//schema\n//expect(response.data).to.be.jsonSchema(schema.VALIDATE_GETDETAILKATEGORILOKASI)",
              "err": {},
              "uuid": "3279f191-db0c-409c-9c9d-29f4345f9b46",
              "parentUUID": "a0759dd1-2a57-4c8e-bcdb-ab33d84794ab",
              "isHook": false,
              "skipped": false
            },
            {
              "title": "Update kategori lokasi",
              "fullTitle": "Web kategori lokasi Update kategori lokasi",
              "timedOut": false,
              "duration": 143,
              "state": "passed",
              "speed": "slow",
              "pass": true,
              "fail": false,
              "pending": false,
              "context": null,
              "code": "const idUpdate = 3\nconst response = await QoinAPI.updatekategoriLokasi(idUpdate, data.VALID_UPDATEKATEGORI, token)\n//validasi\nconst data_res = Object.fromEntries(\n    Object.entries(response.data.data).map(([key, value]) => [key, typeof value == 'string' ? value.toLowerCase() : value])\n    );\n    const data_in = Object.fromEntries(\n    Object.entries(data.VALID_UPDATEKATEGORI).map(([key, value]) => [key, typeof value == 'string' ? value.toLowerCase() : value])\n    );\n    \n    //result\n    assert.equal(response.status, 200)\n  //exclude\n  assert.deepEqualExcluding(data_res, data_in, ['created_at', 'icon','updated_at', 'deleted_at', 'id'])\n//schema BELUM BISA : KURANG LINK_PICTURE\n// expect(response.data).to.be.jsonSchema(schema.VALIDATE_UPDATE_KATEGORILOKASI_SCHEMA)",
              "err": {},
              "uuid": "29306caa-31c4-4d49-91da-67abef643968",
              "parentUUID": "a0759dd1-2a57-4c8e-bcdb-ab33d84794ab",
              "isHook": false,
              "skipped": false
            },
            {
              "title": "Delete kategori lokasi",
              "fullTitle": "Web kategori lokasi Delete kategori lokasi",
              "timedOut": false,
              "duration": 162,
              "state": "passed",
              "speed": "slow",
              "pass": true,
              "fail": false,
              "pending": false,
              "context": null,
              "code": "const response = await QoinAPI.deletekategoriLokasi(id, token)\n//result\nassert.equal(response.status, 200)\nexpect(response.data).to.be.jsonSchema(schema.VALIDATE_DELETE_KATEGORILOKASI_SCHEMA)",
              "err": {},
              "uuid": "450178b3-fc32-4890-9431-54f72634bfea",
              "parentUUID": "a0759dd1-2a57-4c8e-bcdb-ab33d84794ab",
              "isHook": false,
              "skipped": false
            }
          ],
          "suites": [],
          "passes": [
            "5e87cfa0-b001-4356-821a-ecd52918a69b",
            "3279f191-db0c-409c-9c9d-29f4345f9b46",
            "29306caa-31c4-4d49-91da-67abef643968",
            "450178b3-fc32-4890-9431-54f72634bfea"
          ],
          "failures": [],
          "pending": [],
          "skipped": [],
          "duration": 621,
          "root": false,
          "rootEmpty": false,
          "_timeout": 50000
        },
        {
          "uuid": "7af28450-2dc8-4d42-a3d2-cb5bfa87324a",
          "title": "Mobile kategori lokasi",
          "fullFile": "/home/ardan/Ardan/QA/Automation Test/Git/dev-ardan/test/scenarios/SentraLokasi_Kategori.test.js",
          "file": "/test/scenarios/SentraLokasi_Kategori.test.js",
          "beforeHooks": [],
          "afterHooks": [],
          "tests": [
            {
              "title": "Get kategori lokasi",
              "fullTitle": "Mobile kategori lokasi Get kategori lokasi",
              "timedOut": false,
              "duration": 187,
              "state": "passed",
              "speed": "slow",
              "pass": true,
              "fail": false,
              "pending": false,
              "context": null,
              "code": "const response = await QoinAPI.get_lokasi(token_mobile);\n    \nassert.equal(response.status, 200)\n//schema belum nyoba\n// expect(response.data).to.be.jsonSchema(schema.VALIDATE_LOKASI_SCHEMA)",
              "err": {},
              "uuid": "d33772d6-ce66-4005-a0a3-f0d9e1a12c05",
              "parentUUID": "7af28450-2dc8-4d42-a3d2-cb5bfa87324a",
              "isHook": false,
              "skipped": false
            }
          ],
          "suites": [],
          "passes": [
            "d33772d6-ce66-4005-a0a3-f0d9e1a12c05"
          ],
          "failures": [],
          "pending": [],
          "skipped": [],
          "duration": 187,
          "root": false,
          "rootEmpty": false,
          "_timeout": 50000
        },
        {
          "uuid": "38f1fd6d-73d7-4290-af86-e636fa229223",
          "title": "Web lokasi",
          "fullFile": "/home/ardan/Ardan/QA/Automation Test/Git/dev-ardan/test/scenarios/SentraLokasi_Lokasi.test.js",
          "file": "/test/scenarios/SentraLokasi_Lokasi.test.js",
          "beforeHooks": [],
          "afterHooks": [],
          "tests": [
            {
              "title": "Add lokasi",
              "fullTitle": "Web lokasi Add lokasi",
              "timedOut": false,
              "duration": 151,
              "state": "passed",
              "speed": "slow",
              "pass": true,
              "fail": false,
              "pending": false,
              "context": null,
              "code": "const response = await QoinAPI.addLokasi(data.VALID_ADDLOKASI, token)\n//result\nassert.equal(response.status, 200)\n//response data\nconst data_res_data = Object.fromEntries(\n    Object.entries(response.data.data['data']).map(([key, value]) => [key, typeof value == 'string' ? value.toLowerCase() : value])\n    );\nconst data_res_fasilitas = Object.fromEntries(\n    Object.entries(response.data.data['fasilitas']).map(([key, value]) => [key, typeof value == 'string' ? value.toLowerCase() : value])\n  );\nconst data_in_data = Object.fromEntries(\n    Object.entries(data.VALID_ADDLOKASI['data']).map(([key, value]) => [key, typeof value == 'string' ? value.toLowerCase() : value])\n  );\nconst data_in_fasilitas = Object.fromEntries(\n    Object.entries(data.VALID_ADDLOKASI['fasilitas']).map(([key, value]) => [key, typeof value == 'string' ? value.toLowerCase() : value])\n  );           \n  //validasi exclude\n  assert.deepEqualExcludingEvery(data_res_data, data_in_data, ['deleted_at', 'created_at', 'alamat', 'description', 'id', 'updated_at', 'is_active', 'm_lokasi_id'])\n\n//schema\nexpect(response.data).to.be.jsonSchema(schema.VALIDATE_ADD_LOKASI_SCHEMA)",
              "err": {},
              "uuid": "24952e16-db23-4cd5-9f24-1667756436fc",
              "parentUUID": "38f1fd6d-73d7-4290-af86-e636fa229223",
              "isHook": false,
              "skipped": false
            },
            {
              "title": "Add multi lokasi",
              "fullTitle": "Web lokasi Add multi lokasi",
              "timedOut": false,
              "duration": 171,
              "state": "passed",
              "speed": "slow",
              "pass": true,
              "fail": false,
              "pending": false,
              "context": null,
              "code": "const response = await QoinAPI.addMultilokasi(data.VALID_ADDMULTILOKASI, token)\n//result\nassert.equal(response.status, 200)\n//response data\nconst data_res_data = Object.fromEntries(\n    Object.entries(response.data.data[0].data).map(([key, value]) => [key, typeof value == 'string' ? value.toLowerCase() : value])\n    );\nconst data_res_fasilitas = Object.fromEntries(\n    Object.entries(response.data.data[0].fasilitas).map(([key, value]) => [key, typeof value == 'string' ? value.toLowerCase() : value])\n  );\nconst data_in_data = Object.fromEntries(\n    Object.entries(data.VALID_ADDMULTILOKASI[0].data).map(([key, value]) => [key, typeof value == 'string' ? value.toLowerCase() : value])\n  );\nconst data_in_fasilitas = Object.fromEntries(\n    Object.entries(data.VALID_ADDMULTILOKASI[0].fasilitas).map(([key, value]) => [key, typeof value == 'string' ? value.toLowerCase() : value])\n  );           \n  //validasi exclude\n  assert.deepEqualExcludingEvery(data_res_data, data_in_data, ['deleted_at', 'created_at', 'alamat', 'description', 'id', 'updated_at', 'is_active', 'm_lokasi_id'])\n//schema\nexpect(response.data).to.be.jsonSchema(schema.VALIDATE_ADDSENTRAMULTILOKASI_WEBADMIN_SCHEMA)",
              "err": {},
              "uuid": "4013b826-15a8-4ca9-ad26-be6a0093d893",
              "parentUUID": "38f1fd6d-73d7-4290-af86-e636fa229223",
              "isHook": false,
              "skipped": false
            },
            {
              "title": "Get dan Cek Data Multi Lokasi",
              "fullTitle": "Web lokasi Get dan Cek Data Multi Lokasi",
              "timedOut": false,
              "duration": 152,
              "state": "passed",
              "speed": "slow",
              "pass": true,
              "fail": false,
              "pending": false,
              "context": null,
              "code": "const response = await QoinAPI.getLokasi(token)\n//result\nassert.equal(response.status, 200)\n//schema\nexpect(response.data).to.be.jsonSchema(schema.VALIDATE_GETSENTRALOKASI_WEBADMIN_SCHEMA)",
              "err": {},
              "uuid": "46d3c998-9c6e-4028-b6c3-34d0a647cece",
              "parentUUID": "38f1fd6d-73d7-4290-af86-e636fa229223",
              "isHook": false,
              "skipped": false
            },
            {
              "title": "Edit lokasi",
              "fullTitle": "Web lokasi Edit lokasi",
              "timedOut": false,
              "duration": 179,
              "state": "passed",
              "speed": "slow",
              "pass": true,
              "fail": false,
              "pending": false,
              "context": null,
              "code": "const response = await QoinAPI.updateLokasi(id, data.VALID_PUTLOKASI, token)\n//result\nassert.equal(response.status, 200)\n//response data\nconst data_res_data = Object.fromEntries(\n    Object.entries(response.data.data['data']).map(([key, value]) => [key, typeof value == 'string' ? value.toLowerCase() : value])\n    );\nconst data_res_fasilitas = Object.fromEntries(\n    Object.entries(response.data.data['fasilitas']).map(([key, value]) => [key, typeof value == 'string' ? value.toLowerCase() : value])\n  );\nconst data_in_data = Object.fromEntries(\n    Object.entries(data.VALID_PUTLOKASI['data']).map(([key, value]) => [key, typeof value == 'string' ? value.toLowerCase() : value])\n  );\nconst data_in_fasilitas = Object.fromEntries(\n    Object.entries(data.VALID_PUTLOKASI['fasilitas']).map(([key, value]) => [key, typeof value == 'string' ? value.toLowerCase() : value])\n  );           \n  //validasi exclude\n  assert.deepEqualExcludingEvery(data_res_data, data_in_data, ['deleted_at', 'created_at', 'alamat', 'description', 'id', 'updated_at', 'is_active', 'm_lokasi_id'])\n//schema\nexpect(response.data).to.be.jsonSchema(schema.VALIDATE_EDIT_LOKASI_SCHEMA)",
              "err": {},
              "uuid": "e0f6c97d-672b-4d6f-acd2-4bece8ea4c00",
              "parentUUID": "38f1fd6d-73d7-4290-af86-e636fa229223",
              "isHook": false,
              "skipped": false
            },
            {
              "title": "Hapus lokasi",
              "fullTitle": "Web lokasi Hapus lokasi",
              "timedOut": false,
              "duration": 170,
              "state": "passed",
              "speed": "slow",
              "pass": true,
              "fail": false,
              "pending": false,
              "context": null,
              "code": "const response = await QoinAPI.deleteLokasi(id, token)\n//result\nassert.equal(response.status, 200)\n//schema\nexpect(response.data).to.be.jsonSchema(schema.VALIDATE_DELETE_LOKASI_SCHEMA)",
              "err": {},
              "uuid": "ff47609f-75bd-4d3b-9308-19e9162c1111",
              "parentUUID": "38f1fd6d-73d7-4290-af86-e636fa229223",
              "isHook": false,
              "skipped": false
            },
            {
              "title": "Get dan Cek Image Lokasi",
              "fullTitle": "Web lokasi Get dan Cek Image Lokasi",
              "timedOut": false,
              "duration": 187,
              "state": "passed",
              "speed": "slow",
              "pass": true,
              "fail": false,
              "pending": false,
              "context": null,
              "code": "const response = await QoinAPI.getImagelokasi(id, token)\n//result\nassert.equal(response.status, 200)\n//schema\nexpect(response.data).to.be.jsonSchema(schema.VALIDATE_GETIMAGELOKASI_SCHEMA)",
              "err": {},
              "uuid": "e96a1e0c-c064-419d-a5fe-9a9e92e8d797",
              "parentUUID": "38f1fd6d-73d7-4290-af86-e636fa229223",
              "isHook": false,
              "skipped": false
            },
            {
              "title": "Get Fasilitas Lokasi",
              "fullTitle": "Web lokasi Get Fasilitas Lokasi",
              "timedOut": false,
              "duration": 153,
              "state": "passed",
              "speed": "slow",
              "pass": true,
              "fail": false,
              "pending": false,
              "context": null,
              "code": "const response = await QoinAPI.getFasilitaslokasi(id, token)\n//result\nassert.equal(response.status, 200)\n//schema\nexpect(response.data).to.be.jsonSchema(schema.VALIDATE_GETFASILITASLOKASI_SCHEMA)",
              "err": {},
              "uuid": "a12215db-f7be-4a5f-ad11-137d353658bd",
              "parentUUID": "38f1fd6d-73d7-4290-af86-e636fa229223",
              "isHook": false,
              "skipped": false
            },
            {
              "title": "Get Lokasi By Id",
              "fullTitle": "Web lokasi Get Lokasi By Id",
              "timedOut": false,
              "duration": 174,
              "state": "passed",
              "speed": "slow",
              "pass": true,
              "fail": false,
              "pending": false,
              "context": null,
              "code": "const response = await QoinAPI.getLokasibyid(id, token)\n//result\n// assert.equal(response.status, 200)\n// expect(response.data).to.be.jsonSchema(schema.VALIDATE_GETLOKASIBYID_SCHEMA)",
              "err": {},
              "uuid": "fa837248-382d-4231-9fc2-3f8cf89f298a",
              "parentUUID": "38f1fd6d-73d7-4290-af86-e636fa229223",
              "isHook": false,
              "skipped": false
            }
          ],
          "suites": [],
          "passes": [
            "24952e16-db23-4cd5-9f24-1667756436fc",
            "4013b826-15a8-4ca9-ad26-be6a0093d893",
            "46d3c998-9c6e-4028-b6c3-34d0a647cece",
            "e0f6c97d-672b-4d6f-acd2-4bece8ea4c00",
            "ff47609f-75bd-4d3b-9308-19e9162c1111",
            "e96a1e0c-c064-419d-a5fe-9a9e92e8d797",
            "a12215db-f7be-4a5f-ad11-137d353658bd",
            "fa837248-382d-4231-9fc2-3f8cf89f298a"
          ],
          "failures": [],
          "pending": [],
          "skipped": [],
          "duration": 1337,
          "root": false,
          "rootEmpty": false,
          "_timeout": 50000
        },
        {
          "uuid": "a3ae64fd-4a7c-421b-be83-a3af301be3b3",
          "title": "Mobile lokasi",
          "fullFile": "/home/ardan/Ardan/QA/Automation Test/Git/dev-ardan/test/scenarios/SentraLokasi_Lokasi.test.js",
          "file": "/test/scenarios/SentraLokasi_Lokasi.test.js",
          "beforeHooks": [],
          "afterHooks": [],
          "tests": [
            {
              "title": "Get haversin circle",
              "fullTitle": "Mobile lokasi Get haversin circle",
              "timedOut": false,
              "duration": 147,
              "state": "passed",
              "speed": "slow",
              "pass": true,
              "fail": false,
              "pending": false,
              "context": null,
              "code": "const response = await QoinAPI.get_haversin_circle(token_mobile);\n    \nassert.equal(response.status, 200)\nexpect(response.data).to.be.jsonSchema(schema.VALIDATE_HAVERSINCIRCLE_SCHEMA)",
              "err": {},
              "uuid": "00bbdb35-0a8b-42e0-a5f8-e93593287c4a",
              "parentUUID": "a3ae64fd-4a7c-421b-be83-a3af301be3b3",
              "isHook": false,
              "skipped": false
            },
            {
              "title": "Get haversin circle by kategori",
              "fullTitle": "Mobile lokasi Get haversin circle by kategori",
              "timedOut": false,
              "duration": 137,
              "state": "passed",
              "speed": "slow",
              "pass": true,
              "fail": false,
              "pending": false,
              "context": null,
              "code": "const response = await QoinAPI.get_haversin_circle_bykategori(id, token_mobile);\n    \nassert.equal(response.status, 200)\nexpect(response.data).to.be.jsonSchema(schema.VALIDATE_HAVERSINCIRCLE_BYKATEGORI_SCHEMA)",
              "err": {},
              "uuid": "6ebe8ba6-16f1-42ca-b593-67437c998ba9",
              "parentUUID": "a3ae64fd-4a7c-421b-be83-a3af301be3b3",
              "isHook": false,
              "skipped": false
            },
            {
              "title": "Get haversin lokasi by id",
              "fullTitle": "Mobile lokasi Get haversin lokasi by id",
              "timedOut": false,
              "duration": 159,
              "state": "passed",
              "speed": "slow",
              "pass": true,
              "fail": false,
              "pending": false,
              "context": null,
              "code": "const response = await QoinAPI.get_lokasi_byid(id, token_mobile);\n    \nassert.equal(response.status, 200)\nexpect(response.data).to.be.jsonSchema(schema.VALIDATE_KATEGORIBYID_SCHEMA)",
              "err": {},
              "uuid": "65fdb3f6-e17c-4896-b453-39f738cb147d",
              "parentUUID": "a3ae64fd-4a7c-421b-be83-a3af301be3b3",
              "isHook": false,
              "skipped": false
            }
          ],
          "suites": [],
          "passes": [
            "00bbdb35-0a8b-42e0-a5f8-e93593287c4a",
            "6ebe8ba6-16f1-42ca-b593-67437c998ba9",
            "65fdb3f6-e17c-4896-b453-39f738cb147d"
          ],
          "failures": [],
          "pending": [],
          "skipped": [],
          "duration": 443,
          "root": false,
          "rootEmpty": false,
          "_timeout": 50000
        }
      ],
      "passes": [],
      "failures": [],
      "pending": [],
      "skipped": [],
      "duration": 0,
      "root": true,
      "rootEmpty": true,
      "_timeout": 50000
    }
  ],
  "meta": {
    "mocha": {
      "version": "10.0.0"
    },
    "mochawesome": {
      "options": {
        "quiet": false,
        "reportFilename": "mochawesome",
        "saveHtml": true,
        "saveJson": true,
        "consoleReporter": "spec",
        "useInlineDiffs": false,
        "code": true
      },
      "version": "7.1.3"
    },
    "marge": {
      "options": {
        "reportDir": "reports"
      },
      "version": "6.2.0"
    }
  }
}