{
  "stats": {
    "suites": 1,
    "tests": 1,
    "passes": 0,
    "pending": 0,
    "failures": 1,
    "start": "2022-10-24T02:08:17.028Z",
    "end": "2022-10-24T02:08:18.339Z",
    "duration": 1311,
    "testsRegistered": 1,
    "passPercent": 0,
    "pendingPercent": 0,
    "other": 0,
    "hasOther": false,
    "skipped": 0,
    "hasSkipped": false
  },
  "results": [
    {
      "uuid": "247769ec-414b-46c6-95c9-15192ba0a381",
      "title": "",
      "fullFile": "C:\\xampp73\\htdocs\\qoin_mocha\\test\\scenarios\\SentraLokasi_Kategori.test.js",
      "file": "\\test\\scenarios\\SentraLokasi_Kategori.test.js",
      "beforeHooks": [],
      "afterHooks": [],
      "tests": [],
      "suites": [
        {
          "uuid": "506de351-9483-4c94-833b-0d03c450f946",
          "title": "Mobile kategori lokasi",
          "fullFile": "C:\\xampp73\\htdocs\\qoin_mocha\\test\\scenarios\\SentraLokasi_Kategori.test.js",
          "file": "\\test\\scenarios\\SentraLokasi_Kategori.test.js",
          "beforeHooks": [],
          "afterHooks": [],
          "tests": [
            {
              "title": "Get kategori lokasi",
              "fullTitle": "Mobile kategori lokasi Get kategori lokasi",
              "timedOut": false,
              "duration": 1304,
              "state": "failed",
              "speed": null,
              "pass": false,
              "fail": true,
              "pending": false,
              "context": null,
              "code": "var log = console.log();\nconst response = await PostmanAPI.getCollection();\n// print(response);\n// const response = await QoinAPI.get_lokasi(token_mobile);\n//\nreturn log.apply(log,\"a\")\n// assert.equal(response.status, 200);\n//schema belum nyoba\n// expect(response.data).to.be.jsonSchema(schema.VALIDATE_LOKASI_SCHEMA)",
              "err": {
                "message": "TypeError: Cannot read property 'apply' of undefined",
                "estack": "TypeError: Cannot read property 'apply' of undefined\n    at Context.<anonymous> (file:///C:/xampp73/htdocs/qoin_mocha/test/scenarios/SentraLokasi_Kategori.test.js:109:20)\n    at processTicksAndRejections (internal/process/task_queues.js:95:5)",
                "diff": null
              },
              "uuid": "b50d31f6-4af6-40c8-8fc2-149ea483ca45",
              "parentUUID": "506de351-9483-4c94-833b-0d03c450f946",
              "isHook": false,
              "skipped": false
            }
          ],
          "suites": [],
          "passes": [],
          "failures": [
            "b50d31f6-4af6-40c8-8fc2-149ea483ca45"
          ],
          "pending": [],
          "skipped": [],
          "duration": 1304,
          "root": false,
          "rootEmpty": false,
          "_timeout": 180000
        }
      ],
      "passes": [],
      "failures": [],
      "pending": [],
      "skipped": [],
      "duration": 0,
      "root": true,
      "rootEmpty": true,
      "_timeout": 180000
    }
  ],
  "meta": {
    "mocha": {
      "version": "10.0.0"
    },
    "mochawesome": {
      "options": {
        "quiet": false,
        "reportFilename": "mochawesome",
        "saveHtml": true,
        "saveJson": true,
        "consoleReporter": "spec",
        "useInlineDiffs": false,
        "code": true
      },
      "version": "7.1.3"
    },
    "marge": {
      "options": {
        "reportDir": "reports"
      },
      "version": "6.2.0"
    }
  }
}