{
  "stats": {
    "suites": 1,
    "tests": 1,
    "passes": 0,
    "pending": 0,
    "failures": 1,
    "start": "2022-10-11T07:08:01.485Z",
    "end": "2022-10-11T07:08:02.763Z",
    "duration": 1278,
    "testsRegistered": 1,
    "passPercent": 0,
    "pendingPercent": 0,
    "other": 0,
    "hasOther": false,
    "skipped": 0,
    "hasSkipped": false
  },
  "results": [
    {
      "uuid": "8280e725-fb00-4d4b-b225-392d910bbb25",
      "title": "",
      "fullFile": "D:\\Venturo\\QOIN\\qoin_mocha\\test\\scenarios\\SentraLokasi_Lokasi.test.js",
      "file": "\\test\\scenarios\\SentraLokasi_Lokasi.test.js",
      "beforeHooks": [],
      "afterHooks": [],
      "tests": [],
      "suites": [
        {
          "uuid": "cd94813d-6bb7-4716-af7d-26877efc2930",
          "title": "Web lokasi",
          "fullFile": "D:\\Venturo\\QOIN\\qoin_mocha\\test\\scenarios\\SentraLokasi_Lokasi.test.js",
          "file": "\\test\\scenarios\\SentraLokasi_Lokasi.test.js",
          "beforeHooks": [],
          "afterHooks": [],
          "tests": [
            {
              "title": "Get Fasilitas Lokasi",
              "fullTitle": "Web lokasi Get Fasilitas Lokasi",
              "timedOut": false,
              "duration": 1267,
              "state": "failed",
              "speed": null,
              "pass": false,
              "fail": true,
              "pending": false,
              "context": null,
              "code": "const get_id = await Getid_Lokasi()\nconst GettokenAPI = await Get_token()\nconst response = await QoinAPI.getFasilitaslokasi(get_id, GettokenAPI)\n//result\nassert.equal(response.status, 200)\n//schema\nexpect(response.data).to.be.jsonSchema(schema.VALIDATE_GETFASILITASLOKASI_SCHEMA)\nconsole.log(response.headers)\nconsole.log(response.data)",
              "err": {
                "message": "AssertionError: expected 400 to equal 200",
                "estack": "AssertionError: expected 400 to equal 200\n    at Context.<anonymous> (file:///D:/Venturo/QOIN/qoin_mocha/test/scenarios/SentraLokasi_Lokasi.test.js:111:16)\n    at processTicksAndRejections (internal/process/task_queues.js:95:5)",
                "diff": "- 400\n+ 200\n"
              },
              "uuid": "2b1c0e50-125e-4071-8f63-5459177c955a",
              "parentUUID": "cd94813d-6bb7-4716-af7d-26877efc2930",
              "isHook": false,
              "skipped": false
            }
          ],
          "suites": [],
          "passes": [],
          "failures": [
            "2b1c0e50-125e-4071-8f63-5459177c955a"
          ],
          "pending": [],
          "skipped": [],
          "duration": 1267,
          "root": false,
          "rootEmpty": false,
          "_timeout": 50000
        }
      ],
      "passes": [],
      "failures": [],
      "pending": [],
      "skipped": [],
      "duration": 0,
      "root": true,
      "rootEmpty": true,
      "_timeout": 50000
    }
  ],
  "meta": {
    "mocha": {
      "version": "10.0.0"
    },
    "mochawesome": {
      "options": {
        "quiet": false,
        "reportFilename": "mochawesome",
        "saveHtml": true,
        "saveJson": true,
        "consoleReporter": "spec",
        "useInlineDiffs": false,
        "code": true
      },
      "version": "7.1.3"
    },
    "marge": {
      "options": {
        "reportDir": "reports"
      },
      "version": "6.2.0"
    }
  }
}