{
  "stats": {
    "suites": 1,
    "tests": 1,
    "passes": 1,
    "pending": 0,
    "failures": 0,
    "start": "2022-10-13T08:55:30.680Z",
    "end": "2022-10-13T08:55:30.827Z",
    "duration": 147,
    "testsRegistered": 1,
    "passPercent": 100,
    "pendingPercent": 0,
    "other": 0,
    "hasOther": false,
    "skipped": 0,
    "hasSkipped": false
  },
  "results": [
    {
      "uuid": "c130028e-cf01-4c14-a817-98c52c284c4d",
      "title": "",
      "fullFile": "E:\\Qoin Automation\\qoin_mocha\\test\\scenarios\\SentraKependudukan_KTP.test.js",
      "file": "\\test\\scenarios\\SentraKependudukan_KTP.test.js",
      "beforeHooks": [],
      "afterHooks": [],
      "tests": [],
      "suites": [
        {
          "uuid": "a2232974-b578-40d1-a1d9-f41818a1a862",
          "title": "Web",
          "fullFile": "E:\\Qoin Automation\\qoin_mocha\\test\\scenarios\\SentraKependudukan_KTP.test.js",
          "file": "\\test\\scenarios\\SentraKependudukan_KTP.test.js",
          "beforeHooks": [],
          "afterHooks": [],
          "tests": [
            {
              "title": "Update Status konfirmasi KTP",
              "fullTitle": "Web Update Status konfirmasi KTP",
              "timedOut": false,
              "duration": 137,
              "state": "passed",
              "speed": "slow",
              "pass": true,
              "fail": false,
              "pending": false,
              "context": null,
              "code": "const response = await QoinAPI.updatekonfirmasi(id, data.VALID_STATUSKONFIRKTP, token)\n//console\n//assert.equal(response.status, 200);\nconsole.log(response.data)\n//schema\nexpect(response.data).to.be.jsonSchema(schema.VALIDATE_UPDATE_STATUS_VERIFIKASI_SCHEMA)",
              "err": {},
              "uuid": "aae6af97-c95c-4909-b4c6-0f97ca3f4d91",
              "parentUUID": "a2232974-b578-40d1-a1d9-f41818a1a862",
              "isHook": false,
              "skipped": false
            }
          ],
          "suites": [],
          "passes": [
            "aae6af97-c95c-4909-b4c6-0f97ca3f4d91"
          ],
          "failures": [],
          "pending": [],
          "skipped": [],
          "duration": 137,
          "root": false,
          "rootEmpty": false,
          "_timeout": 50000
        }
      ],
      "passes": [],
      "failures": [],
      "pending": [],
      "skipped": [],
      "duration": 0,
      "root": true,
      "rootEmpty": true,
      "_timeout": 50000
    }
  ],
  "meta": {
    "mocha": {
      "version": "10.0.0"
    },
    "mochawesome": {
      "options": {
        "quiet": false,
        "reportFilename": "mochawesome",
        "saveHtml": true,
        "saveJson": true,
        "consoleReporter": "spec",
        "useInlineDiffs": false,
        "code": true
      },
      "version": "7.1.3"
    },
    "marge": {
      "options": {
        "reportDir": "reports"
      },
      "version": "6.2.0"
    }
  }
}