{
  "stats": {
    "suites": 1,
    "tests": 10,
    "passes": 0,
    "pending": 0,
    "failures": 10,
    "start": "2022-10-11T09:49:17.558Z",
    "end": "2022-10-11T09:49:25.221Z",
    "duration": 7663,
    "testsRegistered": 10,
    "passPercent": 0,
    "pendingPercent": 0,
    "other": 0,
    "hasOther": false,
    "skipped": 0,
    "hasSkipped": false
  },
  "results": [
    {
      "uuid": "12a321a8-9b2e-4e04-9372-51a18aa3b0e6",
      "title": "",
      "fullFile": "/home/ardan/Ardan/QA/Automation Test/Git/dev-ardan/test/scenarios/SentraLokasi_Lokasi.test.js",
      "file": "/test/scenarios/SentraLokasi_Lokasi.test.js",
      "beforeHooks": [],
      "afterHooks": [],
      "tests": [],
      "suites": [
        {
          "uuid": "a96069e5-3632-4e61-82f6-7bafc858cd69",
          "title": "Web lokasi",
          "fullFile": "/home/ardan/Ardan/QA/Automation Test/Git/dev-ardan/test/scenarios/SentraLokasi_Lokasi.test.js",
          "file": "/test/scenarios/SentraLokasi_Lokasi.test.js",
          "beforeHooks": [],
          "afterHooks": [],
          "tests": [
            {
              "title": "Add lokasi",
              "fullTitle": "Web lokasi Add lokasi",
              "timedOut": false,
              "duration": 610,
              "state": "failed",
              "speed": null,
              "pass": false,
              "fail": true,
              "pending": false,
              "context": null,
              "code": "const token = await Get_token()\nconst response = await QoinAPI.addLokasi(data.VALID_ADDLOKASI, token)\n//result\nassert.equal(response.status, 200)\n//schema belum nyoba ga brani\n//expect(response.data).to.be.jsonSchema(schema)",
              "err": {
                "message": "AssertionError: expected 400 to equal 200",
                "estack": "AssertionError: expected 400 to equal 200\n    at Context.<anonymous> (file:///home/ardan/Ardan/QA/Automation%20Test/Git/dev-ardan/test/scenarios/SentraLokasi_Lokasi.test.js:21:16)\n    at processTicksAndRejections (internal/process/task_queues.js:95:5)",
                "diff": "- 400\n+ 200\n"
              },
              "uuid": "4db74d7b-c8ee-4885-be36-c9d5715479c7",
              "parentUUID": "a96069e5-3632-4e61-82f6-7bafc858cd69",
              "isHook": false,
              "skipped": false
            },
            {
              "title": "Add multi lokasi",
              "fullTitle": "Web lokasi Add multi lokasi",
              "timedOut": false,
              "duration": 777,
              "state": "failed",
              "speed": null,
              "pass": false,
              "fail": true,
              "pending": false,
              "context": null,
              "code": "const token = await Get_token()\nconst response = await QoinAPI.addMultilokasi(data.VALID_ADDMULTILOKASI, token)\n//result\nassert.equal(response.status, 200)\n//schema\n//expect(response.data).to.be.jsonSchema(schema.VALIDATE_ADDSENTRAMULTILOKASI_WEBADMIN_SCHEMA)",
              "err": {
                "message": "AssertionError: expected 400 to equal 200",
                "estack": "AssertionError: expected 400 to equal 200\n    at Context.<anonymous> (file:///home/ardan/Ardan/QA/Automation%20Test/Git/dev-ardan/test/scenarios/SentraLokasi_Lokasi.test.js:32:16)\n    at processTicksAndRejections (internal/process/task_queues.js:95:5)",
                "diff": "- 400\n+ 200\n"
              },
              "uuid": "377fcecf-3ffd-4462-b0ac-c385ddc4f152",
              "parentUUID": "a96069e5-3632-4e61-82f6-7bafc858cd69",
              "isHook": false,
              "skipped": false
            },
            {
              "title": "Get dan Cek Data Multi Lokasi",
              "fullTitle": "Web lokasi Get dan Cek Data Multi Lokasi",
              "timedOut": false,
              "duration": 563,
              "state": "failed",
              "speed": null,
              "pass": false,
              "fail": true,
              "pending": false,
              "context": null,
              "code": "const token = await Get_token()\nconst response = await QoinAPI.getLokasi(token)\n//result\nassert.equal(response.status, 200)\n//schema\n//expect(response.data).to.be.jsonSchema(schema.)",
              "err": {
                "message": "AssertionError: expected 400 to equal 200",
                "estack": "AssertionError: expected 400 to equal 200\n    at Context.<anonymous> (file:///home/ardan/Ardan/QA/Automation%20Test/Git/dev-ardan/test/scenarios/SentraLokasi_Lokasi.test.js:43:16)\n    at processTicksAndRejections (internal/process/task_queues.js:95:5)",
                "diff": "- 400\n+ 200\n"
              },
              "uuid": "91b5c7f3-254f-4098-9d4e-3b57d50cdbb2",
              "parentUUID": "a96069e5-3632-4e61-82f6-7bafc858cd69",
              "isHook": false,
              "skipped": false
            },
            {
              "title": "Edit lokasi",
              "fullTitle": "Web lokasi Edit lokasi",
              "timedOut": false,
              "duration": 634,
              "state": "failed",
              "speed": null,
              "pass": false,
              "fail": true,
              "pending": false,
              "context": null,
              "code": "const id = await Getid_Lokasi()\nconst token = await Get_token()\nconst response = await QoinAPI.updateLokasi(id, data.VALID_PUTLOKASI, token)\n//result\nassert.equal(response.status, 200)\n//schema BELUM NYOBA JUGA\n//expect(response.data).to.be.jsonSchema(schema)",
              "err": {
                "message": "AssertionError: expected 400 to equal 200",
                "estack": "AssertionError: expected 400 to equal 200\n    at Context.<anonymous> (file:///home/ardan/Ardan/QA/Automation%20Test/Git/dev-ardan/test/scenarios/SentraLokasi_Lokasi.test.js:55:16)\n    at processTicksAndRejections (internal/process/task_queues.js:95:5)",
                "diff": "- 400\n+ 200\n"
              },
              "uuid": "199bb820-332b-4b89-b7f6-d4f1eabc5712",
              "parentUUID": "a96069e5-3632-4e61-82f6-7bafc858cd69",
              "isHook": false,
              "skipped": false
            },
            {
              "title": "Add lokasi image",
              "fullTitle": "Web lokasi Add lokasi image",
              "timedOut": false,
              "duration": 550,
              "state": "failed",
              "speed": null,
              "pass": false,
              "fail": true,
              "pending": false,
              "context": null,
              "code": "const token = await Get_token()\nconst response = await QoinAPI.addImagelokasi(data.VALID_ADDLOCATIONIMAGE, token)\n//result\nassert.equal(response.status, 200)\n//schema BELUM NYOBA JUGA\n//expect(response.data).to.be.jsonSchema(schema)",
              "err": {
                "message": "AssertionError: expected 400 to equal 200",
                "estack": "AssertionError: expected 400 to equal 200\n    at Context.<anonymous> (file:///home/ardan/Ardan/QA/Automation%20Test/Git/dev-ardan/test/scenarios/SentraLokasi_Lokasi.test.js:66:16)\n    at processTicksAndRejections (internal/process/task_queues.js:95:5)",
                "diff": "- 400\n+ 200\n"
              },
              "uuid": "0fbbcb84-6cf1-4c9e-be01-16343654465e",
              "parentUUID": "a96069e5-3632-4e61-82f6-7bafc858cd69",
              "isHook": false,
              "skipped": false
            },
            {
              "title": "Get dan Cek Image Lokasi",
              "fullTitle": "Web lokasi Get dan Cek Image Lokasi",
              "timedOut": false,
              "duration": 629,
              "state": "failed",
              "speed": null,
              "pass": false,
              "fail": true,
              "pending": false,
              "context": null,
              "code": "const token = await Get_token()\nconst response = await QoinAPI.getImagelokasi(token)\n//result\nassert.equal(response.status, 200)\n//schema\n//expect(response.data).to.be.jsonSchema(schema.VALIDATE_GETIMAGELOKASI_SCHEMA)",
              "err": {
                "message": "AssertionError: expected 400 to equal 200",
                "estack": "AssertionError: expected 400 to equal 200\n    at Context.<anonymous> (file:///home/ardan/Ardan/QA/Automation%20Test/Git/dev-ardan/test/scenarios/SentraLokasi_Lokasi.test.js:77:16)\n    at processTicksAndRejections (internal/process/task_queues.js:95:5)",
                "diff": "- 400\n+ 200\n"
              },
              "uuid": "062a66a4-a9ca-41e1-abe2-1a930ec5cb30",
              "parentUUID": "a96069e5-3632-4e61-82f6-7bafc858cd69",
              "isHook": false,
              "skipped": false
            },
            {
              "title": "Get Fasilitas Lokasi",
              "fullTitle": "Web lokasi Get Fasilitas Lokasi",
              "timedOut": false,
              "duration": 430,
              "state": "failed",
              "speed": null,
              "pass": false,
              "fail": true,
              "pending": false,
              "context": null,
              "code": "const token = await Get_token()\nconst response = await QoinAPI.getFasilitaslokasi(token)\n//result\nassert.equal(response.status, 200)\n//schema\nexpect(response.data).to.be.jsonSchema(schema.VALIDATE_GETFASILITASLOKASI_SCHEMA)\n// console.log(response.headers)\n// console.log(response.data)",
              "err": {
                "message": "AssertionError: expected 401 to equal 200",
                "estack": "AssertionError: expected 401 to equal 200\n    at Context.<anonymous> (file:///home/ardan/Ardan/QA/Automation%20Test/Git/dev-ardan/test/scenarios/SentraLokasi_Lokasi.test.js:88:16)\n    at processTicksAndRejections (internal/process/task_queues.js:95:5)",
                "diff": "- 401\n+ 200\n"
              },
              "uuid": "8d24b572-0a2d-4eca-b4a6-6f49673c960e",
              "parentUUID": "a96069e5-3632-4e61-82f6-7bafc858cd69",
              "isHook": false,
              "skipped": false
            },
            {
              "title": "Get Lokasi By Id",
              "fullTitle": "Web lokasi Get Lokasi By Id",
              "timedOut": false,
              "duration": 610,
              "state": "failed",
              "speed": null,
              "pass": false,
              "fail": true,
              "pending": false,
              "context": null,
              "code": "const token = await Get_token()\nconst response = await QoinAPI.getLokasibyid(token)\n//result\nassert.equal(response.status, 200)\n//schema\nexpect(response.data).to.be.jsonSchema(schema.VALIDATE_GETLOKASIBYID_SCHEMA)",
              "err": {
                "message": "AssertionError: expected 400 to equal 200",
                "estack": "AssertionError: expected 400 to equal 200\n    at Context.<anonymous> (file:///home/ardan/Ardan/QA/Automation%20Test/Git/dev-ardan/test/scenarios/SentraLokasi_Lokasi.test.js:112:16)\n    at processTicksAndRejections (internal/process/task_queues.js:95:5)",
                "diff": "- 400\n+ 200\n"
              },
              "uuid": "a1c94cb9-de49-4448-8de3-c24c97871160",
              "parentUUID": "a96069e5-3632-4e61-82f6-7bafc858cd69",
              "isHook": false,
              "skipped": false
            },
            {
              "title": "Hapus Image Lokasi",
              "fullTitle": "Web lokasi Hapus Image Lokasi",
              "timedOut": false,
              "duration": 564,
              "state": "failed",
              "speed": null,
              "pass": false,
              "fail": true,
              "pending": false,
              "context": null,
              "code": "const token = await Get_token()\nconst response = await QoinAPI.deleteImagelokasi(token)\n//result\nassert.equal(response.status, 200)\n//schema belum nyoba\n//expect(response.data).to.be.jsonSchema(schema.VALIDATE_GETIMAGELOKASI_SCHEMA)",
              "err": {
                "message": "AssertionError: expected 400 to equal 200",
                "estack": "AssertionError: expected 400 to equal 200\n    at Context.<anonymous> (file:///home/ardan/Ardan/QA/Automation%20Test/Git/dev-ardan/test/scenarios/SentraLokasi_Lokasi.test.js:123:16)\n    at processTicksAndRejections (internal/process/task_queues.js:95:5)",
                "diff": "- 400\n+ 200\n"
              },
              "uuid": "e55262f8-4858-4563-8703-0f3311f2b8e2",
              "parentUUID": "a96069e5-3632-4e61-82f6-7bafc858cd69",
              "isHook": false,
              "skipped": false
            },
            {
              "title": "Hapus lokasi",
              "fullTitle": "Web lokasi Hapus lokasi",
              "timedOut": false,
              "duration": 2230,
              "state": "failed",
              "speed": null,
              "pass": false,
              "fail": true,
              "pending": false,
              "context": null,
              "code": "const token = await Get_token()\nconst id = await Getid_Lokasi()\nconst response = await QoinAPI.deleteLokasi(id, token)\n//result\nassert.equal(response.status, 200)\n//schema BELUM NYOBA JUGA\n//expect(response.data).to.be.jsonSchema(schema)",
              "err": {
                "message": "AssertionError: expected 400 to equal 200",
                "estack": "AssertionError: expected 400 to equal 200\n    at Context.<anonymous> (file:///home/ardan/Ardan/QA/Automation%20Test/Git/dev-ardan/test/scenarios/SentraLokasi_Lokasi.test.js:135:16)\n    at processTicksAndRejections (internal/process/task_queues.js:95:5)",
                "diff": "- 400\n+ 200\n"
              },
              "uuid": "e692020c-d278-4f43-8c79-ee0836f60639",
              "parentUUID": "a96069e5-3632-4e61-82f6-7bafc858cd69",
              "isHook": false,
              "skipped": false
            }
          ],
          "suites": [],
          "passes": [],
          "failures": [
            "4db74d7b-c8ee-4885-be36-c9d5715479c7",
            "377fcecf-3ffd-4462-b0ac-c385ddc4f152",
            "91b5c7f3-254f-4098-9d4e-3b57d50cdbb2",
            "199bb820-332b-4b89-b7f6-d4f1eabc5712",
            "0fbbcb84-6cf1-4c9e-be01-16343654465e",
            "062a66a4-a9ca-41e1-abe2-1a930ec5cb30",
            "8d24b572-0a2d-4eca-b4a6-6f49673c960e",
            "a1c94cb9-de49-4448-8de3-c24c97871160",
            "e55262f8-4858-4563-8703-0f3311f2b8e2",
            "e692020c-d278-4f43-8c79-ee0836f60639"
          ],
          "pending": [],
          "skipped": [],
          "duration": 7597,
          "root": false,
          "rootEmpty": false,
          "_timeout": 50000
        }
      ],
      "passes": [],
      "failures": [],
      "pending": [],
      "skipped": [],
      "duration": 0,
      "root": true,
      "rootEmpty": true,
      "_timeout": 50000
    }
  ],
  "meta": {
    "mocha": {
      "version": "10.0.0"
    },
    "mochawesome": {
      "options": {
        "quiet": false,
        "reportFilename": "mochawesome",
        "saveHtml": true,
        "saveJson": true,
        "consoleReporter": "spec",
        "useInlineDiffs": false,
        "code": true
      },
      "version": "7.1.3"
    },
    "marge": {
      "options": {
        "reportDir": "reports"
      },
      "version": "6.2.0"
    }
  }
}