{
  "stats": {
    "suites": 1,
    "tests": 1,
    "passes": 1,
    "pending": 0,
    "failures": 0,
    "start": "2022-10-06T03:53:27.210Z",
    "end": "2022-10-06T03:53:27.338Z",
    "duration": 128,
    "testsRegistered": 1,
    "passPercent": 100,
    "pendingPercent": 0,
    "other": 0,
    "hasOther": false,
    "skipped": 0,
    "hasSkipped": false
  },
  "results": [
    {
      "uuid": "acea6245-75ed-4e85-8fd5-1a54e29b8985",
      "title": "",
      "fullFile": "D:\\Venturo\\QOIN\\qoin_mocha\\test\\scenarios\\CMS mobile\\CMS_formulir.test.js",
      "file": "\\test\\scenarios\\CMS mobile\\CMS_formulir.test.js",
      "beforeHooks": [],
      "afterHooks": [],
      "tests": [],
      "suites": [
        {
          "uuid": "ad217c3a-e094-4c65-bcee-7cd867bda09c",
          "title": "CMS detail Document by ID",
          "fullFile": "D:\\Venturo\\QOIN\\qoin_mocha\\test\\scenarios\\CMS mobile\\CMS_formulir.test.js",
          "file": "\\test\\scenarios\\CMS mobile\\CMS_formulir.test.js",
          "beforeHooks": [],
          "afterHooks": [],
          "tests": [
            {
              "title": "CMS detail Document by ID ditemukan",
              "fullTitle": "CMS detail Document by ID CMS detail Document by ID ditemukan",
              "timedOut": false,
              "duration": 120,
              "state": "passed",
              "speed": "slow",
              "pass": true,
              "fail": false,
              "pending": false,
              "context": null,
              "code": "const response = await qoinAPI.get_detaildocument_byid();\nassert.equal(response.status, 200)\nexpect(response.data).to.be.jsonSchema(schema.VALIDATE_DETAILDOCUMENT_BYID)",
              "err": {},
              "uuid": "09b88eb9-4ca4-4130-8c39-0fbf8ab35fae",
              "parentUUID": "ad217c3a-e094-4c65-bcee-7cd867bda09c",
              "isHook": false,
              "skipped": false
            }
          ],
          "suites": [],
          "passes": [
            "09b88eb9-4ca4-4130-8c39-0fbf8ab35fae"
          ],
          "failures": [],
          "pending": [],
          "skipped": [],
          "duration": 120,
          "root": false,
          "rootEmpty": false,
          "_timeout": 50000
        }
      ],
      "passes": [],
      "failures": [],
      "pending": [],
      "skipped": [],
      "duration": 0,
      "root": true,
      "rootEmpty": true,
      "_timeout": 50000
    }
  ],
  "meta": {
    "mocha": {
      "version": "10.0.0"
    },
    "mochawesome": {
      "options": {
        "quiet": false,
        "reportFilename": "mochawesome",
        "saveHtml": true,
        "saveJson": true,
        "consoleReporter": "spec",
        "useInlineDiffs": false,
        "code": true
      },
      "version": "7.1.3"
    },
    "marge": {
      "options": {
        "reportDir": "reports"
      },
      "version": "6.2.0"
    }
  }
}