{
  "stats": {
    "suites": 1,
    "tests": 1,
    "passes": 1,
    "pending": 0,
    "failures": 0,
    "start": "2022-10-11T04:34:36.276Z",
    "end": "2022-10-11T04:34:37.411Z",
    "duration": 1135,
    "testsRegistered": 1,
    "passPercent": 100,
    "pendingPercent": 0,
    "other": 0,
    "hasOther": false,
    "skipped": 0,
    "hasSkipped": false
  },
  "results": [
    {
      "uuid": "f055c6aa-45cc-4cb0-9786-0fed89246d7e",
      "title": "",
      "fullFile": "E:\\Qoin Automation\\qoin_mocha\\test\\scenarios\\SentraLokasi_Lokasi.test.js",
      "file": "\\test\\scenarios\\SentraLokasi_Lokasi.test.js",
      "beforeHooks": [],
      "afterHooks": [],
      "tests": [],
      "suites": [
        {
          "uuid": "d0a358ec-0217-42bc-bcf3-42dd607f98bc",
          "title": "Web lokasi",
          "fullFile": "E:\\Qoin Automation\\qoin_mocha\\test\\scenarios\\SentraLokasi_Lokasi.test.js",
          "file": "\\test\\scenarios\\SentraLokasi_Lokasi.test.js",
          "beforeHooks": [],
          "afterHooks": [],
          "tests": [
            {
              "title": "Get Fasilitas Lokasi",
              "fullTitle": "Web lokasi Get Fasilitas Lokasi",
              "timedOut": false,
              "duration": 729,
              "state": "passed",
              "speed": "slow",
              "pass": true,
              "fail": false,
              "pending": false,
              "context": null,
              "code": "const get_id = await Getid_Lokasi()\nconst GettokenAPI = await Get_token()\nconst response = await QoinAPI.getFasilitaslokasi(get_id, GettokenAPI)\n//result\n// assert.equal(response.status, 200)\n// //schema\n// expect(response.data).to.be.jsonSchema(schema.VALIDATE_GETFASILITASLOKASI_SCHEMA)\nconsole.log(response.headers)\nconsole.log(response.data)",
              "err": {},
              "uuid": "c64449dc-4a23-4c0c-bcbb-44b32dbaafa2",
              "parentUUID": "d0a358ec-0217-42bc-bcf3-42dd607f98bc",
              "isHook": false,
              "skipped": false
            }
          ],
          "suites": [],
          "passes": [
            "c64449dc-4a23-4c0c-bcbb-44b32dbaafa2"
          ],
          "failures": [],
          "pending": [],
          "skipped": [],
          "duration": 729,
          "root": false,
          "rootEmpty": false,
          "_timeout": 50000
        }
      ],
      "passes": [],
      "failures": [],
      "pending": [],
      "skipped": [],
      "duration": 0,
      "root": true,
      "rootEmpty": true,
      "_timeout": 50000
    }
  ],
  "meta": {
    "mocha": {
      "version": "10.0.0"
    },
    "mochawesome": {
      "options": {
        "quiet": false,
        "reportFilename": "mochawesome",
        "saveHtml": true,
        "saveJson": true,
        "consoleReporter": "spec",
        "useInlineDiffs": false,
        "code": true
      },
      "version": "7.1.3"
    },
    "marge": {
      "options": {
        "reportDir": "reports"
      },
      "version": "6.2.0"
    }
  }
}