{
  "stats": {
    "suites": 13,
    "tests": 61,
    "passes": 8,
    "pending": 0,
    "failures": 53,
    "start": "2022-10-11T07:18:58.118Z",
    "end": "2022-10-11T07:19:31.869Z",
    "duration": 33751,
    "testsRegistered": 61,
    "passPercent": 13.114754098360656,
    "pendingPercent": 0,
    "other": 0,
    "hasOther": false,
    "skipped": 0,
    "hasSkipped": false
  },
  "results": [
    {
      "uuid": "8a90d65f-e235-4e23-8d38-defb89402796",
      "title": "",
      "fullFile": "",
      "file": "",
      "beforeHooks": [],
      "afterHooks": [],
      "tests": [],
      "suites": [
        {
          "uuid": "d9b88781-b8fd-489b-bf5e-0d2cb8e3f63f",
          "title": "Mobile",
          "fullFile": "/home/ardan/Ardan/QA/Automation Test/Git/dev-ardan/test/scenarios/SentraKependudukan_Akta.test.js",
          "file": "/test/scenarios/SentraKependudukan_Akta.test.js",
          "beforeHooks": [],
          "afterHooks": [],
          "tests": [
            {
              "title": "Berhasil membuat akta melalui mobile",
              "fullTitle": "Mobile Berhasil membuat akta melalui mobile",
              "timedOut": false,
              "duration": 366,
              "state": "failed",
              "speed": null,
              "pass": false,
              "fail": true,
              "pending": false,
              "context": null,
              "code": "const response = await QoinAPI.add_akta(data.VALID_ADD_AKTA) //hit API\n\n// //result\nassert.equal(response.status, 200);\nlet resultObject = {};\nObject.keys(response.data.data).map((key) => { // iterate over the keys\nresultObject = {\n    ...resultObject,\n    ['data']: {...response.data.data['rincian_pemohon'], ...response.data.data['rincian_pelapor'], ...response.data.data['rincian_kk'], ...response.data.data['rincian_biodata_anak'], ...response.data.data['rincian_ibu'], ...response.data.data['rincian_ayah'], ...response.data.data['rincian_kedatangan']} // merge two or more objects \n}\nreturn;\n});\n\nconst data_res = Object.fromEntries(\n    Object.entries(resultObject.data).map(([key, value]) => [key, typeof value == 'string' ? value.toLowerCase() : value])\n  );\nconst data_in = Object.fromEntries(\n    Object.entries(data.VALID_ADD_AKTA).map(([key, value]) => [key, typeof value == 'string' ? value.toLowerCase() : value])\n  );\n\n//check object Rincian Ayah\nassert.deepEqualExcluding(data_in, data_res, ['id', 'updatebyid', 'updated_at', 'client_id', 'created_by','alamat_pelapor',\n'berat',\n'is_dengan_ortu',\n'berat_bayi',\n'dengan_orang_tua',\n'jam_kedatangan',\n'jenis_kelamin_anak',\n'jenis_kelamin_pelapor',\n'jenis_permohonan',\n'jenis_kelamin',\n'kecamatan_ayah_id',\n'kecamatan_ibu_id',\n'kecamatan_id',\n'kecamatan_pelapor_id',\n'kelahiran_ke_spell_en',\n'kelahiran_ke_spell_id',\n'kelurahan_ayah_id',\n'kelurahan_ibu_id',\n'kelurahan_id',\n'kelurahan_pelapor_id',\n'kota_ayah_id',\n'kota_ibu_id',\n'kota_id',\n'kota_pelapor_id',\n'lokasi_id',\n'm_user_id',\n'nama_anak',\n'nama_lengkap',\n'nik_ayah',\n'nik_ibu',\n'no_nik_ayah',\n'no_nik_ibu',\n'panjang',\n'pekerjaan_ayah',\n'pekerjaan_ayah_lainnya',\n'no_registrasi',\n'panjang_bayi',\n'pekerjaan_ayah',\n'provinsi_ayah_id',\n'provinsi_ibu_id',\n'provinsi_id',\n'provinsi_pelapor_id',\n'pukul_kelahiran',\n'tanggal_lahir',\n'tanggal_lahir_ayah',\n'tanggal_lahir_ibu',\n'tanggal_pernikahan_ibu',\n'pukul_kelahiran',\n'status',\n'tahun_spell_en',\n'tahun_spell_id',\n'tanggal_kedatangan',\n'tanggal_lahir',\n'tanggal_lahir_spell_en',\n'tanggal_lahir_spell_id',\n'tanggal_permohonan',\n'tanggal_pernikahan_ibu',\n'umur_pelapor',\n'tgl_lahir_ayah',\n'tgl_lahir_ibu',\n'umur'])\n//schema\nexpect(response.data).to.be.jsonSchema(schema.VALID_ADD_AKTA_SCHEMA)\n// console.log(response.data)",
              "err": {
                "message": "AssertionError: expected 400 to equal 200",
                "estack": "AssertionError: expected 400 to equal 200\n    at Context.<anonymous> (file:///home/ardan/Ardan/QA/Automation%20Test/Git/dev-ardan/test/scenarios/SentraKependudukan_Akta.test.js:18:16)\n    at processTicksAndRejections (internal/process/task_queues.js:95:5)",
                "diff": "- 400\n+ 200\n"
              },
              "uuid": "e5c3ee5b-636a-4860-b563-b22bf5c52789",
              "parentUUID": "d9b88781-b8fd-489b-bf5e-0d2cb8e3f63f",
              "isHook": false,
              "skipped": false
            }
          ],
          "suites": [],
          "passes": [],
          "failures": [
            "e5c3ee5b-636a-4860-b563-b22bf5c52789"
          ],
          "pending": [],
          "skipped": [],
          "duration": 366,
          "root": false,
          "rootEmpty": false,
          "_timeout": 50000
        },
        {
          "uuid": "da12fa80-2f31-499a-818e-bb9ddcf90d8f",
          "title": "Web",
          "fullFile": "/home/ardan/Ardan/QA/Automation Test/Git/dev-ardan/test/scenarios/SentraKependudukan_Akta.test.js",
          "file": "/test/scenarios/SentraKependudukan_Akta.test.js",
          "beforeHooks": [],
          "afterHooks": [],
          "tests": [
            {
              "title": "Get Index by ID",
              "fullTitle": "Web Get Index by ID",
              "timedOut": false,
              "duration": 269,
              "state": "failed",
              "speed": null,
              "pass": false,
              "fail": true,
              "pending": false,
              "context": null,
              "code": "const id = await Getid()\nconst response = await QoinAPI.index_by_id(id) //hit API\n\n//response status\nassert.equal(response.status, 200);\n//response data\nassert.equal(response.data.data.list[0].nama_pelapor.toLowerCase(), data.VALID_ADD_AKTA.nama_pelapor.toLowerCase());\n//schema\nexpect(response.data).to.be.jsonSchema(schema.VALID_GET_INDEX_BY_ID_SCHEMA)",
              "err": {
                "message": "AssertionError: expected 400 to equal 200",
                "estack": "AssertionError: expected 400 to equal 200\n    at Context.<anonymous> (file:///home/ardan/Ardan/QA/Automation%20Test/Git/dev-ardan/test/scenarios/SentraKependudukan_Akta.test.js:114:16)\n    at processTicksAndRejections (internal/process/task_queues.js:95:5)",
                "diff": "- 400\n+ 200\n"
              },
              "uuid": "557f24d7-7ba1-48f4-90ee-e33e9e6bee73",
              "parentUUID": "da12fa80-2f31-499a-818e-bb9ddcf90d8f",
              "isHook": false,
              "skipped": false
            },
            {
              "title": "Update Akta",
              "fullTitle": "Web Update Akta",
              "timedOut": false,
              "duration": 308,
              "state": "failed",
              "speed": null,
              "pass": false,
              "fail": true,
              "pending": false,
              "context": null,
              "code": "const id = await Getid()\nconst response = await QoinAPI.update_akta(id, data.VALID_UPDATE_AKTA) //hit API\n\n//result\nassert.equal(response.status, 200);\n//schema\nexpect(response.data).to.be.jsonSchema(schema.VALID_UPDATE_AKTA_SCHEMA)",
              "err": {
                "message": "AssertionError: expected 400 to equal 200",
                "estack": "AssertionError: expected 400 to equal 200\n    at Context.<anonymous> (file:///home/ardan/Ardan/QA/Automation%20Test/Git/dev-ardan/test/scenarios/SentraKependudukan_Akta.test.js:129:16)\n    at processTicksAndRejections (internal/process/task_queues.js:95:5)",
                "diff": "- 400\n+ 200\n"
              },
              "uuid": "cd8d8c1f-8d05-463e-b0c6-d041a72b31e2",
              "parentUUID": "da12fa80-2f31-499a-818e-bb9ddcf90d8f",
              "isHook": false,
              "skipped": false
            },
            {
              "title": "Update Status Verifikasi",
              "fullTitle": "Web Update Status Verifikasi",
              "timedOut": false,
              "duration": 276,
              "state": "failed",
              "speed": null,
              "pass": false,
              "fail": true,
              "pending": false,
              "context": null,
              "code": "const id = await Getid()\nconst response = await QoinAPI.update_status_verif(id, data.VALID_UPDATE_STATUS_VERIFIKASI) //hit API\n\n//result\nassert.equal(response.status, 200);\n//response data\nassert.equal(response.data.data.notes.toLowerCase(), data.VALID_UPDATE_STATUS_VERIFIKASI.notes.toLowerCase());\n//schema\nexpect(response.data).to.be.jsonSchema(schema.VALID_UPDATE_STATUS_VERIFIKASI_SCHEMA)",
              "err": {
                "message": "AssertionError: expected 400 to equal 200",
                "estack": "AssertionError: expected 400 to equal 200\n    at Context.<anonymous> (file:///home/ardan/Ardan/QA/Automation%20Test/Git/dev-ardan/test/scenarios/SentraKependudukan_Akta.test.js:141:16)\n    at processTicksAndRejections (internal/process/task_queues.js:95:5)",
                "diff": "- 400\n+ 200\n"
              },
              "uuid": "5c2523c1-ca17-4352-bb02-f47bd9702316",
              "parentUUID": "da12fa80-2f31-499a-818e-bb9ddcf90d8f",
              "isHook": false,
              "skipped": false
            },
            {
              "title": "Update Status",
              "fullTitle": "Web Update Status",
              "timedOut": false,
              "duration": 275,
              "state": "failed",
              "speed": null,
              "pass": false,
              "fail": true,
              "pending": false,
              "context": null,
              "code": "const id = await Getid()\nconst response = await QoinAPI.update_status(id, data.VALID_UPDATE_STATUS) //hit API\n\n//result\nassert.equal(response.status, 200);\n//response data\nassert.equal(response.data.data.status.toLowerCase(), data.VALID_UPDATE_STATUS.status.toLowerCase());\n//schema\nexpect(response.data).to.be.jsonSchema(schema.VALID_UPDATE_STATUS_SCHEMA)",
              "err": {
                "message": "AssertionError: expected 400 to equal 200",
                "estack": "AssertionError: expected 400 to equal 200\n    at Context.<anonymous> (file:///home/ardan/Ardan/QA/Automation%20Test/Git/dev-ardan/test/scenarios/SentraKependudukan_Akta.test.js:156:16)\n    at processTicksAndRejections (internal/process/task_queues.js:95:5)",
                "diff": "- 400\n+ 200\n"
              },
              "uuid": "96f42b7b-1222-4a88-9fbe-25eb008b9713",
              "parentUUID": "da12fa80-2f31-499a-818e-bb9ddcf90d8f",
              "isHook": false,
              "skipped": false
            },
            {
              "title": "Update Jadwal",
              "fullTitle": "Web Update Jadwal",
              "timedOut": false,
              "duration": 230,
              "state": "failed",
              "speed": null,
              "pass": false,
              "fail": true,
              "pending": false,
              "context": null,
              "code": "const id = await Getid()\nconst response = await QoinAPI.update_jadwal(data.VALID_UPDATE_JADWAL) //hit API\n\n//result\nassert.equal(response.status, 200);\n//response data\nassert.equal(response.data.data.tanggal_kedatangan, data.VALID_UPDATE_JADWAL.tanggal_kedatangan);\n//schema\nexpect(response.data).to.be.jsonSchema(schema.VALID_UPDATE_JADWAL_SCHEMA)",
              "err": {
                "message": "AssertionError: expected 400 to equal 200",
                "estack": "AssertionError: expected 400 to equal 200\n    at Context.<anonymous> (file:///home/ardan/Ardan/QA/Automation%20Test/Git/dev-ardan/test/scenarios/SentraKependudukan_Akta.test.js:171:16)\n    at processTicksAndRejections (internal/process/task_queues.js:95:5)",
                "diff": "- 400\n+ 200\n"
              },
              "uuid": "b9f4d352-cb97-42ba-9ad9-574b84a45923",
              "parentUUID": "da12fa80-2f31-499a-818e-bb9ddcf90d8f",
              "isHook": false,
              "skipped": false
            },
            {
              "title": "Update Status Konfirmasi",
              "fullTitle": "Web Update Status Konfirmasi",
              "timedOut": false,
              "duration": 242,
              "state": "failed",
              "speed": null,
              "pass": false,
              "fail": true,
              "pending": false,
              "context": null,
              "code": "const id = await Getid()\nconst response = await QoinAPI.update_status_konfirmasi(id, data.VALID_UPDATE_STATUS_KONFIRMASI) //hit API\n\n//result\nassert.equal(response.status, 200);\n//response data\nassert.deepEqualExcluding(response.data.data, data.VALID_UPDATE_STATUS_KONFIRMASI, ['id', 'updatebyid', 'updated_at'])\n//schema\nexpect(response.data).to.be.jsonSchema(schema.VALID_UPDATE_STATUS_KONFIRMASI_SCHEMA)",
              "err": {
                "message": "AssertionError: expected 400 to equal 200",
                "estack": "AssertionError: expected 400 to equal 200\n    at Context.<anonymous> (file:///home/ardan/Ardan/QA/Automation%20Test/Git/dev-ardan/test/scenarios/SentraKependudukan_Akta.test.js:186:16)\n    at processTicksAndRejections (internal/process/task_queues.js:95:5)",
                "diff": "- 400\n+ 200\n"
              },
              "uuid": "936c6b50-f1bb-49a1-90a6-8b692c57637a",
              "parentUUID": "da12fa80-2f31-499a-818e-bb9ddcf90d8f",
              "isHook": false,
              "skipped": false
            }
          ],
          "suites": [],
          "passes": [],
          "failures": [
            "557f24d7-7ba1-48f4-90ee-e33e9e6bee73",
            "cd8d8c1f-8d05-463e-b0c6-d041a72b31e2",
            "5c2523c1-ca17-4352-bb02-f47bd9702316",
            "96f42b7b-1222-4a88-9fbe-25eb008b9713",
            "b9f4d352-cb97-42ba-9ad9-574b84a45923",
            "936c6b50-f1bb-49a1-90a6-8b692c57637a"
          ],
          "pending": [],
          "skipped": [],
          "duration": 1600,
          "root": false,
          "rootEmpty": false,
          "_timeout": 50000
        },
        {
          "uuid": "db119d1b-fd62-403c-bf37-c7fdca622eff",
          "title": "Mobile",
          "fullFile": "/home/ardan/Ardan/QA/Automation Test/Git/dev-ardan/test/scenarios/SentraKependudukan_KK.test.js",
          "file": "/test/scenarios/SentraKependudukan_KK.test.js",
          "beforeHooks": [],
          "afterHooks": [],
          "tests": [
            {
              "title": "Berhasil membuat kk melalui mobile",
              "fullTitle": "Mobile Berhasil membuat kk melalui mobile",
              "timedOut": false,
              "duration": 102,
              "state": "failed",
              "speed": null,
              "pass": false,
              "fail": true,
              "pending": false,
              "context": null,
              "code": "const response = await QoinAPI.addKk(data.VALID_ADDKK) //hit API\n\n    //result\n    assert.equal(response.status, 200);\n    assert.equal(response.data.data.rincian_pemohon.nama_pemohon.toLowerCase(), data.VALID_ADDKK.data.nama_pemohon.toLowerCase());\n    assert.equal(response.data.data.rincian_pemohon.nik_pemohon, data.VALID_ADDKK.data.nik_pemohon);\n    assert.equal(response.data.data.rincian_pemohon.jumlah_anggota, data.VALID_ADDKK.data.jumlah_anggota);\n    assert.equal(response.data.data.rincian_alamat.alamat.toLowerCase(), data.VALID_ADDKK.data.alamat.toLowerCase());\n    assert.equal(response.data.data.rincian_alamat.kota_pemohon.toLowerCase(), data.VALID_ADDKK.data.kota_pemohon.toLowerCase());\n    //schema\n    expect(response.data).to.be.jsonSchema(schema.VALIDATE_ADD_KK_SCHEMA)",
              "err": {
                "message": "AssertionError: expected 400 to equal 200",
                "estack": "AssertionError: expected 400 to equal 200\n    at Context.<anonymous> (file:///home/ardan/Ardan/QA/Automation%20Test/Git/dev-ardan/test/scenarios/SentraKependudukan_KK.test.js:16:20)\n    at processTicksAndRejections (internal/process/task_queues.js:95:5)",
                "diff": "- 400\n+ 200\n"
              },
              "uuid": "c33f973f-1ea5-476d-90b1-509e07f5d9f6",
              "parentUUID": "db119d1b-fd62-403c-bf37-c7fdca622eff",
              "isHook": false,
              "skipped": false
            }
          ],
          "suites": [],
          "passes": [],
          "failures": [
            "c33f973f-1ea5-476d-90b1-509e07f5d9f6"
          ],
          "pending": [],
          "skipped": [],
          "duration": 102,
          "root": false,
          "rootEmpty": false,
          "_timeout": 50000
        },
        {
          "uuid": "b5a2824a-c14e-4a13-8aa5-75791fea2571",
          "title": "Web",
          "fullFile": "/home/ardan/Ardan/QA/Automation Test/Git/dev-ardan/test/scenarios/SentraKependudukan_KK.test.js",
          "file": "/test/scenarios/SentraKependudukan_KK.test.js",
          "beforeHooks": [],
          "afterHooks": [],
          "tests": [
            {
              "title": "Index by id",
              "fullTitle": "Web Index by id",
              "timedOut": false,
              "duration": 206,
              "state": "failed",
              "speed": null,
              "pass": false,
              "fail": true,
              "pending": false,
              "context": null,
              "code": "const id = await Getid();//Get ID\nconst response = await QoinAPI.index_by_id(id) //hit API\n\n    //result\n    assert.equal(response.status, 200);\n    // assert.equal(response.data.list[0].id, id.id);\n    // console.log(response.data.data.list);\n    //schema\n    expect(response.data).to.be.jsonSchema(schema.VALIDATE_GET_INDEX_BY_ID_SCHEMA)",
              "err": {
                "message": "AssertionError: expected 400 to equal 200",
                "estack": "AssertionError: expected 400 to equal 200\n    at Context.<anonymous> (file:///home/ardan/Ardan/QA/Automation%20Test/Git/dev-ardan/test/scenarios/SentraKependudukan_KK.test.js:33:20)\n    at processTicksAndRejections (internal/process/task_queues.js:95:5)",
                "diff": "- 400\n+ 200\n"
              },
              "uuid": "cf20a6a8-a15c-4c41-99de-9d305c752a25",
              "parentUUID": "b5a2824a-c14e-4a13-8aa5-75791fea2571",
              "isHook": false,
              "skipped": false
            },
            {
              "title": "update data KK",
              "fullTitle": "Web update data KK",
              "timedOut": false,
              "duration": 308,
              "state": "failed",
              "speed": null,
              "pass": false,
              "fail": true,
              "pending": false,
              "context": null,
              "code": "const id = await Getid();\nconst response = await QoinAPI.updatekk(id, data.VALID_UPDATEKK) //hit API\nassert.equal(response.status, 200);\n// assert.equal(response.data.data.nama_pemohon.toLowerCase(), data.VALID_UPDATEKK.data.nama_pemohon.toLowerCase());\n// assert.equal(response.data.data.kecamatan_domisili, data.VALID_UPDATEKK.data.kecamatan_domisili);\n// assert.equal(response.data.data.kota_domisili_id, data.VALID_UPDATEKK.data.kota_domisili_id);\n    \nexpect(response.data).to.be.jsonSchema(schema.VALIDATE_UPDATE_KK_SCHEMA) //Call JSON Schema",
              "err": {
                "message": "AssertionError: expected 400 to equal 200",
                "estack": "AssertionError: expected 400 to equal 200\n    at Context.<anonymous> (file:///home/ardan/Ardan/QA/Automation%20Test/Git/dev-ardan/test/scenarios/SentraKependudukan_KK.test.js:46:16)\n    at processTicksAndRejections (internal/process/task_queues.js:95:5)",
                "diff": "- 400\n+ 200\n"
              },
              "uuid": "bce4b3ff-30c7-45db-900c-4f17529f758b",
              "parentUUID": "b5a2824a-c14e-4a13-8aa5-75791fea2571",
              "isHook": false,
              "skipped": false
            },
            {
              "title": "Update Status Verifikasi KK",
              "fullTitle": "Web Update Status Verifikasi KK",
              "timedOut": false,
              "duration": 208,
              "state": "failed",
              "speed": null,
              "pass": false,
              "fail": true,
              "pending": false,
              "context": null,
              "code": "const id = await Getid();\nconst response = await QoinAPI.updatestatusverif(id, data.VALID_STATUSVERIFKK)\n\nassert.equal(response.status, 200);\n    \nexpect(response.data).to.be.jsonSchema(schema.VALIDATE_UPDATE_STATUSVERIF_SCHEMA) //Call JSON Schema",
              "err": {
                "message": "AssertionError: expected 400 to equal 200",
                "estack": "AssertionError: expected 400 to equal 200\n    at Context.<anonymous> (file:///home/ardan/Ardan/QA/Automation%20Test/Git/dev-ardan/test/scenarios/SentraKependudukan_KK.test.js:58:16)\n    at processTicksAndRejections (internal/process/task_queues.js:95:5)",
                "diff": "- 400\n+ 200\n"
              },
              "uuid": "cb800ab6-3d78-4c96-b29a-7960f563bcd1",
              "parentUUID": "b5a2824a-c14e-4a13-8aa5-75791fea2571",
              "isHook": false,
              "skipped": false
            },
            {
              "title": "Update Status KK",
              "fullTitle": "Web Update Status KK",
              "timedOut": false,
              "duration": 185,
              "state": "failed",
              "speed": null,
              "pass": false,
              "fail": true,
              "pending": false,
              "context": null,
              "code": "const id = await Getid();\nconst response = await QoinAPI.updatestatus(id, data.VALID_STATUSKK)\nassert.equal(response.status, 200);\n    \nexpect(response.data).to.be.jsonSchema(schema.VALIDATE_UPDATE_STATUS_SCHEMA) //Call JSON Schema",
              "err": {
                "message": "AssertionError: expected 400 to equal 200",
                "estack": "AssertionError: expected 400 to equal 200\n    at Context.<anonymous> (file:///home/ardan/Ardan/QA/Automation%20Test/Git/dev-ardan/test/scenarios/SentraKependudukan_KK.test.js:67:16)\n    at processTicksAndRejections (internal/process/task_queues.js:95:5)",
                "diff": "- 400\n+ 200\n"
              },
              "uuid": "e11f572f-fd53-4a9a-9107-4a5422e7b1f2",
              "parentUUID": "b5a2824a-c14e-4a13-8aa5-75791fea2571",
              "isHook": false,
              "skipped": false
            },
            {
              "title": "Update jadwal KK",
              "fullTitle": "Web Update jadwal KK",
              "timedOut": false,
              "duration": 94,
              "state": "failed",
              "speed": null,
              "pass": false,
              "fail": true,
              "pending": false,
              "context": null,
              "code": "const response = await QoinAPI.updatejadwal(data.VALID_UPDATE_JADWAL_KK) //hit API\nassert.equal(response.status, 200);\n    \nexpect(response.data).to.be.jsonSchema(schema.VALIDATE_UPDATE_JADWAL_SCHEMA) //Call JSON Schema",
              "err": {
                "message": "AssertionError: expected 400 to equal 200",
                "estack": "AssertionError: expected 400 to equal 200\n    at Context.<anonymous> (file:///home/ardan/Ardan/QA/Automation%20Test/Git/dev-ardan/test/scenarios/SentraKependudukan_KK.test.js:75:16)\n    at processTicksAndRejections (internal/process/task_queues.js:95:5)",
                "diff": "- 400\n+ 200\n"
              },
              "uuid": "df54f1f8-66c0-4003-b607-1fd550e1ee96",
              "parentUUID": "b5a2824a-c14e-4a13-8aa5-75791fea2571",
              "isHook": false,
              "skipped": false
            },
            {
              "title": "Update anggota KK",
              "fullTitle": "Web Update anggota KK",
              "timedOut": false,
              "duration": 370,
              "state": "failed",
              "speed": null,
              "pass": false,
              "fail": true,
              "pending": false,
              "context": null,
              "code": "const id = await Getid();\nconst id_anggota = await Getid_anggota();\nconst response = await QoinAPI.updateanggota(id, id_anggota, data.VALID_UPDATE_ANGGOTA) //hit API\nassert.equal(response.status, 200);\n    \nexpect(response.data).to.be.jsonSchema(schema.VALIDATE_UPDATE_ANGGOTA_SCHEMA) //Call JSON Schema",
              "err": {
                "message": "AssertionError: expected 400 to equal 200",
                "estack": "AssertionError: expected 400 to equal 200\n    at Context.<anonymous> (file:///home/ardan/Ardan/QA/Automation%20Test/Git/dev-ardan/test/scenarios/SentraKependudukan_KK.test.js:85:16)\n    at processTicksAndRejections (internal/process/task_queues.js:95:5)",
                "diff": "- 400\n+ 200\n"
              },
              "uuid": "dd06c794-5cf9-4ffc-b88b-047e0bcbbb48",
              "parentUUID": "b5a2824a-c14e-4a13-8aa5-75791fea2571",
              "isHook": false,
              "skipped": false
            },
            {
              "title": "Update Status konfirmasi KK",
              "fullTitle": "Web Update Status konfirmasi KK",
              "timedOut": false,
              "duration": 270,
              "state": "failed",
              "speed": null,
              "pass": false,
              "fail": true,
              "pending": false,
              "context": null,
              "code": "const id = await Getid();\nconst response = await QoinAPI.updatekonfirmasi(id, data.VALID_STATUSKONFIRKK)\nassert.equal(response.status, 200);\n\nexpect(response.data).to.be.jsonSchema(schema.VALIDATE_UPDATE_STATUSKONFIR_SCHEMA) //Call JSON Schema",
              "err": {
                "message": "AssertionError: expected 400 to equal 200",
                "estack": "AssertionError: expected 400 to equal 200\n    at Context.<anonymous> (file:///home/ardan/Ardan/QA/Automation%20Test/Git/dev-ardan/test/scenarios/SentraKependudukan_KK.test.js:94:16)\n    at processTicksAndRejections (internal/process/task_queues.js:95:5)",
                "diff": "- 400\n+ 200\n"
              },
              "uuid": "9cafd41b-1bd9-40cc-9868-bbbdd346e764",
              "parentUUID": "b5a2824a-c14e-4a13-8aa5-75791fea2571",
              "isHook": false,
              "skipped": false
            }
          ],
          "suites": [],
          "passes": [],
          "failures": [
            "cf20a6a8-a15c-4c41-99de-9d305c752a25",
            "bce4b3ff-30c7-45db-900c-4f17529f758b",
            "cb800ab6-3d78-4c96-b29a-7960f563bcd1",
            "e11f572f-fd53-4a9a-9107-4a5422e7b1f2",
            "df54f1f8-66c0-4003-b607-1fd550e1ee96",
            "dd06c794-5cf9-4ffc-b88b-047e0bcbbb48",
            "9cafd41b-1bd9-40cc-9868-bbbdd346e764"
          ],
          "pending": [],
          "skipped": [],
          "duration": 1641,
          "root": false,
          "rootEmpty": false,
          "_timeout": 50000
        },
        {
          "uuid": "0706d204-26cb-4540-a88f-9cc6bf17632c",
          "title": "Mobile",
          "fullFile": "/home/ardan/Ardan/QA/Automation Test/Git/dev-ardan/test/scenarios/SentraKependudukan_KTP.test.js",
          "file": "/test/scenarios/SentraKependudukan_KTP.test.js",
          "beforeHooks": [],
          "afterHooks": [],
          "tests": [
            {
              "title": "Berhasil membuat ktp melalui mobile",
              "fullTitle": "Mobile Berhasil membuat ktp melalui mobile",
              "timedOut": false,
              "duration": 749,
              "state": "passed",
              "speed": "slow",
              "pass": true,
              "fail": false,
              "pending": false,
              "context": null,
              "code": "const response = await QoinAPI.addKTP(data.VALID_ADDKTP) //hit API\n\nif (response.status == 200) {\n    //result\n    assert.equal(response.status, 200);\n    assert.equal(response.data.data.nama, data.VALID_ADDKTP.nama);\n    \n    //schema\n    expect(response.data).to.be.jsonSchema(schema.VALIDATE_CREATE_KTP_SCHEMA)\n\n} else{\n    console.log(response.status)\n    console.log(response.config)\n}",
              "err": {},
              "uuid": "4c3a3980-2283-4c71-a7cc-f71eb5614960",
              "parentUUID": "0706d204-26cb-4540-a88f-9cc6bf17632c",
              "isHook": false,
              "skipped": false
            }
          ],
          "suites": [],
          "passes": [
            "4c3a3980-2283-4c71-a7cc-f71eb5614960"
          ],
          "failures": [],
          "pending": [],
          "skipped": [],
          "duration": 749,
          "root": false,
          "rootEmpty": false,
          "_timeout": 50000
        },
        {
          "uuid": "ebe72100-9672-4c08-a37f-d5124a9489ba",
          "title": "Web",
          "fullFile": "/home/ardan/Ardan/QA/Automation Test/Git/dev-ardan/test/scenarios/SentraKependudukan_KTP.test.js",
          "file": "/test/scenarios/SentraKependudukan_KTP.test.js",
          "beforeHooks": [],
          "afterHooks": [],
          "tests": [
            {
              "title": "Index by id",
              "fullTitle": "Web Index by id",
              "timedOut": false,
              "duration": 540,
              "state": "failed",
              "speed": null,
              "pass": false,
              "fail": true,
              "pending": false,
              "context": null,
              "code": "const id = await Getid();\nconst response = await QoinAPI.get_index_by_id(id)\n\n//result\nassert.equal(response.status, 200);\n\n//schema\nexpect(response.data).to.be.jsonSchema(schema.VALIDATE_GET_INDEX_BY_ID_SCHEMA)",
              "err": {
                "message": "TypeError: Cannot read property 'total_items' of undefined",
                "estack": "TypeError: Cannot read property 'total_items' of undefined\n    at Getid (file:///home/ardan/Ardan/QA/Automation%20Test/Git/dev-ardan/test/helper/get-id-ktp.js:8:28)\n    at processTicksAndRejections (internal/process/task_queues.js:95:5)\n    at async Context.<anonymous> (file:///home/ardan/Ardan/QA/Automation%20Test/Git/dev-ardan/test/scenarios/SentraKependudukan_KTP.test.js:33:20)",
                "diff": null
              },
              "uuid": "4b8691f9-de74-412a-b7b3-02cda4ca2a8d",
              "parentUUID": "ebe72100-9672-4c08-a37f-d5124a9489ba",
              "isHook": false,
              "skipped": false
            },
            {
              "title": "update data KTP",
              "fullTitle": "Web update data KTP",
              "timedOut": false,
              "duration": 98,
              "state": "failed",
              "speed": null,
              "pass": false,
              "fail": true,
              "pending": false,
              "context": null,
              "code": "const id = await Getid();\nconst response = await QoinAPI.updatektp(id, data.VALID_UPDATEKTP) \n    \nexpect(response.data).to.be.jsonSchema(schema.VALIDATE_UPDATE_KTP_SCHEMA)",
              "err": {
                "message": "TypeError: Cannot read property 'total_items' of undefined",
                "estack": "TypeError: Cannot read property 'total_items' of undefined\n    at Getid (file:///home/ardan/Ardan/QA/Automation%20Test/Git/dev-ardan/test/helper/get-id-ktp.js:8:28)\n    at processTicksAndRejections (internal/process/task_queues.js:95:5)\n    at async Context.<anonymous> (file:///home/ardan/Ardan/QA/Automation%20Test/Git/dev-ardan/test/scenarios/SentraKependudukan_KTP.test.js:45:20)",
                "diff": null
              },
              "uuid": "b7dc81f2-f053-41a6-a233-2b3d50e9dfbd",
              "parentUUID": "ebe72100-9672-4c08-a37f-d5124a9489ba",
              "isHook": false,
              "skipped": false
            },
            {
              "title": "Update Status Verifikasi KTP",
              "fullTitle": "Web Update Status Verifikasi KTP",
              "timedOut": false,
              "duration": 89,
              "state": "failed",
              "speed": null,
              "pass": false,
              "fail": true,
              "pending": false,
              "context": null,
              "code": "const id = await Getid();\nconst response = await QoinAPI.updatestatusverif(id, data.VALID_STATUSVERIFKTP)\n    \nexpect(response.data).to.be.jsonSchema(schema.VALIDATE_UPDATE_STATUS_VERIFIKASI_SCHEMA)",
              "err": {
                "message": "TypeError: Cannot read property 'total_items' of undefined",
                "estack": "TypeError: Cannot read property 'total_items' of undefined\n    at Getid (file:///home/ardan/Ardan/QA/Automation%20Test/Git/dev-ardan/test/helper/get-id-ktp.js:8:28)\n    at processTicksAndRejections (internal/process/task_queues.js:95:5)\n    at async Context.<anonymous> (file:///home/ardan/Ardan/QA/Automation%20Test/Git/dev-ardan/test/scenarios/SentraKependudukan_KTP.test.js:53:20)",
                "diff": null
              },
              "uuid": "4aeca1e4-4511-48df-b8dd-fb9f0d4463c2",
              "parentUUID": "ebe72100-9672-4c08-a37f-d5124a9489ba",
              "isHook": false,
              "skipped": false
            },
            {
              "title": "Update jadwal KTP",
              "fullTitle": "Web Update jadwal KTP",
              "timedOut": false,
              "duration": 157,
              "state": "failed",
              "speed": null,
              "pass": false,
              "fail": true,
              "pending": false,
              "context": null,
              "code": "const response = await QoinAPI.updatejadwal(data.VALID_UPDATE_JADWAL_KTP)\n    \nexpect(response.data).to.be.jsonSchema(schema.VALIDATE_UPDATE_JADWAL_SCHEMA)",
              "err": {
                "message": "AssertionError: expected value to match json-schema 'Root Schema' -> '{\"message\":\"missing or malform...'\n      Missing required property: status_code\n          schema: Root Schema\n          rule:   /required/0 -> \"status_code\"",
                "estack": "AssertionError: expected value to match json-schema 'Root Schema' -> '{\"message\":\"missing or malform...'\n      Missing required property: status_code\n          schema: Root Schema\n          rule:   /required/0 -> \"status_code\"\n    at Context.<anonymous> (file:///home/ardan/Ardan/QA/Automation%20Test/Git/dev-ardan/test/scenarios/SentraKependudukan_KTP.test.js:63:37)\n    at processTicksAndRejections (internal/process/task_queues.js:95:5)",
                "diff": null
              },
              "uuid": "e4e49768-f079-4b73-b71a-ce70e95dc208",
              "parentUUID": "ebe72100-9672-4c08-a37f-d5124a9489ba",
              "isHook": false,
              "skipped": false
            },
            {
              "title": "Update Status KTP",
              "fullTitle": "Web Update Status KTP",
              "timedOut": false,
              "duration": 95,
              "state": "failed",
              "speed": null,
              "pass": false,
              "fail": true,
              "pending": false,
              "context": null,
              "code": "const id = await Getid();\nconst response = await QoinAPI.updatestatus(id, data.VALID_STATUSKTP)\n    \nexpect(response.data).to.be.jsonSchema(schema.VALIDATE_UPDATE_STATUS)",
              "err": {
                "message": "TypeError: Cannot read property 'total_items' of undefined",
                "estack": "TypeError: Cannot read property 'total_items' of undefined\n    at Getid (file:///home/ardan/Ardan/QA/Automation%20Test/Git/dev-ardan/test/helper/get-id-ktp.js:8:28)\n    at processTicksAndRejections (internal/process/task_queues.js:95:5)\n    at async Context.<anonymous> (file:///home/ardan/Ardan/QA/Automation%20Test/Git/dev-ardan/test/scenarios/SentraKependudukan_KTP.test.js:68:20)",
                "diff": null
              },
              "uuid": "f786501d-7b0a-41b0-9b28-4893b9295848",
              "parentUUID": "ebe72100-9672-4c08-a37f-d5124a9489ba",
              "isHook": false,
              "skipped": false
            },
            {
              "title": "Update Status konfirmasi KTP",
              "fullTitle": "Web Update Status konfirmasi KTP",
              "timedOut": false,
              "duration": 98,
              "state": "failed",
              "speed": null,
              "pass": false,
              "fail": true,
              "pending": false,
              "context": null,
              "code": "const id = await Getid();\nconst response = await QoinAPI.updatekonfirmasi(id, data.VALID_STATUSKONFIRKTP)",
              "err": {
                "message": "TypeError: Cannot read property 'total_items' of undefined",
                "estack": "TypeError: Cannot read property 'total_items' of undefined\n    at Getid (file:///home/ardan/Ardan/QA/Automation%20Test/Git/dev-ardan/test/helper/get-id-ktp.js:8:28)\n    at processTicksAndRejections (internal/process/task_queues.js:95:5)\n    at async Context.<anonymous> (file:///home/ardan/Ardan/QA/Automation%20Test/Git/dev-ardan/test/scenarios/SentraKependudukan_KTP.test.js:76:20)",
                "diff": null
              },
              "uuid": "7635f294-ef00-4818-a041-424cd76706eb",
              "parentUUID": "ebe72100-9672-4c08-a37f-d5124a9489ba",
              "isHook": false,
              "skipped": false
            }
          ],
          "suites": [],
          "passes": [],
          "failures": [
            "4b8691f9-de74-412a-b7b3-02cda4ca2a8d",
            "b7dc81f2-f053-41a6-a233-2b3d50e9dfbd",
            "4aeca1e4-4511-48df-b8dd-fb9f0d4463c2",
            "e4e49768-f079-4b73-b71a-ce70e95dc208",
            "f786501d-7b0a-41b0-9b28-4893b9295848",
            "7635f294-ef00-4818-a041-424cd76706eb"
          ],
          "pending": [],
          "skipped": [],
          "duration": 1077,
          "root": false,
          "rootEmpty": false,
          "_timeout": 50000
        },
        {
          "uuid": "923c6d79-f414-4ba5-893c-2b895cad3ae7",
          "title": "Web Admin",
          "fullFile": "/home/ardan/Ardan/QA/Automation Test/Git/dev-ardan/test/scenarios/SentraKependudukan_Umum.test.js",
          "file": "/test/scenarios/SentraKependudukan_Umum.test.js",
          "beforeHooks": [],
          "afterHooks": [],
          "tests": [
            {
              "title": "Get Dashboard",
              "fullTitle": "Web Admin Get Dashboard",
              "timedOut": false,
              "duration": 89,
              "state": "failed",
              "speed": null,
              "pass": false,
              "fail": true,
              "pending": false,
              "context": null,
              "code": "const response = await QoinAPI.get_dashboard() //hit API\n\n    //status\n    assert.equal(response.status, 200);\n    //schema\n    // expect(response.data).to.be.jsonSchema(schema.VALIDATE_ADD_KK_SCHEMA)",
              "err": {
                "message": "AssertionError: expected 400 to equal 200",
                "estack": "AssertionError: expected 400 to equal 200\n    at Context.<anonymous> (file:///home/ardan/Ardan/QA/Automation%20Test/Git/dev-ardan/test/scenarios/SentraKependudukan_Umum.test.js:13:20)\n    at processTicksAndRejections (internal/process/task_queues.js:95:5)",
                "diff": "- 400\n+ 200\n"
              },
              "uuid": "f3a24882-6a80-48e2-bc07-9d537192f0c1",
              "parentUUID": "923c6d79-f414-4ba5-893c-2b895cad3ae7",
              "isHook": false,
              "skipped": false
            },
            {
              "title": "Get All Document",
              "fullTitle": "Web Admin Get All Document",
              "timedOut": false,
              "duration": 110,
              "state": "failed",
              "speed": null,
              "pass": false,
              "fail": true,
              "pending": false,
              "context": null,
              "code": "const response = await QoinAPI.get_allDoc() //hit API\n\n    //status\n    assert.equal(response.status, 200);\n    //schema\n    // expect(response.data).to.be.jsonSchema(schema.VALIDATE_ADD_KK_SCHEMA)",
              "err": {
                "message": "AssertionError: expected 400 to equal 200",
                "estack": "AssertionError: expected 400 to equal 200\n    at Context.<anonymous> (file:///home/ardan/Ardan/QA/Automation%20Test/Git/dev-ardan/test/scenarios/SentraKependudukan_Umum.test.js:23:20)\n    at processTicksAndRejections (internal/process/task_queues.js:95:5)",
                "diff": "- 400\n+ 200\n"
              },
              "uuid": "0b583baf-bcbc-4b3f-931c-aa61ebf479f4",
              "parentUUID": "923c6d79-f414-4ba5-893c-2b895cad3ae7",
              "isHook": false,
              "skipped": false
            }
          ],
          "suites": [],
          "passes": [],
          "failures": [
            "f3a24882-6a80-48e2-bc07-9d537192f0c1",
            "0b583baf-bcbc-4b3f-931c-aa61ebf479f4"
          ],
          "pending": [],
          "skipped": [],
          "duration": 199,
          "root": false,
          "rootEmpty": false,
          "_timeout": 50000
        },
        {
          "uuid": "054d51e6-c11c-4e11-8e30-5c4ff3d13fa5",
          "title": "Mobile",
          "fullFile": "/home/ardan/Ardan/QA/Automation Test/Git/dev-ardan/test/scenarios/SentraKependudukan_Umum.test.js",
          "file": "/test/scenarios/SentraKependudukan_Umum.test.js",
          "beforeHooks": [],
          "afterHooks": [],
          "tests": [
            {
              "title": "Riwayat All",
              "fullTitle": "Mobile Riwayat All",
              "timedOut": false,
              "duration": 128,
              "state": "failed",
              "speed": null,
              "pass": false,
              "fail": true,
              "pending": false,
              "context": null,
              "code": "const response = await QoinAPI.get_riwayatAll() //hit API\n\n    //status\n    assert.equal(response.status, 200);\n    //schema\n    // expect(response.data).to.be.jsonSchema(schema.VALIDATE_ADD_KK_SCHEMA)",
              "err": {
                "message": "AssertionError: expected 400 to equal 200",
                "estack": "AssertionError: expected 400 to equal 200\n    at Context.<anonymous> (file:///home/ardan/Ardan/QA/Automation%20Test/Git/dev-ardan/test/scenarios/SentraKependudukan_Umum.test.js:35:20)\n    at processTicksAndRejections (internal/process/task_queues.js:95:5)",
                "diff": "- 400\n+ 200\n"
              },
              "uuid": "b77595a1-d3bc-4057-8ba5-ecf35272c4db",
              "parentUUID": "054d51e6-c11c-4e11-8e30-5c4ff3d13fa5",
              "isHook": false,
              "skipped": false
            },
            {
              "title": "Riwayat",
              "fullTitle": "Mobile Riwayat",
              "timedOut": false,
              "duration": 97,
              "state": "failed",
              "speed": null,
              "pass": false,
              "fail": true,
              "pending": false,
              "context": null,
              "code": "const response = await QoinAPI.get_riwayat() //hit API\n\n    //status\n    assert.equal(response.status, 200);\n    //schema\n    // expect(response.data).to.be.jsonSchema(schema.VALIDATE_ADD_KK_SCHEMA)",
              "err": {
                "message": "AssertionError: expected 400 to equal 200",
                "estack": "AssertionError: expected 400 to equal 200\n    at Context.<anonymous> (file:///home/ardan/Ardan/QA/Automation%20Test/Git/dev-ardan/test/scenarios/SentraKependudukan_Umum.test.js:45:20)\n    at processTicksAndRejections (internal/process/task_queues.js:95:5)",
                "diff": "- 400\n+ 200\n"
              },
              "uuid": "3f6a6ee5-aa7e-4b7d-aa06-c615c8fc53f5",
              "parentUUID": "054d51e6-c11c-4e11-8e30-5c4ff3d13fa5",
              "isHook": false,
              "skipped": false
            },
            {
              "title": "Detail Riwayat",
              "fullTitle": "Mobile Detail Riwayat",
              "timedOut": false,
              "duration": 116,
              "state": "failed",
              "speed": null,
              "pass": false,
              "fail": true,
              "pending": false,
              "context": null,
              "code": "const response = await QoinAPI.get_detailRiwayat() //hit API\n\n    //status\n    assert.equal(response.status, 200);\n    //schema\n    // expect(response.data).to.be.jsonSchema(schema.VALIDATE_ADD_KK_SCHEMA)",
              "err": {
                "message": "AssertionError: expected 400 to equal 200",
                "estack": "AssertionError: expected 400 to equal 200\n    at Context.<anonymous> (file:///home/ardan/Ardan/QA/Automation%20Test/Git/dev-ardan/test/scenarios/SentraKependudukan_Umum.test.js:55:20)\n    at processTicksAndRejections (internal/process/task_queues.js:95:5)",
                "diff": "- 400\n+ 200\n"
              },
              "uuid": "604568d9-c79c-4707-8b91-9fedc7174202",
              "parentUUID": "054d51e6-c11c-4e11-8e30-5c4ff3d13fa5",
              "isHook": false,
              "skipped": false
            }
          ],
          "suites": [],
          "passes": [],
          "failures": [
            "b77595a1-d3bc-4057-8ba5-ecf35272c4db",
            "3f6a6ee5-aa7e-4b7d-aa06-c615c8fc53f5",
            "604568d9-c79c-4707-8b91-9fedc7174202"
          ],
          "pending": [],
          "skipped": [],
          "duration": 341,
          "root": false,
          "rootEmpty": false,
          "_timeout": 50000
        },
        {
          "uuid": "792ad677-cab6-47ba-8c02-67744761cc77",
          "title": "Web kategori lokasi",
          "fullFile": "/home/ardan/Ardan/QA/Automation Test/Git/dev-ardan/test/scenarios/SentraLokasi_Kategori.test.js",
          "file": "/test/scenarios/SentraLokasi_Kategori.test.js",
          "beforeHooks": [],
          "afterHooks": [],
          "tests": [
            {
              "title": "Add kategori lokasi",
              "fullTitle": "Web kategori lokasi Add kategori lokasi",
              "timedOut": false,
              "duration": 104,
              "state": "failed",
              "speed": null,
              "pass": false,
              "fail": true,
              "pending": false,
              "context": null,
              "code": "const response = await QoinAPI.createkategoriLokasi(data.VALID_ADDKATEGORI)\n//result\nassert.equal(response.status, 200)\n//schema belum nyoba\n// expect(response.data).to.be.jsonSchema(schema.VALIDATE_ADD_KATEGORILOKASI_SCHEMA)",
              "err": {
                "message": "AssertionError: expected 400 to equal 200",
                "estack": "AssertionError: expected 400 to equal 200\n    at Context.<anonymous> (file:///home/ardan/Ardan/QA/Automation%20Test/Git/dev-ardan/test/scenarios/SentraLokasi_Kategori.test.js:17:16)\n    at processTicksAndRejections (internal/process/task_queues.js:95:5)",
                "diff": "- 400\n+ 200\n"
              },
              "uuid": "38ac1c5d-8568-4ae8-a5c6-505b9f28773f",
              "parentUUID": "792ad677-cab6-47ba-8c02-67744761cc77",
              "isHook": false,
              "skipped": false
            },
            {
              "title": "Get detail kategori lokasi",
              "fullTitle": "Web kategori lokasi Get detail kategori lokasi",
              "timedOut": false,
              "duration": 95,
              "state": "failed",
              "speed": null,
              "pass": false,
              "fail": true,
              "pending": false,
              "context": null,
              "code": "const response = await QoinAPI.getdetailkategoriLokasi()\n//result\nassert.equal(response.status, 200)\n//schema\nexpect(response.data).to.be.jsonSchema(schema.VALIDATE_GETDETAILKATEGORILOKASI)",
              "err": {
                "message": "AssertionError: expected 400 to equal 200",
                "estack": "AssertionError: expected 400 to equal 200\n    at Context.<anonymous> (file:///home/ardan/Ardan/QA/Automation%20Test/Git/dev-ardan/test/scenarios/SentraLokasi_Kategori.test.js:27:16)\n    at processTicksAndRejections (internal/process/task_queues.js:95:5)",
                "diff": "- 400\n+ 200\n"
              },
              "uuid": "33725371-78bc-4cf0-a826-350022746e32",
              "parentUUID": "792ad677-cab6-47ba-8c02-67744761cc77",
              "isHook": false,
              "skipped": false
            },
            {
              "title": "Update kategori lokasi",
              "fullTitle": "Web kategori lokasi Update kategori lokasi",
              "timedOut": false,
              "duration": 286,
              "state": "failed",
              "speed": null,
              "pass": false,
              "fail": true,
              "pending": false,
              "context": null,
              "code": "const id = await Getid()\nconst response = await QoinAPI.updatekategoriLokasi(id, data.VALID_UPDATEKATEGORI)\n//result\nassert.equal(response.status, 200)\n//schema\nexpect(response.data).to.be.jsonSchema(schema.VALIDATE_UPDATE_KATEGORILOKASI_SCHEMA)\n// console.log(response.data.data)",
              "err": {
                "message": "AssertionError: expected 400 to equal 200",
                "estack": "AssertionError: expected 400 to equal 200\n    at Context.<anonymous> (file:///home/ardan/Ardan/QA/Automation%20Test/Git/dev-ardan/test/scenarios/SentraLokasi_Kategori.test.js:38:16)\n    at processTicksAndRejections (internal/process/task_queues.js:95:5)",
                "diff": "- 400\n+ 200\n"
              },
              "uuid": "e26d589d-53da-4060-a5e4-4f4452ce409f",
              "parentUUID": "792ad677-cab6-47ba-8c02-67744761cc77",
              "isHook": false,
              "skipped": false
            },
            {
              "title": "Delete kategori lokasi",
              "fullTitle": "Web kategori lokasi Delete kategori lokasi",
              "timedOut": false,
              "duration": 219,
              "state": "failed",
              "speed": null,
              "pass": false,
              "fail": true,
              "pending": false,
              "context": null,
              "code": "const id = await Getid()\nconst response = await QoinAPI.deletekategoriLokasi(id)\n//result\nassert.equal(response.status, 200)",
              "err": {
                "message": "AssertionError: expected 400 to equal 200",
                "estack": "AssertionError: expected 400 to equal 200\n    at Context.<anonymous> (file:///home/ardan/Ardan/QA/Automation%20Test/Git/dev-ardan/test/scenarios/SentraLokasi_Kategori.test.js:64:16)\n    at processTicksAndRejections (internal/process/task_queues.js:95:5)",
                "diff": "- 400\n+ 200\n"
              },
              "uuid": "6faecf16-5306-412a-9acc-dab0f0c21a5f",
              "parentUUID": "792ad677-cab6-47ba-8c02-67744761cc77",
              "isHook": false,
              "skipped": false
            }
          ],
          "suites": [],
          "passes": [],
          "failures": [
            "38ac1c5d-8568-4ae8-a5c6-505b9f28773f",
            "33725371-78bc-4cf0-a826-350022746e32",
            "e26d589d-53da-4060-a5e4-4f4452ce409f",
            "6faecf16-5306-412a-9acc-dab0f0c21a5f"
          ],
          "pending": [],
          "skipped": [],
          "duration": 704,
          "root": false,
          "rootEmpty": false,
          "_timeout": 50000
        },
        {
          "uuid": "dc4ab8d6-6e30-4045-854a-af2c6be97c7b",
          "title": "Mobile kategori lokasi",
          "fullFile": "/home/ardan/Ardan/QA/Automation Test/Git/dev-ardan/test/scenarios/SentraLokasi_Kategori.test.js",
          "file": "/test/scenarios/SentraLokasi_Kategori.test.js",
          "beforeHooks": [],
          "afterHooks": [],
          "tests": [
            {
              "title": "Get kategori lokasi",
              "fullTitle": "Mobile kategori lokasi Get kategori lokasi",
              "timedOut": false,
              "duration": 92,
              "state": "failed",
              "speed": null,
              "pass": false,
              "fail": true,
              "pending": false,
              "context": null,
              "code": "const response = await QoinAPI.get_lokasi();\n    \nassert.equal(response.status, 200)\n// console.log(response.data.data)\n//schema belum nyoba\n// expect(response.data).to.be.jsonSchema(schema.VALIDATE_LOKASI_SCHEMA)",
              "err": {
                "message": "AssertionError: expected 400 to equal 200",
                "estack": "AssertionError: expected 400 to equal 200\n    at Context.<anonymous> (file:///home/ardan/Ardan/QA/Automation%20Test/Git/dev-ardan/test/scenarios/SentraLokasi_Kategori.test.js:75:16)\n    at processTicksAndRejections (internal/process/task_queues.js:95:5)",
                "diff": "- 400\n+ 200\n"
              },
              "uuid": "14dc6026-dc54-4618-af40-ff348cad9528",
              "parentUUID": "dc4ab8d6-6e30-4045-854a-af2c6be97c7b",
              "isHook": false,
              "skipped": false
            }
          ],
          "suites": [],
          "passes": [],
          "failures": [
            "14dc6026-dc54-4618-af40-ff348cad9528"
          ],
          "pending": [],
          "skipped": [],
          "duration": 92,
          "root": false,
          "rootEmpty": false,
          "_timeout": 50000
        },
        {
          "uuid": "bf8b6205-dc80-4075-a151-57bce50eaf7f",
          "title": "Web lokasi",
          "fullFile": "/home/ardan/Ardan/QA/Automation Test/Git/dev-ardan/test/scenarios/SentraLokasi_Lokasi.test.js",
          "file": "/test/scenarios/SentraLokasi_Lokasi.test.js",
          "beforeHooks": [],
          "afterHooks": [],
          "tests": [
            {
              "title": "Add lokasi",
              "fullTitle": "Web lokasi Add lokasi",
              "timedOut": false,
              "duration": 87,
              "state": "failed",
              "speed": null,
              "pass": false,
              "fail": true,
              "pending": false,
              "context": null,
              "code": "const response = await QoinAPI.addLokasi(data.VALID_ADDLOKASI)\n//result\nassert.equal(response.status, 200)\n//schema belum nyoba ga brani\n//expect(response.data).to.be.jsonSchema(schema)",
              "err": {
                "message": "AssertionError: expected 400 to equal 200",
                "estack": "AssertionError: expected 400 to equal 200\n    at Context.<anonymous> (file:///home/ardan/Ardan/QA/Automation%20Test/Git/dev-ardan/test/scenarios/SentraLokasi_Lokasi.test.js:19:16)\n    at processTicksAndRejections (internal/process/task_queues.js:95:5)",
                "diff": "- 400\n+ 200\n"
              },
              "uuid": "0e29ddb7-51f1-4f49-85c4-662a190b4e0f",
              "parentUUID": "bf8b6205-dc80-4075-a151-57bce50eaf7f",
              "isHook": false,
              "skipped": false
            },
            {
              "title": "Add multi lokasi",
              "fullTitle": "Web lokasi Add multi lokasi",
              "timedOut": false,
              "duration": 110,
              "state": "failed",
              "speed": null,
              "pass": false,
              "fail": true,
              "pending": false,
              "context": null,
              "code": "const response = await QoinAPI.addMultilokasi(data.VALID_ADDMULTILOKASI)\n//result\nassert.equal(response.status, 200)\n//schema\n//expect(response.data).to.be.jsonSchema(schema.VALIDATE_ADDSENTRAMULTILOKASI_WEBADMIN_SCHEMA)",
              "err": {
                "message": "AssertionError: expected 400 to equal 200",
                "estack": "AssertionError: expected 400 to equal 200\n    at Context.<anonymous> (file:///home/ardan/Ardan/QA/Automation%20Test/Git/dev-ardan/test/scenarios/SentraLokasi_Lokasi.test.js:29:16)\n    at processTicksAndRejections (internal/process/task_queues.js:95:5)",
                "diff": "- 400\n+ 200\n"
              },
              "uuid": "9b5b7853-7cdb-4bc1-ba98-dc98f16f7529",
              "parentUUID": "bf8b6205-dc80-4075-a151-57bce50eaf7f",
              "isHook": false,
              "skipped": false
            },
            {
              "title": "Get dan Cek Data Multi Lokasi",
              "fullTitle": "Web lokasi Get dan Cek Data Multi Lokasi",
              "timedOut": false,
              "duration": 91,
              "state": "failed",
              "speed": null,
              "pass": false,
              "fail": true,
              "pending": false,
              "context": null,
              "code": "const response = await QoinAPI.getLokasi()\n//result\nassert.equal(response.status, 200)\n//schema\n//expect(response.data).to.be.jsonSchema(schema.)",
              "err": {
                "message": "AssertionError: expected 400 to equal 200",
                "estack": "AssertionError: expected 400 to equal 200\n    at Context.<anonymous> (file:///home/ardan/Ardan/QA/Automation%20Test/Git/dev-ardan/test/scenarios/SentraLokasi_Lokasi.test.js:39:16)\n    at processTicksAndRejections (internal/process/task_queues.js:95:5)",
                "diff": "- 400\n+ 200\n"
              },
              "uuid": "c93c21e2-3e13-4302-9bbd-2aece744178c",
              "parentUUID": "bf8b6205-dc80-4075-a151-57bce50eaf7f",
              "isHook": false,
              "skipped": false
            },
            {
              "title": "Edit lokasi",
              "fullTitle": "Web lokasi Edit lokasi",
              "timedOut": false,
              "duration": 313,
              "state": "failed",
              "speed": null,
              "pass": false,
              "fail": true,
              "pending": false,
              "context": null,
              "code": "const id = await Getid_Lokasi()\nconst response = await QoinAPI.updateLokasi(id, data.VALID_PUTLOKASI)\n//result\nassert.equal(response.status, 200)\n//schema BELUM NYOBA JUGA\n//expect(response.data).to.be.jsonSchema(schema)",
              "err": {
                "message": "AssertionError: expected 400 to equal 200",
                "estack": "AssertionError: expected 400 to equal 200\n    at Context.<anonymous> (file:///home/ardan/Ardan/QA/Automation%20Test/Git/dev-ardan/test/scenarios/SentraLokasi_Lokasi.test.js:50:16)\n    at processTicksAndRejections (internal/process/task_queues.js:95:5)",
                "diff": "- 400\n+ 200\n"
              },
              "uuid": "08a2332e-7b90-4a64-953c-66ec927a56a5",
              "parentUUID": "bf8b6205-dc80-4075-a151-57bce50eaf7f",
              "isHook": false,
              "skipped": false
            },
            {
              "title": "Add lokasi image",
              "fullTitle": "Web lokasi Add lokasi image",
              "timedOut": false,
              "duration": 92,
              "state": "failed",
              "speed": null,
              "pass": false,
              "fail": true,
              "pending": false,
              "context": null,
              "code": "const response = await QoinAPI.addImagelokasi(data.VALID_ADDLOCATIONIMAGE)\n//result\nassert.equal(response.status, 200)\n//schema BELUM NYOBA JUGA\n//expect(response.data).to.be.jsonSchema(schema)",
              "err": {
                "message": "AssertionError: expected 400 to equal 200",
                "estack": "AssertionError: expected 400 to equal 200\n    at Context.<anonymous> (file:///home/ardan/Ardan/QA/Automation%20Test/Git/dev-ardan/test/scenarios/SentraLokasi_Lokasi.test.js:60:16)\n    at processTicksAndRejections (internal/process/task_queues.js:95:5)",
                "diff": "- 400\n+ 200\n"
              },
              "uuid": "abcc0eb5-2b1c-49cd-a462-00d79f1f436d",
              "parentUUID": "bf8b6205-dc80-4075-a151-57bce50eaf7f",
              "isHook": false,
              "skipped": false
            },
            {
              "title": "Get dan Cek Image Lokasi",
              "fullTitle": "Web lokasi Get dan Cek Image Lokasi",
              "timedOut": false,
              "duration": 88,
              "state": "failed",
              "speed": null,
              "pass": false,
              "fail": true,
              "pending": false,
              "context": null,
              "code": "const response = await QoinAPI.getImagelokasi()\n//result\nassert.equal(response.status, 200)\n//schema\n//expect(response.data).to.be.jsonSchema(schema.VALIDATE_GETIMAGELOKASI_SCHEMA)",
              "err": {
                "message": "AssertionError: expected 400 to equal 200",
                "estack": "AssertionError: expected 400 to equal 200\n    at Context.<anonymous> (file:///home/ardan/Ardan/QA/Automation%20Test/Git/dev-ardan/test/scenarios/SentraLokasi_Lokasi.test.js:70:16)\n    at processTicksAndRejections (internal/process/task_queues.js:95:5)",
                "diff": "- 400\n+ 200\n"
              },
              "uuid": "5ed8eabb-e899-45b9-8408-01699ae4680f",
              "parentUUID": "bf8b6205-dc80-4075-a151-57bce50eaf7f",
              "isHook": false,
              "skipped": false
            },
            {
              "title": "Get Fasilitas Lokasi",
              "fullTitle": "Web lokasi Get Fasilitas Lokasi",
              "timedOut": false,
              "duration": 90,
              "state": "passed",
              "speed": "slow",
              "pass": true,
              "fail": false,
              "pending": false,
              "context": null,
              "code": "const response = await QoinAPI.getFasilitaslokasi()\n//result\n// assert.equal(response.status, 200)\n// //schema\n// expect(response.data).to.be.jsonSchema(schema.VALIDATE_GETFASILITASLOKASI_SCHEMA)\nconsole.log(response.headers)\nconsole.log(response.data)",
              "err": {},
              "uuid": "680fe95b-0a5b-40c7-bd38-963fdbd44cf3",
              "parentUUID": "bf8b6205-dc80-4075-a151-57bce50eaf7f",
              "isHook": false,
              "skipped": false
            },
            {
              "title": "Get Lokasi By Id",
              "fullTitle": "Web lokasi Get Lokasi By Id",
              "timedOut": false,
              "duration": 94,
              "state": "failed",
              "speed": null,
              "pass": false,
              "fail": true,
              "pending": false,
              "context": null,
              "code": "const response = await QoinAPI.getLokasibyid()\n//result\nassert.equal(response.status, 200)\n//schema\nexpect(response.data).to.be.jsonSchema(schema.VALIDATE_GETLOKASIBYID_SCHEMA)",
              "err": {
                "message": "AssertionError: expected 400 to equal 200",
                "estack": "AssertionError: expected 400 to equal 200\n    at Context.<anonymous> (file:///home/ardan/Ardan/QA/Automation%20Test/Git/dev-ardan/test/scenarios/SentraLokasi_Lokasi.test.js:103:16)\n    at processTicksAndRejections (internal/process/task_queues.js:95:5)",
                "diff": "- 400\n+ 200\n"
              },
              "uuid": "2ef0335a-e452-4391-8299-ef126af01291",
              "parentUUID": "bf8b6205-dc80-4075-a151-57bce50eaf7f",
              "isHook": false,
              "skipped": false
            },
            {
              "title": "Hapus Image Lokasi",
              "fullTitle": "Web lokasi Hapus Image Lokasi",
              "timedOut": false,
              "duration": 92,
              "state": "failed",
              "speed": null,
              "pass": false,
              "fail": true,
              "pending": false,
              "context": null,
              "code": "const response = await QoinAPI.deleteImagelokasi()\n//result\nassert.equal(response.status, 200)\n//schema belum nyoba\n//expect(response.data).to.be.jsonSchema(schema.VALIDATE_GETIMAGELOKASI_SCHEMA)",
              "err": {
                "message": "AssertionError: expected 400 to equal 200",
                "estack": "AssertionError: expected 400 to equal 200\n    at Context.<anonymous> (file:///home/ardan/Ardan/QA/Automation%20Test/Git/dev-ardan/test/scenarios/SentraLokasi_Lokasi.test.js:113:16)\n    at processTicksAndRejections (internal/process/task_queues.js:95:5)",
                "diff": "- 400\n+ 200\n"
              },
              "uuid": "c3dfa279-9fe6-4943-ae12-7c282b4849da",
              "parentUUID": "bf8b6205-dc80-4075-a151-57bce50eaf7f",
              "isHook": false,
              "skipped": false
            },
            {
              "title": "Hapus lokasi",
              "fullTitle": "Web lokasi Hapus lokasi",
              "timedOut": false,
              "duration": 286,
              "state": "failed",
              "speed": null,
              "pass": false,
              "fail": true,
              "pending": false,
              "context": null,
              "code": "const id = await Getid_Lokasi()\nconst response = await QoinAPI.deleteLokasi(id)\n//result\nassert.equal(response.status, 200)\n//schema BELUM NYOBA JUGA\n//expect(response.data).to.be.jsonSchema(schema)",
              "err": {
                "message": "AssertionError: expected 400 to equal 200",
                "estack": "AssertionError: expected 400 to equal 200\n    at Context.<anonymous> (file:///home/ardan/Ardan/QA/Automation%20Test/Git/dev-ardan/test/scenarios/SentraLokasi_Lokasi.test.js:124:16)\n    at processTicksAndRejections (internal/process/task_queues.js:95:5)",
                "diff": "- 400\n+ 200\n"
              },
              "uuid": "bf1dcaf7-6350-43e9-aa7a-866d5caee924",
              "parentUUID": "bf8b6205-dc80-4075-a151-57bce50eaf7f",
              "isHook": false,
              "skipped": false
            }
          ],
          "suites": [],
          "passes": [
            "680fe95b-0a5b-40c7-bd38-963fdbd44cf3"
          ],
          "failures": [
            "0e29ddb7-51f1-4f49-85c4-662a190b4e0f",
            "9b5b7853-7cdb-4bc1-ba98-dc98f16f7529",
            "c93c21e2-3e13-4302-9bbd-2aece744178c",
            "08a2332e-7b90-4a64-953c-66ec927a56a5",
            "abcc0eb5-2b1c-49cd-a462-00d79f1f436d",
            "5ed8eabb-e899-45b9-8408-01699ae4680f",
            "2ef0335a-e452-4391-8299-ef126af01291",
            "c3dfa279-9fe6-4943-ae12-7c282b4849da",
            "bf1dcaf7-6350-43e9-aa7a-866d5caee924"
          ],
          "pending": [],
          "skipped": [],
          "duration": 1343,
          "root": false,
          "rootEmpty": false,
          "_timeout": 50000
        },
        {
          "uuid": "03c64021-fbee-46b6-a3ae-6e835be3cdaf",
          "title": "Mobile lokasi",
          "fullFile": "/home/ardan/Ardan/QA/Automation Test/Git/dev-ardan/test/scenarios/SentraLokasi_Lokasi.test.js",
          "file": "/test/scenarios/SentraLokasi_Lokasi.test.js",
          "beforeHooks": [],
          "afterHooks": [],
          "tests": [
            {
              "title": "Get haversin circle",
              "fullTitle": "Mobile lokasi Get haversin circle",
              "timedOut": false,
              "duration": 99,
              "state": "failed",
              "speed": null,
              "pass": false,
              "fail": true,
              "pending": false,
              "context": null,
              "code": "const response = await QoinAPI.get_haversin_circle();\n    \nassert.equal(response.status, 200)\nexpect(response.data).to.be.jsonSchema(schema.VALIDATE_HAVERSINCIRCLE_SCHEMA)",
              "err": {
                "message": "AssertionError: expected 400 to equal 200",
                "estack": "AssertionError: expected 400 to equal 200\n    at Context.<anonymous> (file:///home/ardan/Ardan/QA/Automation%20Test/Git/dev-ardan/test/scenarios/SentraLokasi_Lokasi.test.js:135:16)\n    at processTicksAndRejections (internal/process/task_queues.js:95:5)",
                "diff": "- 400\n+ 200\n"
              },
              "uuid": "e20997a9-8f32-4c90-b77e-e716bf900d0a",
              "parentUUID": "03c64021-fbee-46b6-a3ae-6e835be3cdaf",
              "isHook": false,
              "skipped": false
            },
            {
              "title": "Get haversin circle by kategori",
              "fullTitle": "Mobile lokasi Get haversin circle by kategori",
              "timedOut": false,
              "duration": 93,
              "state": "failed",
              "speed": null,
              "pass": false,
              "fail": true,
              "pending": false,
              "context": null,
              "code": "const response = await QoinAPI.get_haversin_circle_bykategori();\n    \nassert.equal(response.status, 200)\nexpect(response.data).to.be.jsonSchema(schema.VALIDATE_HAVERSINCIRCLE_BYKATEGORI_SCHEMA)",
              "err": {
                "message": "AssertionError: expected 400 to equal 200",
                "estack": "AssertionError: expected 400 to equal 200\n    at Context.<anonymous> (file:///home/ardan/Ardan/QA/Automation%20Test/Git/dev-ardan/test/scenarios/SentraLokasi_Lokasi.test.js:142:16)\n    at processTicksAndRejections (internal/process/task_queues.js:95:5)",
                "diff": "- 400\n+ 200\n"
              },
              "uuid": "0860b001-b50f-49b4-be60-6df8da84e2d0",
              "parentUUID": "03c64021-fbee-46b6-a3ae-6e835be3cdaf",
              "isHook": false,
              "skipped": false
            },
            {
              "title": "Get haversin lokasi by id",
              "fullTitle": "Mobile lokasi Get haversin lokasi by id",
              "timedOut": false,
              "duration": 87,
              "state": "failed",
              "speed": null,
              "pass": false,
              "fail": true,
              "pending": false,
              "context": null,
              "code": "const response = await QoinAPI.get_lokasi_byid();\n    \nassert.equal(response.status, 200)\nexpect(response.data).to.be.jsonSchema(schema.VALIDATE_KATEGORIBYID_SCHEMA)",
              "err": {
                "message": "AssertionError: expected 400 to equal 200",
                "estack": "AssertionError: expected 400 to equal 200\n    at Context.<anonymous> (file:///home/ardan/Ardan/QA/Automation%20Test/Git/dev-ardan/test/scenarios/SentraLokasi_Lokasi.test.js:149:16)\n    at processTicksAndRejections (internal/process/task_queues.js:95:5)",
                "diff": "- 400\n+ 200\n"
              },
              "uuid": "f669a389-4995-434b-83d3-d77616f9cb48",
              "parentUUID": "03c64021-fbee-46b6-a3ae-6e835be3cdaf",
              "isHook": false,
              "skipped": false
            }
          ],
          "suites": [],
          "passes": [],
          "failures": [
            "e20997a9-8f32-4c90-b77e-e716bf900d0a",
            "0860b001-b50f-49b4-be60-6df8da84e2d0",
            "f669a389-4995-434b-83d3-d77616f9cb48"
          ],
          "pending": [],
          "skipped": [],
          "duration": 279,
          "root": false,
          "rootEmpty": false,
          "_timeout": 50000
        },
        {
          "uuid": "f1eb04c4-1526-4ce6-b8e1-4487f2dfcaa8",
          "title": "Web",
          "fullFile": "/home/ardan/Ardan/QA/Automation Test/Git/dev-ardan/test/scenarios/csr-penerbit.test.js",
          "file": "/test/scenarios/csr-penerbit.test.js",
          "beforeHooks": [],
          "afterHooks": [],
          "tests": [
            {
              "title": "Login",
              "fullTitle": "Web Login",
              "timedOut": false,
              "duration": 170,
              "state": "passed",
              "speed": "slow",
              "pass": true,
              "fail": false,
              "pending": false,
              "context": null,
              "code": "const response = await QoinAPI.login(data.VALID_LOGIN) //hit API\n\n    //result\n    assert.equal(response.status, 202); \n    \n    //schema\n    // expect(response.data).to.be.jsonSchema(schema.VALIDATE_LOGIN_SCHEMA)",
              "err": {},
              "uuid": "46a2cced-4a18-41bd-ba73-9f05a85b451e",
              "parentUUID": "f1eb04c4-1526-4ce6-b8e1-4487f2dfcaa8",
              "isHook": false,
              "skipped": false
            },
            {
              "title": "Create Multi Penerbit",
              "fullTitle": "Web Create Multi Penerbit",
              "timedOut": false,
              "duration": 2984,
              "state": "failed",
              "speed": null,
              "pass": false,
              "fail": true,
              "pending": false,
              "context": null,
              "code": "const token = await Get_token()\nconst response = await QoinAPI.multipenerbit(data.VALID_MULTIPENERBIT, token)\n\nassert.equal(response.status, 200);\n    \n// expect(response.data).to.be.jsonSchema(schema.VALIDATE_MULTIPENERBIT_SCHEMA) //Call JSON Schema",
              "err": {
                "message": "AssertionError: expected 500 to equal 200",
                "estack": "AssertionError: expected 500 to equal 200\n    at Context.<anonymous> (file:///home/ardan/Ardan/QA/Automation%20Test/Git/dev-ardan/test/scenarios/csr-penerbit.test.js:27:16)\n    at processTicksAndRejections (internal/process/task_queues.js:95:5)",
                "diff": "- 500\n+ 200\n"
              },
              "uuid": "a469c9bf-b3af-45d7-ba10-55b3491511d4",
              "parentUUID": "f1eb04c4-1526-4ce6-b8e1-4487f2dfcaa8",
              "isHook": false,
              "skipped": false
            },
            {
              "title": "Create Penerbit",
              "fullTitle": "Web Create Penerbit",
              "timedOut": false,
              "duration": 259,
              "state": "failed",
              "speed": null,
              "pass": false,
              "fail": true,
              "pending": false,
              "context": null,
              "code": "const token = await Get_token();\nconst response = await QoinAPI.penerbit(data.VALID_PENERBIT, token) //hit API\n// console.log(response.headers);\n// console.log(response.body);\n// console.log(response.data);\nassert.equal(response.status, 200);\n    \nexpect(response.data).to.be.jsonSchema(schema.VALIDATE_PENERBIT_SCHEMA) //Call JSON Schema\n// IssuerCode = response.data.data.list[0].id",
              "err": {
                "message": "AssertionError: expected 400 to equal 200",
                "estack": "AssertionError: expected 400 to equal 200\n    at Context.<anonymous> (file:///home/ardan/Ardan/QA/Automation%20Test/Git/dev-ardan/test/scenarios/csr-penerbit.test.js:40:16)\n    at processTicksAndRejections (internal/process/task_queues.js:95:5)",
                "diff": "- 400\n+ 200\n"
              },
              "uuid": "bc672506-5715-495d-ae51-1340f302775a",
              "parentUUID": "f1eb04c4-1526-4ce6-b8e1-4487f2dfcaa8",
              "isHook": false,
              "skipped": false
            },
            {
              "title": "Read Penerbit",
              "fullTitle": "Web Read Penerbit",
              "timedOut": false,
              "duration": 378,
              "state": "failed",
              "speed": null,
              "pass": false,
              "fail": true,
              "pending": false,
              "context": null,
              "code": "const token = await Get_token();\nconst id = await Getid();\nconst response = await QoinAPI.getpenerbit(id, token)\nassert.equal(response.status, 200);\n    \nexpect(response.data).to.be.jsonSchema(schema.VALIDATE_GETPENERBIT_SCHEMA) //Call JSON Schema",
              "err": {
                "message": "AssertionError: expected value to match json-schema 'Root Schema' -> '{\"status_code\":200,\"message\":\"...'\n      Missing required property: keys\n          schema: Root Schema\n          rule:   /properties/data/required/0 -> \"keys\"\n          field:  /data -> Object: {\"informasi\":{\"InsertedDate\":\"2022-10-05\",\"IssuerCode\":\"PFJ\"...",
                "estack": "AssertionError: expected value to match json-schema 'Root Schema' -> '{\"status_code\":200,\"message\":\"...'\n      Missing required property: keys\n          schema: Root Schema\n          rule:   /properties/data/required/0 -> \"keys\"\n          field:  /data -> Object: {\"informasi\":{\"InsertedDate\":\"2022-10-05\",\"IssuerCode\":\"PFJ\"...\n    at Context.<anonymous> (file:///home/ardan/Ardan/QA/Automation%20Test/Git/dev-ardan/test/scenarios/csr-penerbit.test.js:56:37)\n    at processTicksAndRejections (internal/process/task_queues.js:95:5)",
                "diff": null
              },
              "uuid": "31e7193d-4b9c-4702-bbda-122b25c6aea7",
              "parentUUID": "f1eb04c4-1526-4ce6-b8e1-4487f2dfcaa8",
              "isHook": false,
              "skipped": false
            },
            {
              "title": "Update Penerbit",
              "fullTitle": "Web Update Penerbit",
              "timedOut": false,
              "duration": 369,
              "state": "passed",
              "speed": "slow",
              "pass": true,
              "fail": false,
              "pending": false,
              "context": null,
              "code": "const token = await Get_token();\nconst id = await Getid();\nconst response = await QoinAPI.updatepenerbit(id, data.VALID_UPDATEPENERBIT, token) //hit API\nassert.equal(response.status, 200);\n    \nexpect(response.data).to.be.jsonSchema(schema.VALIDATE_UPDATEPENERBIT_SCHEMA) //Call JSON Schema",
              "err": {},
              "uuid": "543c530b-85cd-4281-9d4f-3515863cfb4d",
              "parentUUID": "f1eb04c4-1526-4ce6-b8e1-4487f2dfcaa8",
              "isHook": false,
              "skipped": false
            },
            {
              "title": "Create Voucher",
              "fullTitle": "Web Create Voucher",
              "timedOut": false,
              "duration": 9280,
              "state": "failed",
              "speed": null,
              "pass": false,
              "fail": true,
              "pending": false,
              "context": null,
              "code": "const token = await Get_token();\nconst response = await QoinAPI.penerbit(data.VALID_VOUCHER, token) //hit API\nassert.equal(response.status, 200);\n    \n// expect(response.data).to.be.jsonSchema(schema.VALIDATE_PENERBIT_SCHEMA) //Call JSON Schema",
              "err": {
                "message": "AssertionError: expected 500 to equal 200",
                "estack": "AssertionError: expected 500 to equal 200\n    at Context.<anonymous> (file:///home/ardan/Ardan/QA/Automation%20Test/Git/dev-ardan/test/scenarios/csr-penerbit.test.js:73:16)\n    at processTicksAndRejections (internal/process/task_queues.js:95:5)",
                "diff": "- 500\n+ 200\n"
              },
              "uuid": "b903865b-aad9-4460-817d-42cba078982a",
              "parentUUID": "f1eb04c4-1526-4ce6-b8e1-4487f2dfcaa8",
              "isHook": false,
              "skipped": false
            },
            {
              "title": "Update Voucher",
              "fullTitle": "Web Update Voucher",
              "timedOut": false,
              "duration": 92,
              "state": "failed",
              "speed": null,
              "pass": false,
              "fail": true,
              "pending": false,
              "context": null,
              "code": "const id_voucher = await Getid_voucher();\nconst token = await Get_token();\nconst response = await QoinAPI.penerbit(id_voucher, data.VALID_UPDATEVOUCHER, token) //hit API\nassert.equal(response.status, 200);\n    \n// expect(response.data).to.be.jsonSchema(schema.VALIDATE_PENERBIT_SCHEMA) //Call JSON Schema",
              "err": {
                "message": "TypeError: Cannot read property 'id' of undefined",
                "estack": "TypeError: Cannot read property 'id' of undefined\n    at Getid_voucher (file:///home/ardan/Ardan/QA/Automation%20Test/Git/dev-ardan/test/helper/helper-csr.js:53:28)\n    at processTicksAndRejections (internal/process/task_queues.js:95:5)\n    at async Context.<anonymous> (file:///home/ardan/Ardan/QA/Automation%20Test/Git/dev-ardan/test/scenarios/csr-penerbit.test.js:79:28)",
                "diff": null
              },
              "uuid": "94fd9f14-89a0-4100-ac85-80ddb031ce59",
              "parentUUID": "f1eb04c4-1526-4ce6-b8e1-4487f2dfcaa8",
              "isHook": false,
              "skipped": false
            },
            {
              "title": "Create Program Bantuan",
              "fullTitle": "Web Create Program Bantuan",
              "timedOut": false,
              "duration": 9565,
              "state": "failed",
              "speed": null,
              "pass": false,
              "fail": true,
              "pending": false,
              "context": null,
              "code": "const token = await Get_token();\nconst response = await QoinAPI.penerbit(data.VALID_BANSOS, token) //hit API\nassert.equal(response.status, 200);\n    \n// expect(response.data).to.be.jsonSchema(schema.VALIDATE_PENERBIT_SCHEMA) //Call JSON Schema",
              "err": {
                "message": "AssertionError: expected 500 to equal 200",
                "estack": "AssertionError: expected 500 to equal 200\n    at Context.<anonymous> (file:///home/ardan/Ardan/QA/Automation%20Test/Git/dev-ardan/test/scenarios/csr-penerbit.test.js:92:16)\n    at processTicksAndRejections (internal/process/task_queues.js:95:5)",
                "diff": "- 500\n+ 200\n"
              },
              "uuid": "bc32d47a-46be-4034-99d1-10134b06344e",
              "parentUUID": "f1eb04c4-1526-4ce6-b8e1-4487f2dfcaa8",
              "isHook": false,
              "skipped": false
            },
            {
              "title": "Get Program Bantuan",
              "fullTitle": "Web Get Program Bantuan",
              "timedOut": false,
              "duration": 2,
              "state": "failed",
              "speed": null,
              "pass": false,
              "fail": true,
              "pending": false,
              "context": null,
              "code": "x\n        const token = await Get_token();\n        const response = await QoinAPI.listbansos(token)\n        assert.equal(response.status, 200);\n        //expect(response.data).to.be.jsonSchema(schema.) // call JSON Schema",
              "err": {
                "message": "ReferenceError: x is not defined",
                "estack": "ReferenceError: x is not defined\n    at Context.<anonymous> (file:///home/ardan/Ardan/QA/Automation%20Test/Git/dev-ardan/test/scenarios/csr-penerbit.test.js:97:43)\n    at processImmediate (internal/timers.js:464:21)",
                "diff": null
              },
              "uuid": "0ddbd11c-6320-4b7a-8cbf-9f9e2984238a",
              "parentUUID": "f1eb04c4-1526-4ce6-b8e1-4487f2dfcaa8",
              "isHook": false,
              "skipped": false
            },
            {
              "title": "Read Daftar Program Bantuan",
              "fullTitle": "Web Read Daftar Program Bantuan",
              "timedOut": false,
              "duration": 271,
              "state": "passed",
              "speed": "slow",
              "pass": true,
              "fail": false,
              "pending": false,
              "context": null,
              "code": "const token = await Get_token();\nconst response = await QoinAPI.listbansos(token);\nassert.equal(response.status, 200);\n//expect(response.data).to.be.jsonSchema(schema.) // call JSON Schema",
              "err": {},
              "uuid": "4cf71f0b-16b2-4df4-947e-acb00530ca56",
              "parentUUID": "f1eb04c4-1526-4ce6-b8e1-4487f2dfcaa8",
              "isHook": false,
              "skipped": false
            },
            {
              "title": "Read List Penerima",
              "fullTitle": "Web Read List Penerima",
              "timedOut": false,
              "duration": 300,
              "state": "passed",
              "speed": "slow",
              "pass": true,
              "fail": false,
              "pending": false,
              "context": null,
              "code": "const token = await Get_token();\nconst id_program = Getid();\nconst response = await QoinAPI.listpenerimabansos(id_program, token);\nassert.equal(response.status, 200)\n//expect(response.data).to.be.jsonSchema(schema.) // call JSON Schema",
              "err": {},
              "uuid": "22df4013-2a01-4d0b-930a-3e82cfe3d837",
              "parentUUID": "f1eb04c4-1526-4ce6-b8e1-4487f2dfcaa8",
              "isHook": false,
              "skipped": false
            },
            {
              "title": "Read Voucher Bantuan",
              "fullTitle": "Web Read Voucher Bantuan",
              "timedOut": false,
              "duration": 137,
              "state": "failed",
              "speed": null,
              "pass": false,
              "fail": true,
              "pending": false,
              "context": null,
              "code": "const id_program = Getid();\nconst token = Get_token()\nconst response = await QoinAPI.listvoucherbansos(id_program, token);\nassert.equal(response.status, 200);\n//expect(response.data).to.be.jsonSchema(schema.) // call JSON Schema",
              "err": {
                "message": "AssertionError: expected 401 to equal 200",
                "estack": "AssertionError: expected 401 to equal 200\n    at Context.<anonymous> (file:///home/ardan/Ardan/QA/Automation%20Test/Git/dev-ardan/test/scenarios/csr-penerbit.test.js:130:16)\n    at processTicksAndRejections (internal/process/task_queues.js:95:5)",
                "diff": "- 401\n+ 200\n"
              },
              "uuid": "82eb4e40-b1e8-4182-bacf-d84623e0afc4",
              "parentUUID": "f1eb04c4-1526-4ce6-b8e1-4487f2dfcaa8",
              "isHook": false,
              "skipped": false
            },
            {
              "title": "Find Penerima Bansos Berdasarkan Nama",
              "fullTitle": "Web Find Penerima Bansos Berdasarkan Nama",
              "timedOut": false,
              "duration": 283,
              "state": "passed",
              "speed": "slow",
              "pass": true,
              "fail": false,
              "pending": false,
              "context": null,
              "code": "const token = await Get_token();\nconst response = await QoinAPI.listbansospenerima(token);\nassert.equal(response.status, 200)\n//expect(response.data).to.be.jsonSchema(schema.) // call JSON Schema",
              "err": {},
              "uuid": "f69e809c-e70a-4a37-8bce-d7285113c290",
              "parentUUID": "f1eb04c4-1526-4ce6-b8e1-4487f2dfcaa8",
              "isHook": false,
              "skipped": false
            },
            {
              "title": "Read Detail Data Penerima Bansos",
              "fullTitle": "Web Read Detail Data Penerima Bansos",
              "timedOut": false,
              "duration": 244,
              "state": "failed",
              "speed": null,
              "pass": false,
              "fail": true,
              "pending": false,
              "context": null,
              "code": "const id_penerima = await Getid()\nconst token = await Get_token()\nconst response = await QoinAPI.BansosUser(id_penerima, token)\nassert.equal(response.status, 200)\n//expect(response.data).to.be.jsonSchema(schema.) // call JSON Schema",
              "err": {
                "message": "TypeError: QoinAPI.BansosUser is not a function",
                "estack": "TypeError: QoinAPI.BansosUser is not a function\n    at Context.<anonymous> (file:///home/ardan/Ardan/QA/Automation%20Test/Git/dev-ardan/test/scenarios/csr-penerbit.test.js:147:40)\n    at processTicksAndRejections (internal/process/task_queues.js:95:5)",
                "diff": null
              },
              "uuid": "b285d37b-1ca6-4e84-a94d-01da84278a8a",
              "parentUUID": "f1eb04c4-1526-4ce6-b8e1-4487f2dfcaa8",
              "isHook": false,
              "skipped": false
            },
            {
              "title": "Read List Program Bantuan Yang Diterima",
              "fullTitle": "Web Read List Program Bantuan Yang Diterima",
              "timedOut": false,
              "duration": 491,
              "state": "passed",
              "speed": "slow",
              "pass": true,
              "fail": false,
              "pending": false,
              "context": null,
              "code": "const id_bansos = await Getid()\nconst id_user = await Getid()\nconst token = await Get_token()\nconst response = await QoinAPI.listvoucheruser(id_bansos, id_user, token)\nassert.equal(response.status, 200)\n//expect(response.data).to.be.jsonSchema(schema.) // call JSON Schema",
              "err": {},
              "uuid": "bffbddbf-a508-49cd-a85c-0d961f7932f1",
              "parentUUID": "f1eb04c4-1526-4ce6-b8e1-4487f2dfcaa8",
              "isHook": false,
              "skipped": false
            },
            {
              "title": "Reedem Voucher Bansos",
              "fullTitle": "Web Reedem Voucher Bansos",
              "timedOut": false,
              "duration": 256,
              "state": "failed",
              "speed": null,
              "pass": false,
              "fail": true,
              "pending": false,
              "context": null,
              "code": "const token = await Get_token()\nconst response = await QoinAPI.redeemvoucher(token)\nassert.equal(response.status, 200)\n//expect(response.data).to.be.jsonSchema(schema.) // call JSON Schema",
              "err": {
                "message": "AssertionError: expected 401 to equal 200",
                "estack": "AssertionError: expected 401 to equal 200\n    at Context.<anonymous> (file:///home/ardan/Ardan/QA/Automation%20Test/Git/dev-ardan/test/scenarios/csr-penerbit.test.js:169:16)\n    at processTicksAndRejections (internal/process/task_queues.js:95:5)",
                "diff": "- 401\n+ 200\n"
              },
              "uuid": "648f7428-3859-4098-ac38-9cddc44907e2",
              "parentUUID": "f1eb04c4-1526-4ce6-b8e1-4487f2dfcaa8",
              "isHook": false,
              "skipped": false
            }
          ],
          "suites": [],
          "passes": [
            "46a2cced-4a18-41bd-ba73-9f05a85b451e",
            "543c530b-85cd-4281-9d4f-3515863cfb4d",
            "4cf71f0b-16b2-4df4-947e-acb00530ca56",
            "22df4013-2a01-4d0b-930a-3e82cfe3d837",
            "f69e809c-e70a-4a37-8bce-d7285113c290",
            "bffbddbf-a508-49cd-a85c-0d961f7932f1"
          ],
          "failures": [
            "a469c9bf-b3af-45d7-ba10-55b3491511d4",
            "bc672506-5715-495d-ae51-1340f302775a",
            "31e7193d-4b9c-4702-bbda-122b25c6aea7",
            "b903865b-aad9-4460-817d-42cba078982a",
            "94fd9f14-89a0-4100-ac85-80ddb031ce59",
            "bc32d47a-46be-4034-99d1-10134b06344e",
            "0ddbd11c-6320-4b7a-8cbf-9f9e2984238a",
            "82eb4e40-b1e8-4182-bacf-d84623e0afc4",
            "b285d37b-1ca6-4e84-a94d-01da84278a8a",
            "648f7428-3859-4098-ac38-9cddc44907e2"
          ],
          "pending": [],
          "skipped": [],
          "duration": 25081,
          "root": false,
          "rootEmpty": false,
          "_timeout": 50000
        }
      ],
      "passes": [],
      "failures": [],
      "pending": [],
      "skipped": [],
      "duration": 0,
      "root": true,
      "rootEmpty": true,
      "_timeout": 50000
    }
  ],
  "meta": {
    "mocha": {
      "version": "10.0.0"
    },
    "mochawesome": {
      "options": {
        "quiet": false,
        "reportFilename": "mochawesome",
        "saveHtml": true,
        "saveJson": true,
        "consoleReporter": "spec",
        "useInlineDiffs": false,
        "code": true
      },
      "version": "7.1.3"
    },
    "marge": {
      "options": {
        "reportDir": "reports"
      },
      "version": "6.2.0"
    }
  }
}