{
  "stats": {
    "suites": 2,
    "tests": 8,
    "passes": 8,
    "pending": 0,
    "failures": 0,
    "start": "2022-10-13T07:01:36.614Z",
    "end": "2022-10-13T07:01:38.030Z",
    "duration": 1416,
    "testsRegistered": 8,
    "passPercent": 100,
    "pendingPercent": 0,
    "other": 0,
    "hasOther": false,
    "skipped": 0,
    "hasSkipped": false
  },
  "results": [
    {
      "uuid": "43712964-6ce6-4893-a7d1-b3ffa1e3d6f8",
      "title": "",
      "fullFile": "",
      "file": "",
      "beforeHooks": [],
      "afterHooks": [],
      "tests": [],
      "suites": [
        {
          "uuid": "c8a1751d-9cd1-4502-830d-31ae6e23407c",
          "title": "Mobile",
          "fullFile": "E:\\Qoin Automation\\qoin_mocha\\test\\scenarios\\SentraKependudukan_KK.test.js",
          "file": "\\test\\scenarios\\SentraKependudukan_KK.test.js",
          "beforeHooks": [],
          "afterHooks": [],
          "tests": [
            {
              "title": "Berhasil membuat kk melalui mobile",
              "fullTitle": "Mobile Berhasil membuat kk melalui mobile",
              "timedOut": false,
              "duration": 145,
              "state": "passed",
              "speed": "slow",
              "pass": true,
              "fail": false,
              "pending": false,
              "context": null,
              "code": "const response = await QoinAPI.addKk(token_mobile, data.VALID_ADDKK) //hit API\n\n    //result\n    assert.equal(response.status, 200);\n    assert.equal(response.data.data.rincian_pemohon.nama_pemohon.toLowerCase(), data.VALID_ADDKK.data.nama_pemohon.toLowerCase());\n    assert.equal(response.data.data.rincian_pemohon.nik_pemohon, data.VALID_ADDKK.data.nik_pemohon);\n    assert.equal(response.data.data.rincian_pemohon.jumlah_anggota, data.VALID_ADDKK.data.jumlah_anggota);\n    assert.equal(response.data.data.rincian_alamat.alamat.toLowerCase(), data.VALID_ADDKK.data.alamat.toLowerCase());\n    assert.equal(response.data.data.rincian_alamat.kota_pemohon.toLowerCase(), data.VALID_ADDKK.data.kota_pemohon.toLowerCase());\n    //schema\n    expect(response.data).to.be.jsonSchema(schema.VALIDATE_ADD_KK_SCHEMA)",
              "err": {},
              "uuid": "965b8908-06d5-4d31-b320-d0177131cca7",
              "parentUUID": "c8a1751d-9cd1-4502-830d-31ae6e23407c",
              "isHook": false,
              "skipped": false
            }
          ],
          "suites": [],
          "passes": [
            "965b8908-06d5-4d31-b320-d0177131cca7"
          ],
          "failures": [],
          "pending": [],
          "skipped": [],
          "duration": 145,
          "root": false,
          "rootEmpty": false,
          "_timeout": 50000
        },
        {
          "uuid": "808f6244-7880-46cc-a7e6-b4b41abbb58c",
          "title": "Web",
          "fullFile": "E:\\Qoin Automation\\qoin_mocha\\test\\scenarios\\SentraKependudukan_KK.test.js",
          "file": "\\test\\scenarios\\SentraKependudukan_KK.test.js",
          "beforeHooks": [],
          "afterHooks": [],
          "tests": [
            {
              "title": "Index by id",
              "fullTitle": "Web Index by id",
              "timedOut": false,
              "duration": 115,
              "state": "passed",
              "speed": "slow",
              "pass": true,
              "fail": false,
              "pending": false,
              "context": null,
              "code": "const response = await QoinAPI.index_by_id(id, token) //hit API\n\n    //result\n    assert.equal(response.status, 200);\n    // assert.equal(response.data.list[0].id, id.id);\n    // console.log(response.data.data.list);\n    //schema\n    expect(response.data).to.be.jsonSchema(schema.VALIDATE_GET_INDEX_BY_ID_SCHEMA)",
              "err": {},
              "uuid": "2b116901-3bd7-4ca9-ae52-bd9709a1a322",
              "parentUUID": "808f6244-7880-46cc-a7e6-b4b41abbb58c",
              "isHook": false,
              "skipped": false
            },
            {
              "title": "update data KK",
              "fullTitle": "Web update data KK",
              "timedOut": false,
              "duration": 212,
              "state": "passed",
              "speed": "slow",
              "pass": true,
              "fail": false,
              "pending": false,
              "context": null,
              "code": "const response = await QoinAPI.updatekk(id, data.VALID_UPDATEKK, token) //hit API\nassert.equal(response.status, 200);\n// assert.equal(response.data.data.nama_pemohon.toLowerCase(), data.VALID_UPDATEKK.data.nama_pemohon.toLowerCase());\n// assert.equal(response.data.data.kecamatan_domisili, data.VALID_UPDATEKK.data.kecamatan_domisili);\n// assert.equal(response.data.data.kota_domisili_id, data.VALID_UPDATEKK.data.kota_domisili_id);\n    \nexpect(response.data).to.be.jsonSchema(schema.VALIDATE_UPDATE_KK_SCHEMA) //Call JSON Schema",
              "err": {},
              "uuid": "6965501e-3785-4038-b7da-054fe0e80c90",
              "parentUUID": "808f6244-7880-46cc-a7e6-b4b41abbb58c",
              "isHook": false,
              "skipped": false
            },
            {
              "title": "Update Status Verifikasi KK",
              "fullTitle": "Web Update Status Verifikasi KK",
              "timedOut": false,
              "duration": 114,
              "state": "passed",
              "speed": "slow",
              "pass": true,
              "fail": false,
              "pending": false,
              "context": null,
              "code": "const response = await QoinAPI.updatestatusverif(id, data.VALID_STATUSVERIFKK, token)\n\nassert.equal(response.status, 200);\n    \nexpect(response.data).to.be.jsonSchema(schema.VALIDATE_UPDATE_STATUSVERIF_SCHEMA) //Call JSON Schema",
              "err": {},
              "uuid": "719019f8-0aa0-4035-bcbb-259a1cee8316",
              "parentUUID": "808f6244-7880-46cc-a7e6-b4b41abbb58c",
              "isHook": false,
              "skipped": false
            },
            {
              "title": "Update Status KK",
              "fullTitle": "Web Update Status KK",
              "timedOut": false,
              "duration": 112,
              "state": "passed",
              "speed": "slow",
              "pass": true,
              "fail": false,
              "pending": false,
              "context": null,
              "code": "const response = await QoinAPI.updatestatus(id, data.VALID_STATUSKK, token)\nassert.equal(response.status, 200);\n    \nexpect(response.data).to.be.jsonSchema(schema.VALIDATE_UPDATE_STATUS_SCHEMA) //Call JSON Schema",
              "err": {},
              "uuid": "9e443c93-d51f-468d-825d-4cb4209df38d",
              "parentUUID": "808f6244-7880-46cc-a7e6-b4b41abbb58c",
              "isHook": false,
              "skipped": false
            },
            {
              "title": "Update jadwal KK",
              "fullTitle": "Web Update jadwal KK",
              "timedOut": false,
              "duration": 461,
              "state": "passed",
              "speed": "slow",
              "pass": true,
              "fail": false,
              "pending": false,
              "context": null,
              "code": "const response = await QoinAPI.updatejadwal(data.VALID_UPDATE_JADWAL_KK, token) //hit API\nassert.equal(response.status, 200);\n    \nexpect(response.data).to.be.jsonSchema(schema.VALIDATE_UPDATE_JADWAL_SCHEMA) //Call JSON Schema",
              "err": {},
              "uuid": "886f2ffc-1e7e-4f4e-adb3-31df5e4aed1d",
              "parentUUID": "808f6244-7880-46cc-a7e6-b4b41abbb58c",
              "isHook": false,
              "skipped": false
            },
            {
              "title": "Update anggota KK",
              "fullTitle": "Web Update anggota KK",
              "timedOut": false,
              "duration": 101,
              "state": "passed",
              "speed": "slow",
              "pass": true,
              "fail": false,
              "pending": false,
              "context": null,
              "code": "const response = await QoinAPI.updateanggota(id, id_anggota, data.VALID_UPDATE_ANGGOTA, token) //hit API\nassert.equal(response.status, 200);\n    \nexpect(response.data).to.be.jsonSchema(schema.VALIDATE_UPDATE_ANGGOTA_SCHEMA) //Call JSON Schema",
              "err": {},
              "uuid": "633a64df-835d-4a1a-b8c7-8c1b536ffced",
              "parentUUID": "808f6244-7880-46cc-a7e6-b4b41abbb58c",
              "isHook": false,
              "skipped": false
            },
            {
              "title": "Update Status konfirmasi KK",
              "fullTitle": "Web Update Status konfirmasi KK",
              "timedOut": false,
              "duration": 127,
              "state": "passed",
              "speed": "slow",
              "pass": true,
              "fail": false,
              "pending": false,
              "context": null,
              "code": "const response = await QoinAPI.updatekonfirmasi(id, data.VALID_STATUSKONFIRKK, token)\nassert.equal(response.status, 200);\n\nexpect(response.data).to.be.jsonSchema(schema.VALIDATE_UPDATE_STATUSKONFIR_SCHEMA) //Call JSON Schema",
              "err": {},
              "uuid": "bc39ec60-8388-4b77-b939-44f8663a08cb",
              "parentUUID": "808f6244-7880-46cc-a7e6-b4b41abbb58c",
              "isHook": false,
              "skipped": false
            }
          ],
          "suites": [],
          "passes": [
            "2b116901-3bd7-4ca9-ae52-bd9709a1a322",
            "6965501e-3785-4038-b7da-054fe0e80c90",
            "719019f8-0aa0-4035-bcbb-259a1cee8316",
            "9e443c93-d51f-468d-825d-4cb4209df38d",
            "886f2ffc-1e7e-4f4e-adb3-31df5e4aed1d",
            "633a64df-835d-4a1a-b8c7-8c1b536ffced",
            "bc39ec60-8388-4b77-b939-44f8663a08cb"
          ],
          "failures": [],
          "pending": [],
          "skipped": [],
          "duration": 1242,
          "root": false,
          "rootEmpty": false,
          "_timeout": 50000
        }
      ],
      "passes": [],
      "failures": [],
      "pending": [],
      "skipped": [],
      "duration": 0,
      "root": true,
      "rootEmpty": true,
      "_timeout": 50000
    }
  ],
  "meta": {
    "mocha": {
      "version": "10.0.0"
    },
    "mochawesome": {
      "options": {
        "quiet": false,
        "reportFilename": "mochawesome",
        "saveHtml": true,
        "saveJson": true,
        "consoleReporter": "spec",
        "useInlineDiffs": false,
        "code": true
      },
      "version": "7.1.3"
    },
    "marge": {
      "options": {
        "reportDir": "reports"
      },
      "version": "6.2.0"
    }
  }
}