{
  "stats": {
    "suites": 1,
    "tests": 1,
    "passes": 1,
    "pending": 0,
    "failures": 0,
    "start": "2022-10-11T07:16:13.077Z",
    "end": "2022-10-11T07:16:13.450Z",
    "duration": 373,
    "testsRegistered": 1,
    "passPercent": 100,
    "pendingPercent": 0,
    "other": 0,
    "hasOther": false,
    "skipped": 0,
    "hasSkipped": false
  },
  "results": [
    {
      "uuid": "abf90a5c-2078-41eb-931d-40fffda3adfe",
      "title": "",
      "fullFile": "D:\\Venturo\\QOIN\\qoin_mocha\\test\\scenarios\\SentraLokasi_Lokasi.test.js",
      "file": "\\test\\scenarios\\SentraLokasi_Lokasi.test.js",
      "beforeHooks": [],
      "afterHooks": [],
      "tests": [],
      "suites": [
        {
          "uuid": "5c3791ee-7ade-452f-b9f1-9c3e6cdc22b1",
          "title": "Web lokasi",
          "fullFile": "D:\\Venturo\\QOIN\\qoin_mocha\\test\\scenarios\\SentraLokasi_Lokasi.test.js",
          "file": "\\test\\scenarios\\SentraLokasi_Lokasi.test.js",
          "beforeHooks": [],
          "afterHooks": [],
          "tests": [
            {
              "title": "Get Fasilitas Lokasi",
              "fullTitle": "Web lokasi Get Fasilitas Lokasi",
              "timedOut": false,
              "duration": 361,
              "state": "passed",
              "speed": "slow",
              "pass": true,
              "fail": false,
              "pending": false,
              "context": null,
              "code": "const get_id = await Getid_Lokasi()\nconst GettokenAPI = await Get_token()\nconst response = await QoinAPI.getFasilitaslokasi(get_id, GettokenAPI)\n//result\nassert.equal(response.status, 200)\n//schema\nexpect(response.data).to.be.jsonSchema(schema.VALIDATE_GETFASILITASLOKASI_SCHEMA)\nconsole.log(response.headers)\nconsole.log(response.data)",
              "err": {},
              "uuid": "3fff8ff8-5903-43fe-b47e-b868ae027dcc",
              "parentUUID": "5c3791ee-7ade-452f-b9f1-9c3e6cdc22b1",
              "isHook": false,
              "skipped": false
            }
          ],
          "suites": [],
          "passes": [
            "3fff8ff8-5903-43fe-b47e-b868ae027dcc"
          ],
          "failures": [],
          "pending": [],
          "skipped": [],
          "duration": 361,
          "root": false,
          "rootEmpty": false,
          "_timeout": 50000
        }
      ],
      "passes": [],
      "failures": [],
      "pending": [],
      "skipped": [],
      "duration": 0,
      "root": true,
      "rootEmpty": true,
      "_timeout": 50000
    }
  ],
  "meta": {
    "mocha": {
      "version": "10.0.0"
    },
    "mochawesome": {
      "options": {
        "quiet": false,
        "reportFilename": "mochawesome",
        "saveHtml": true,
        "saveJson": true,
        "consoleReporter": "spec",
        "useInlineDiffs": false,
        "code": true
      },
      "version": "7.1.3"
    },
    "marge": {
      "options": {
        "reportDir": "reports"
      },
      "version": "6.2.0"
    }
  }
}