{
  "stats": {
    "suites": 1,
    "tests": 1,
    "passes": 1,
    "pending": 0,
    "failures": 0,
    "start": "2022-10-05T09:38:41.348Z",
    "end": "2022-10-05T09:38:41.468Z",
    "duration": 120,
    "testsRegistered": 1,
    "passPercent": 100,
    "pendingPercent": 0,
    "other": 0,
    "hasOther": false,
    "skipped": 0,
    "hasSkipped": false
  },
  "results": [
    {
      "uuid": "ebd45a3a-f236-4a14-ace2-467b79f71315",
      "title": "",
      "fullFile": "D:\\Venturo\\QOIN\\qoin_mocha\\test\\scenarios\\sentra lokasi\\SentraLokasi_Kategori_Mobile.test.js",
      "file": "\\test\\scenarios\\sentra lokasi\\SentraLokasi_Kategori_Mobile.test.js",
      "beforeHooks": [],
      "afterHooks": [],
      "tests": [],
      "suites": [
        {
          "uuid": "20048c91-2227-48fd-be22-692c94a194a9",
          "title": "Kategori Lokasi",
          "fullFile": "D:\\Venturo\\QOIN\\qoin_mocha\\test\\scenarios\\sentra lokasi\\SentraLokasi_Kategori_Mobile.test.js",
          "file": "\\test\\scenarios\\sentra lokasi\\SentraLokasi_Kategori_Mobile.test.js",
          "beforeHooks": [],
          "afterHooks": [],
          "tests": [
            {
              "title": "Kategori Lokasi ditemukan",
              "fullTitle": "Kategori Lokasi Kategori Lokasi ditemukan",
              "timedOut": false,
              "duration": 110,
              "state": "passed",
              "speed": "slow",
              "pass": true,
              "fail": false,
              "pending": false,
              "context": null,
              "code": "const response = await qoinAPI.get_lokasi();\nassert.equal(response.status, 200)\n//expect(response.data).to.be.jsonSchema(schema.VALIDATE_LOKASI_SCHEMA)\n//console.log(response.data)",
              "err": {},
              "uuid": "472c3235-9c74-475d-aba5-a9941bf01ece",
              "parentUUID": "20048c91-2227-48fd-be22-692c94a194a9",
              "isHook": false,
              "skipped": false
            }
          ],
          "suites": [],
          "passes": [
            "472c3235-9c74-475d-aba5-a9941bf01ece"
          ],
          "failures": [],
          "pending": [],
          "skipped": [],
          "duration": 110,
          "root": false,
          "rootEmpty": false,
          "_timeout": 50000
        }
      ],
      "passes": [],
      "failures": [],
      "pending": [],
      "skipped": [],
      "duration": 0,
      "root": true,
      "rootEmpty": true,
      "_timeout": 50000
    }
  ],
  "meta": {
    "mocha": {
      "version": "10.0.0"
    },
    "mochawesome": {
      "options": {
        "quiet": false,
        "reportFilename": "mochawesome",
        "saveHtml": true,
        "saveJson": true,
        "consoleReporter": "spec",
        "useInlineDiffs": false,
        "code": true
      },
      "version": "7.1.3"
    },
    "marge": {
      "options": {
        "reportDir": "reports"
      },
      "version": "6.2.0"
    }
  }
}