{
  "stats": {
    "suites": 1,
    "tests": 1,
    "passes": 1,
    "pending": 0,
    "failures": 0,
    "start": "2022-10-11T07:06:26.053Z",
    "end": "2022-10-11T07:06:26.851Z",
    "duration": 798,
    "testsRegistered": 1,
    "passPercent": 100,
    "pendingPercent": 0,
    "other": 0,
    "hasOther": false,
    "skipped": 0,
    "hasSkipped": false
  },
  "results": [
    {
      "uuid": "2eb85077-df0c-4697-a512-8db364620e64",
      "title": "",
      "fullFile": "E:\\ProjectMocha\\Automation Qoin\\qoin_mocha\\test\\scenarios\\SentraLokasi_Lokasi.test.js",
      "file": "\\test\\scenarios\\SentraLokasi_Lokasi.test.js",
      "beforeHooks": [],
      "afterHooks": [],
      "tests": [],
      "suites": [
        {
          "uuid": "936673c9-af88-45ee-ae48-bb179178a2f0",
          "title": "Web lokasi",
          "fullFile": "E:\\ProjectMocha\\Automation Qoin\\qoin_mocha\\test\\scenarios\\SentraLokasi_Lokasi.test.js",
          "file": "\\test\\scenarios\\SentraLokasi_Lokasi.test.js",
          "beforeHooks": [],
          "afterHooks": [],
          "tests": [
            {
              "title": "Get Fasilitas Lokasi",
              "fullTitle": "Web lokasi Get Fasilitas Lokasi",
              "timedOut": false,
              "duration": 620,
              "state": "passed",
              "speed": "slow",
              "pass": true,
              "fail": false,
              "pending": false,
              "context": null,
              "code": "const get_id = await Getid_Lokasi()\nconst GettokenAPI = await Get_token()\nconst response = await QoinAPI.getFasilitaslokasi(get_id, GettokenAPI)\n//result\n assert.equal(response.status, 200)\n// //schema\nexpect(response.data).to.be.jsonSchema(schema.VALIDATE_GETFASILITASLOKASI_SCHEMA)\nconsole.log(response.headers)\nconsole.log(response.data)",
              "err": {},
              "uuid": "17731a4c-d74d-440c-812b-a8ba15030266",
              "parentUUID": "936673c9-af88-45ee-ae48-bb179178a2f0",
              "isHook": false,
              "skipped": false
            }
          ],
          "suites": [],
          "passes": [
            "17731a4c-d74d-440c-812b-a8ba15030266"
          ],
          "failures": [],
          "pending": [],
          "skipped": [],
          "duration": 620,
          "root": false,
          "rootEmpty": false,
          "_timeout": 50000
        }
      ],
      "passes": [],
      "failures": [],
      "pending": [],
      "skipped": [],
      "duration": 0,
      "root": true,
      "rootEmpty": true,
      "_timeout": 50000
    }
  ],
  "meta": {
    "mocha": {
      "version": "10.0.0"
    },
    "mochawesome": {
      "options": {
        "quiet": false,
        "reportFilename": "mochawesome",
        "saveHtml": true,
        "saveJson": true,
        "consoleReporter": "spec",
        "useInlineDiffs": false,
        "code": true
      },
      "version": "7.1.3"
    },
    "marge": {
      "options": {
        "reportDir": "reports"
      },
      "version": "6.2.0"
    }
  }
}