{
  "stats": {
    "suites": 1,
    "tests": 8,
    "passes": 8,
    "pending": 0,
    "failures": 0,
    "start": "2022-10-12T06:16:24.989Z",
    "end": "2022-10-12T06:16:26.504Z",
    "duration": 1515,
    "testsRegistered": 8,
    "passPercent": 100,
    "pendingPercent": 0,
    "other": 0,
    "hasOther": false,
    "skipped": 0,
    "hasSkipped": false
  },
  "results": [
    {
      "uuid": "fbfa689b-6f26-4aea-a628-0cd025ea8ccd",
      "title": "",
      "fullFile": "/home/ardan/Ardan/QA/Automation Test/Git/dev-ardan/test/scenarios/SentraLokasi_Lokasi.test.js",
      "file": "/test/scenarios/SentraLokasi_Lokasi.test.js",
      "beforeHooks": [],
      "afterHooks": [],
      "tests": [],
      "suites": [
        {
          "uuid": "794b2d3a-2df3-4d4d-acaf-4210c8d1e835",
          "title": "Web lokasi",
          "fullFile": "/home/ardan/Ardan/QA/Automation Test/Git/dev-ardan/test/scenarios/SentraLokasi_Lokasi.test.js",
          "file": "/test/scenarios/SentraLokasi_Lokasi.test.js",
          "beforeHooks": [],
          "afterHooks": [],
          "tests": [
            {
              "title": "Add lokasi",
              "fullTitle": "Web lokasi Add lokasi",
              "timedOut": false,
              "duration": 154,
              "state": "passed",
              "speed": "slow",
              "pass": true,
              "fail": false,
              "pending": false,
              "context": null,
              "code": "const response = await QoinAPI.addLokasi(data.VALID_ADDLOKASI, token)\n//result\nassert.equal(response.status, 200)\n//schema\nexpect(response.data).to.be.jsonSchema(schema.VALIDATE_ADD_LOKASI_SCHEMA)",
              "err": {},
              "uuid": "ce7155ed-434e-4fc2-9bb6-db4be163b87c",
              "parentUUID": "794b2d3a-2df3-4d4d-acaf-4210c8d1e835",
              "isHook": false,
              "skipped": false
            },
            {
              "title": "Add multi lokasi",
              "fullTitle": "Web lokasi Add multi lokasi",
              "timedOut": false,
              "duration": 185,
              "state": "passed",
              "speed": "slow",
              "pass": true,
              "fail": false,
              "pending": false,
              "context": null,
              "code": "const response = await QoinAPI.addMultilokasi(data.VALID_ADDMULTILOKASI, token)\n//result\nassert.equal(response.status, 200)\n//schema\nexpect(response.data).to.be.jsonSchema(schema.VALIDATE_ADDSENTRAMULTILOKASI_WEBADMIN_SCHEMA)",
              "err": {},
              "uuid": "f1ff5a59-f122-48a5-86e1-5168859cffe4",
              "parentUUID": "794b2d3a-2df3-4d4d-acaf-4210c8d1e835",
              "isHook": false,
              "skipped": false
            },
            {
              "title": "Get dan Cek Data Multi Lokasi",
              "fullTitle": "Web lokasi Get dan Cek Data Multi Lokasi",
              "timedOut": false,
              "duration": 205,
              "state": "passed",
              "speed": "slow",
              "pass": true,
              "fail": false,
              "pending": false,
              "context": null,
              "code": "const response = await QoinAPI.getLokasi(token)\n//result\nassert.equal(response.status, 200)\n//schema\nexpect(response.data).to.be.jsonSchema(schema.VALIDATE_GETSENTRALOKASI_WEBADMIN_SCHEMA)",
              "err": {},
              "uuid": "d0d8c391-46fa-4095-97b4-609a1b302661",
              "parentUUID": "794b2d3a-2df3-4d4d-acaf-4210c8d1e835",
              "isHook": false,
              "skipped": false
            },
            {
              "title": "Edit lokasi",
              "fullTitle": "Web lokasi Edit lokasi",
              "timedOut": false,
              "duration": 235,
              "state": "passed",
              "speed": "slow",
              "pass": true,
              "fail": false,
              "pending": false,
              "context": null,
              "code": "const response = await QoinAPI.updateLokasi(id, data.VALID_PUTLOKASI, token)\n//result\nassert.equal(response.status, 200)\n//schema\nexpect(response.data).to.be.jsonSchema(schema.VALIDATE_EDIT_LOKASI_SCHEMA)",
              "err": {},
              "uuid": "2ad20d0a-ea98-4189-8c46-aa1a330a3d55",
              "parentUUID": "794b2d3a-2df3-4d4d-acaf-4210c8d1e835",
              "isHook": false,
              "skipped": false
            },
            {
              "title": "Hapus lokasi",
              "fullTitle": "Web lokasi Hapus lokasi",
              "timedOut": false,
              "duration": 147,
              "state": "passed",
              "speed": "slow",
              "pass": true,
              "fail": false,
              "pending": false,
              "context": null,
              "code": "const response = await QoinAPI.deleteLokasi(3, token)\n//result\nassert.equal(response.status, 200)\n//schema BELUM NYOBA JUGA\n//expect(response.data).to.be.jsonSchema(schema)",
              "err": {},
              "uuid": "ea6c41cf-a747-44d0-9075-43920b189699",
              "parentUUID": "794b2d3a-2df3-4d4d-acaf-4210c8d1e835",
              "isHook": false,
              "skipped": false
            },
            {
              "title": "Get dan Cek Image Lokasi",
              "fullTitle": "Web lokasi Get dan Cek Image Lokasi",
              "timedOut": false,
              "duration": 174,
              "state": "passed",
              "speed": "slow",
              "pass": true,
              "fail": false,
              "pending": false,
              "context": null,
              "code": "const response = await QoinAPI.getImagelokasi(id, token)\n//result\nassert.equal(response.status, 200)\n//schema\nexpect(response.data).to.be.jsonSchema(schema.VALIDATE_GETIMAGELOKASI_SCHEMA)",
              "err": {},
              "uuid": "33ef1ce7-312e-40ed-91f1-91598ccb2e70",
              "parentUUID": "794b2d3a-2df3-4d4d-acaf-4210c8d1e835",
              "isHook": false,
              "skipped": false
            },
            {
              "title": "Get Fasilitas Lokasi",
              "fullTitle": "Web lokasi Get Fasilitas Lokasi",
              "timedOut": false,
              "duration": 192,
              "state": "passed",
              "speed": "slow",
              "pass": true,
              "fail": false,
              "pending": false,
              "context": null,
              "code": "const response = await QoinAPI.getFasilitaslokasi(id, token)\n//result\nassert.equal(response.status, 200)\n//schema\nexpect(response.data).to.be.jsonSchema(schema.VALIDATE_GETFASILITASLOKASI_SCHEMA)",
              "err": {},
              "uuid": "0c98df6e-a4ea-4ec7-8c71-952c1ab7f7a4",
              "parentUUID": "794b2d3a-2df3-4d4d-acaf-4210c8d1e835",
              "isHook": false,
              "skipped": false
            },
            {
              "title": "Get Lokasi By Id",
              "fullTitle": "Web lokasi Get Lokasi By Id",
              "timedOut": false,
              "duration": 193,
              "state": "passed",
              "speed": "slow",
              "pass": true,
              "fail": false,
              "pending": false,
              "context": null,
              "code": "const response = await QoinAPI.getLokasibyid(id, token)\n//result\nassert.equal(response.status, 200)\n//schema\nexpect(response.data).to.be.jsonSchema(schema.VALIDATE_GETLOKASIBYID_SCHEMA)",
              "err": {},
              "uuid": "46c3d1a2-bc88-4738-9ae7-e3bb50c5894c",
              "parentUUID": "794b2d3a-2df3-4d4d-acaf-4210c8d1e835",
              "isHook": false,
              "skipped": false
            }
          ],
          "suites": [],
          "passes": [
            "ce7155ed-434e-4fc2-9bb6-db4be163b87c",
            "f1ff5a59-f122-48a5-86e1-5168859cffe4",
            "d0d8c391-46fa-4095-97b4-609a1b302661",
            "2ad20d0a-ea98-4189-8c46-aa1a330a3d55",
            "ea6c41cf-a747-44d0-9075-43920b189699",
            "33ef1ce7-312e-40ed-91f1-91598ccb2e70",
            "0c98df6e-a4ea-4ec7-8c71-952c1ab7f7a4",
            "46c3d1a2-bc88-4738-9ae7-e3bb50c5894c"
          ],
          "failures": [],
          "pending": [],
          "skipped": [],
          "duration": 1485,
          "root": false,
          "rootEmpty": false,
          "_timeout": 50000
        }
      ],
      "passes": [],
      "failures": [],
      "pending": [],
      "skipped": [],
      "duration": 0,
      "root": true,
      "rootEmpty": true,
      "_timeout": 50000
    }
  ],
  "meta": {
    "mocha": {
      "version": "10.0.0"
    },
    "mochawesome": {
      "options": {
        "quiet": false,
        "reportFilename": "mochawesome",
        "saveHtml": true,
        "saveJson": true,
        "consoleReporter": "spec",
        "useInlineDiffs": false,
        "code": true
      },
      "version": "7.1.3"
    },
    "marge": {
      "options": {
        "reportDir": "reports"
      },
      "version": "6.2.0"
    }
  }
}