{
  "stats": {
    "suites": 1,
    "tests": 1,
    "passes": 1,
    "pending": 0,
    "failures": 0,
    "start": "2022-10-10T02:46:31.743Z",
    "end": "2022-10-10T02:46:31.936Z",
    "duration": 193,
    "testsRegistered": 1,
    "passPercent": 100,
    "pendingPercent": 0,
    "other": 0,
    "hasOther": false,
    "skipped": 0,
    "hasSkipped": false
  },
  "results": [
    {
      "uuid": "95fb0921-114f-4bab-b3ad-a5ca68a64e2a",
      "title": "",
      "fullFile": "G:\\qoin_mocha\\test\\scenarios\\csr-penerbit.test.js",
      "file": "\\test\\scenarios\\csr-penerbit.test.js",
      "beforeHooks": [],
      "afterHooks": [],
      "tests": [],
      "suites": [
        {
          "uuid": "f5f19955-907b-485f-922a-28458e04eb70",
          "title": "Web",
          "fullFile": "G:\\qoin_mocha\\test\\scenarios\\csr-penerbit.test.js",
          "file": "\\test\\scenarios\\csr-penerbit.test.js",
          "beforeHooks": [],
          "afterHooks": [],
          "tests": [
            {
              "title": "Login",
              "fullTitle": "Web Login",
              "timedOut": false,
              "duration": 176,
              "state": "passed",
              "speed": "slow",
              "pass": true,
              "fail": false,
              "pending": false,
              "context": null,
              "code": "// const response = await QoinAPI.login(data.VALID_LOGIN) //hit API\n\n//     //result\n//     assert.equal(response.status, 202) \n    const response = await QoinAPI.getid()\n    console.log(response.status)\n    console.log(response.data)\n    //schema\n    // expect(response.data).to.be.jsonSchema(schema.VALIDATE_LOGIN_SCHEMA)",
              "err": {},
              "uuid": "85fc14f0-938c-4bf3-97c0-074a7052572f",
              "parentUUID": "f5f19955-907b-485f-922a-28458e04eb70",
              "isHook": false,
              "skipped": false
            }
          ],
          "suites": [],
          "passes": [
            "85fc14f0-938c-4bf3-97c0-074a7052572f"
          ],
          "failures": [],
          "pending": [],
          "skipped": [],
          "duration": 176,
          "root": false,
          "rootEmpty": false,
          "_timeout": 10000
        }
      ],
      "passes": [],
      "failures": [],
      "pending": [],
      "skipped": [],
      "duration": 0,
      "root": true,
      "rootEmpty": true,
      "_timeout": 10000
    }
  ],
  "meta": {
    "mocha": {
      "version": "10.0.0"
    },
    "mochawesome": {
      "options": {
        "quiet": false,
        "reportFilename": "mochawesome",
        "saveHtml": true,
        "saveJson": true,
        "consoleReporter": "spec",
        "useInlineDiffs": false,
        "code": true
      },
      "version": "7.1.3"
    },
    "marge": {
      "options": {
        "reportDir": "reports"
      },
      "version": "6.2.0"
    }
  }
}