{
  "stats": {
    "suites": 2,
    "tests": 2,
    "passes": 2,
    "pending": 0,
    "failures": 0,
    "start": "2022-10-13T07:42:22.496Z",
    "end": "2022-10-13T07:42:22.879Z",
    "duration": 383,
    "testsRegistered": 2,
    "passPercent": 100,
    "pendingPercent": 0,
    "other": 0,
    "hasOther": false,
    "skipped": 0,
    "hasSkipped": false
  },
  "results": [
    {
      "uuid": "10dbc9f1-6e0f-4780-9958-2b0b57579b07",
      "title": "",
      "fullFile": "",
      "file": "",
      "beforeHooks": [],
      "afterHooks": [],
      "tests": [],
      "suites": [
        {
          "uuid": "9b22d4cf-e607-460d-b6aa-2eda253bf7c9",
          "title": "Web kategori lokasi",
          "fullFile": "E:\\Qoin Automation\\qoin_mocha\\test\\scenarios\\SentraLokasi_Kategori.test.js",
          "file": "\\test\\scenarios\\SentraLokasi_Kategori.test.js",
          "beforeHooks": [],
          "afterHooks": [],
          "tests": [
            {
              "title": "Get detail kategori lokasi",
              "fullTitle": "Web kategori lokasi Get detail kategori lokasi",
              "timedOut": false,
              "duration": 140,
              "state": "passed",
              "speed": "slow",
              "pass": true,
              "fail": false,
              "pending": false,
              "context": null,
              "code": "const response = await QoinAPI.getdetailkategoriLokasi(id, token)\n//result\nassert.equal(response.status, 200)\n//schema\n//expect(response.data).to.be.jsonSchema(schema.VALIDATE_GETDETAILKATEGORILOKASI)",
              "err": {},
              "uuid": "8d2ff1d4-1ac3-487a-aa00-cf9e0636462c",
              "parentUUID": "9b22d4cf-e607-460d-b6aa-2eda253bf7c9",
              "isHook": false,
              "skipped": false
            }
          ],
          "suites": [],
          "passes": [
            "8d2ff1d4-1ac3-487a-aa00-cf9e0636462c"
          ],
          "failures": [],
          "pending": [],
          "skipped": [],
          "duration": 140,
          "root": false,
          "rootEmpty": false,
          "_timeout": 50000
        },
        {
          "uuid": "3cd94cfa-beb3-4141-add9-616f310c1b7a",
          "title": "Mobile kategori lokasi",
          "fullFile": "E:\\Qoin Automation\\qoin_mocha\\test\\scenarios\\SentraLokasi_Kategori.test.js",
          "file": "\\test\\scenarios\\SentraLokasi_Kategori.test.js",
          "beforeHooks": [],
          "afterHooks": [],
          "tests": [
            {
              "title": "Get kategori lokasi",
              "fullTitle": "Mobile kategori lokasi Get kategori lokasi",
              "timedOut": false,
              "duration": 174,
              "state": "passed",
              "speed": "slow",
              "pass": true,
              "fail": false,
              "pending": false,
              "context": null,
              "code": "const response = await QoinAPI.get_lokasi(token_mobile);\n    \nassert.equal(response.status, 200)\n//schema belum nyoba\n// expect(response.data).to.be.jsonSchema(schema.VALIDATE_LOKASI_SCHEMA)",
              "err": {},
              "uuid": "fa6af061-2f7b-475a-8008-6fd1de8b7c32",
              "parentUUID": "3cd94cfa-beb3-4141-add9-616f310c1b7a",
              "isHook": false,
              "skipped": false
            }
          ],
          "suites": [],
          "passes": [
            "fa6af061-2f7b-475a-8008-6fd1de8b7c32"
          ],
          "failures": [],
          "pending": [],
          "skipped": [],
          "duration": 174,
          "root": false,
          "rootEmpty": false,
          "_timeout": 50000
        }
      ],
      "passes": [],
      "failures": [],
      "pending": [],
      "skipped": [],
      "duration": 0,
      "root": true,
      "rootEmpty": true,
      "_timeout": 50000
    }
  ],
  "meta": {
    "mocha": {
      "version": "10.0.0"
    },
    "mochawesome": {
      "options": {
        "quiet": false,
        "reportFilename": "mochawesome",
        "saveHtml": true,
        "saveJson": true,
        "consoleReporter": "spec",
        "useInlineDiffs": false,
        "code": true
      },
      "version": "7.1.3"
    },
    "marge": {
      "options": {
        "reportDir": "reports"
      },
      "version": "6.2.0"
    }
  }
}