{
  "stats": {
    "suites": 1,
    "tests": 10,
    "passes": 1,
    "pending": 0,
    "failures": 9,
    "start": "2022-10-11T08:33:37.659Z",
    "end": "2022-10-11T08:33:50.461Z",
    "duration": 12802,
    "testsRegistered": 10,
    "passPercent": 10,
    "pendingPercent": 0,
    "other": 0,
    "hasOther": false,
    "skipped": 0,
    "hasSkipped": false
  },
  "results": [
    {
      "uuid": "02f453dc-f94a-43d7-bef9-679182e867da",
      "title": "",
      "fullFile": "/home/ardan/Ardan/QA/Automation Test/Git/dev-ardan/test/scenarios/SentraLokasi_Lokasi.test.js",
      "file": "/test/scenarios/SentraLokasi_Lokasi.test.js",
      "beforeHooks": [],
      "afterHooks": [],
      "tests": [],
      "suites": [
        {
          "uuid": "2c000be4-5927-4c4c-bbbe-3002dd74d76e",
          "title": "Web lokasi",
          "fullFile": "/home/ardan/Ardan/QA/Automation Test/Git/dev-ardan/test/scenarios/SentraLokasi_Lokasi.test.js",
          "file": "/test/scenarios/SentraLokasi_Lokasi.test.js",
          "beforeHooks": [],
          "afterHooks": [],
          "tests": [
            {
              "title": "Add lokasi",
              "fullTitle": "Web lokasi Add lokasi",
              "timedOut": false,
              "duration": 1997,
              "state": "failed",
              "speed": null,
              "pass": false,
              "fail": true,
              "pending": false,
              "context": null,
              "code": "const token = await Get_token()\nconst response = await QoinAPI.addLokasi(data.VALID_ADDLOKASI, token)\n//result\nassert.equal(response.status, 200)\n//schema belum nyoba ga brani\n//expect(response.data).to.be.jsonSchema(schema)",
              "err": {
                "message": "AssertionError: expected 400 to equal 200",
                "estack": "AssertionError: expected 400 to equal 200\n    at Context.<anonymous> (file:///home/ardan/Ardan/QA/Automation%20Test/Git/dev-ardan/test/scenarios/SentraLokasi_Lokasi.test.js:21:16)\n    at processTicksAndRejections (internal/process/task_queues.js:95:5)",
                "diff": "- 400\n+ 200\n"
              },
              "uuid": "610e6d08-49e6-4baa-b3f0-d56072953c6c",
              "parentUUID": "2c000be4-5927-4c4c-bbbe-3002dd74d76e",
              "isHook": false,
              "skipped": false
            },
            {
              "title": "Add multi lokasi",
              "fullTitle": "Web lokasi Add multi lokasi",
              "timedOut": false,
              "duration": 603,
              "state": "failed",
              "speed": null,
              "pass": false,
              "fail": true,
              "pending": false,
              "context": null,
              "code": "const token = await Get_token()\nconst response = await QoinAPI.addMultilokasi(data.VALID_ADDMULTILOKASI, token)\n//result\nassert.equal(response.status, 200)\n//schema\n//expect(response.data).to.be.jsonSchema(schema.VALIDATE_ADDSENTRAMULTILOKASI_WEBADMIN_SCHEMA)",
              "err": {
                "message": "AssertionError: expected 400 to equal 200",
                "estack": "AssertionError: expected 400 to equal 200\n    at Context.<anonymous> (file:///home/ardan/Ardan/QA/Automation%20Test/Git/dev-ardan/test/scenarios/SentraLokasi_Lokasi.test.js:32:16)\n    at processTicksAndRejections (internal/process/task_queues.js:95:5)",
                "diff": "- 400\n+ 200\n"
              },
              "uuid": "7a6b1171-efee-48c8-9014-97482a358b70",
              "parentUUID": "2c000be4-5927-4c4c-bbbe-3002dd74d76e",
              "isHook": false,
              "skipped": false
            },
            {
              "title": "Get dan Cek Data Multi Lokasi",
              "fullTitle": "Web lokasi Get dan Cek Data Multi Lokasi",
              "timedOut": false,
              "duration": 273,
              "state": "failed",
              "speed": null,
              "pass": false,
              "fail": true,
              "pending": false,
              "context": null,
              "code": "const token = await Get_token()\nconst response = await QoinAPI.getLokasi(token)\n//result\nassert.equal(response.status, 200)\n//schema\n//expect(response.data).to.be.jsonSchema(schema.)",
              "err": {
                "message": "AssertionError: expected 400 to equal 200",
                "estack": "AssertionError: expected 400 to equal 200\n    at Context.<anonymous> (file:///home/ardan/Ardan/QA/Automation%20Test/Git/dev-ardan/test/scenarios/SentraLokasi_Lokasi.test.js:43:16)\n    at processTicksAndRejections (internal/process/task_queues.js:95:5)",
                "diff": "- 400\n+ 200\n"
              },
              "uuid": "e730c025-e5dd-4728-bdee-634624d0b381",
              "parentUUID": "2c000be4-5927-4c4c-bbbe-3002dd74d76e",
              "isHook": false,
              "skipped": false
            },
            {
              "title": "Edit lokasi",
              "fullTitle": "Web lokasi Edit lokasi",
              "timedOut": false,
              "duration": 521,
              "state": "failed",
              "speed": null,
              "pass": false,
              "fail": true,
              "pending": false,
              "context": null,
              "code": "const id = await Getid_Lokasi()\nconst token = await Get_token()\nconst response = await QoinAPI.updateLokasi(id, data.VALID_PUTLOKASI, token)\n//result\nassert.equal(response.status, 200)\n//schema BELUM NYOBA JUGA\n//expect(response.data).to.be.jsonSchema(schema)",
              "err": {
                "message": "AssertionError: expected 400 to equal 200",
                "estack": "AssertionError: expected 400 to equal 200\n    at Context.<anonymous> (file:///home/ardan/Ardan/QA/Automation%20Test/Git/dev-ardan/test/scenarios/SentraLokasi_Lokasi.test.js:55:16)\n    at processTicksAndRejections (internal/process/task_queues.js:95:5)",
                "diff": "- 400\n+ 200\n"
              },
              "uuid": "90c8b432-3b5a-49f1-a51d-a165f73b1e4d",
              "parentUUID": "2c000be4-5927-4c4c-bbbe-3002dd74d76e",
              "isHook": false,
              "skipped": false
            },
            {
              "title": "Add lokasi image",
              "fullTitle": "Web lokasi Add lokasi image",
              "timedOut": false,
              "duration": 1729,
              "state": "failed",
              "speed": null,
              "pass": false,
              "fail": true,
              "pending": false,
              "context": null,
              "code": "const token = await Get_token()\nconst response = await QoinAPI.addImagelokasi(data.VALID_ADDLOCATIONIMAGE, token)\n//result\nassert.equal(response.status, 200)\n//schema BELUM NYOBA JUGA\n//expect(response.data).to.be.jsonSchema(schema)",
              "err": {
                "message": "AssertionError: expected 400 to equal 200",
                "estack": "AssertionError: expected 400 to equal 200\n    at Context.<anonymous> (file:///home/ardan/Ardan/QA/Automation%20Test/Git/dev-ardan/test/scenarios/SentraLokasi_Lokasi.test.js:66:16)\n    at processTicksAndRejections (internal/process/task_queues.js:95:5)",
                "diff": "- 400\n+ 200\n"
              },
              "uuid": "bf1dcb3b-f045-4683-8426-f15b83b1e126",
              "parentUUID": "2c000be4-5927-4c4c-bbbe-3002dd74d76e",
              "isHook": false,
              "skipped": false
            },
            {
              "title": "Get dan Cek Image Lokasi",
              "fullTitle": "Web lokasi Get dan Cek Image Lokasi",
              "timedOut": false,
              "duration": 2594,
              "state": "failed",
              "speed": null,
              "pass": false,
              "fail": true,
              "pending": false,
              "context": null,
              "code": "const token = await Get_token()\nconst response = await QoinAPI.getImagelokasi(token)\n//result\nassert.equal(response.status, 200)\n//schema\n//expect(response.data).to.be.jsonSchema(schema.VALIDATE_GETIMAGELOKASI_SCHEMA)",
              "err": {
                "message": "AssertionError: expected 400 to equal 200",
                "estack": "AssertionError: expected 400 to equal 200\n    at Context.<anonymous> (file:///home/ardan/Ardan/QA/Automation%20Test/Git/dev-ardan/test/scenarios/SentraLokasi_Lokasi.test.js:77:16)\n    at processTicksAndRejections (internal/process/task_queues.js:95:5)",
                "diff": "- 400\n+ 200\n"
              },
              "uuid": "118fb5f4-a2bb-48cf-8fb3-4036e9df8265",
              "parentUUID": "2c000be4-5927-4c4c-bbbe-3002dd74d76e",
              "isHook": false,
              "skipped": false
            },
            {
              "title": "Get Fasilitas Lokasi",
              "fullTitle": "Web lokasi Get Fasilitas Lokasi",
              "timedOut": false,
              "duration": 1015,
              "state": "passed",
              "speed": "slow",
              "pass": true,
              "fail": false,
              "pending": false,
              "context": null,
              "code": "// const token = await Get_token()\nconst response = await QoinAPI.getFasilitaslokasi()\n//result\n// assert.equal(response.status, 200)\n// //schema\n// expect(response.data).to.be.jsonSchema(schema.VALIDATE_GETFASILITASLOKASI_SCHEMA)\n// console.log(response.headers)\n// console.log(response.data)",
              "err": {},
              "uuid": "63b1fe65-6d63-4393-9586-367b754946d4",
              "parentUUID": "2c000be4-5927-4c4c-bbbe-3002dd74d76e",
              "isHook": false,
              "skipped": false
            },
            {
              "title": "Get Lokasi By Id",
              "fullTitle": "Web lokasi Get Lokasi By Id",
              "timedOut": false,
              "duration": 3167,
              "state": "failed",
              "speed": null,
              "pass": false,
              "fail": true,
              "pending": false,
              "context": null,
              "code": "const token = await Get_token()\nconst response = await QoinAPI.getLokasibyid(token)\n//result\nassert.equal(response.status, 200)\n//schema\nexpect(response.data).to.be.jsonSchema(schema.VALIDATE_GETLOKASIBYID_SCHEMA)",
              "err": {
                "message": "AssertionError: expected 400 to equal 200",
                "estack": "AssertionError: expected 400 to equal 200\n    at Context.<anonymous> (file:///home/ardan/Ardan/QA/Automation%20Test/Git/dev-ardan/test/scenarios/SentraLokasi_Lokasi.test.js:112:16)\n    at processTicksAndRejections (internal/process/task_queues.js:95:5)",
                "diff": "- 400\n+ 200\n"
              },
              "uuid": "886a4b7e-dad0-45cf-ba4b-92e650131406",
              "parentUUID": "2c000be4-5927-4c4c-bbbe-3002dd74d76e",
              "isHook": false,
              "skipped": false
            },
            {
              "title": "Hapus Image Lokasi",
              "fullTitle": "Web lokasi Hapus Image Lokasi",
              "timedOut": false,
              "duration": 376,
              "state": "failed",
              "speed": null,
              "pass": false,
              "fail": true,
              "pending": false,
              "context": null,
              "code": "const token = await Get_token()\nconst response = await QoinAPI.deleteImagelokasi(token)\n//result\nassert.equal(response.status, 200)\n//schema belum nyoba\n//expect(response.data).to.be.jsonSchema(schema.VALIDATE_GETIMAGELOKASI_SCHEMA)",
              "err": {
                "message": "AssertionError: expected 400 to equal 200",
                "estack": "AssertionError: expected 400 to equal 200\n    at Context.<anonymous> (file:///home/ardan/Ardan/QA/Automation%20Test/Git/dev-ardan/test/scenarios/SentraLokasi_Lokasi.test.js:123:16)\n    at processTicksAndRejections (internal/process/task_queues.js:95:5)",
                "diff": "- 400\n+ 200\n"
              },
              "uuid": "4748a295-9b36-417c-91c9-3e6096f679ed",
              "parentUUID": "2c000be4-5927-4c4c-bbbe-3002dd74d76e",
              "isHook": false,
              "skipped": false
            },
            {
              "title": "Hapus lokasi",
              "fullTitle": "Web lokasi Hapus lokasi",
              "timedOut": false,
              "duration": 485,
              "state": "failed",
              "speed": null,
              "pass": false,
              "fail": true,
              "pending": false,
              "context": null,
              "code": "const token = await Get_token()\nconst id = await Getid_Lokasi()\nconst response = await QoinAPI.deleteLokasi(id, token)\n//result\nassert.equal(response.status, 200)\n//schema BELUM NYOBA JUGA\n//expect(response.data).to.be.jsonSchema(schema)",
              "err": {
                "message": "AssertionError: expected 400 to equal 200",
                "estack": "AssertionError: expected 400 to equal 200\n    at Context.<anonymous> (file:///home/ardan/Ardan/QA/Automation%20Test/Git/dev-ardan/test/scenarios/SentraLokasi_Lokasi.test.js:135:16)\n    at processTicksAndRejections (internal/process/task_queues.js:95:5)",
                "diff": "- 400\n+ 200\n"
              },
              "uuid": "a09419bc-28a4-4203-bfbb-511282a110eb",
              "parentUUID": "2c000be4-5927-4c4c-bbbe-3002dd74d76e",
              "isHook": false,
              "skipped": false
            }
          ],
          "suites": [],
          "passes": [
            "63b1fe65-6d63-4393-9586-367b754946d4"
          ],
          "failures": [
            "610e6d08-49e6-4baa-b3f0-d56072953c6c",
            "7a6b1171-efee-48c8-9014-97482a358b70",
            "e730c025-e5dd-4728-bdee-634624d0b381",
            "90c8b432-3b5a-49f1-a51d-a165f73b1e4d",
            "bf1dcb3b-f045-4683-8426-f15b83b1e126",
            "118fb5f4-a2bb-48cf-8fb3-4036e9df8265",
            "886a4b7e-dad0-45cf-ba4b-92e650131406",
            "4748a295-9b36-417c-91c9-3e6096f679ed",
            "a09419bc-28a4-4203-bfbb-511282a110eb"
          ],
          "pending": [],
          "skipped": [],
          "duration": 12760,
          "root": false,
          "rootEmpty": false,
          "_timeout": 50000
        }
      ],
      "passes": [],
      "failures": [],
      "pending": [],
      "skipped": [],
      "duration": 0,
      "root": true,
      "rootEmpty": true,
      "_timeout": 50000
    }
  ],
  "meta": {
    "mocha": {
      "version": "10.0.0"
    },
    "mochawesome": {
      "options": {
        "quiet": false,
        "reportFilename": "mochawesome",
        "saveHtml": true,
        "saveJson": true,
        "consoleReporter": "spec",
        "useInlineDiffs": false,
        "code": true
      },
      "version": "7.1.3"
    },
    "marge": {
      "options": {
        "reportDir": "reports"
      },
      "version": "6.2.0"
    }
  }
}