{
  "stats": {
    "suites": 1,
    "tests": 1,
    "passes": 0,
    "pending": 0,
    "failures": 1,
    "start": "2022-10-12T02:04:58.989Z",
    "end": "2022-10-12T02:04:58.997Z",
    "duration": 8,
    "testsRegistered": 1,
    "passPercent": 0,
    "pendingPercent": 0,
    "other": 0,
    "hasOther": false,
    "skipped": 0,
    "hasSkipped": false
  },
  "results": [
    {
      "uuid": "1ba47248-fe11-4180-bee8-acd3311b38d6",
      "title": "",
      "fullFile": "/home/ardan/Ardan/QA/Automation Test/Git/dev-ardan/test/scenarios/SentraLokasi_Lokasi.test.js",
      "file": "/test/scenarios/SentraLokasi_Lokasi.test.js",
      "beforeHooks": [],
      "afterHooks": [],
      "tests": [],
      "suites": [
        {
          "uuid": "ff0d61b5-e020-47b7-9bbb-e8abe1939066",
          "title": "Web lokasi",
          "fullFile": "/home/ardan/Ardan/QA/Automation Test/Git/dev-ardan/test/scenarios/SentraLokasi_Lokasi.test.js",
          "file": "/test/scenarios/SentraLokasi_Lokasi.test.js",
          "beforeHooks": [],
          "afterHooks": [],
          "tests": [
            {
              "title": "Get Fasilitas Lokasi",
              "fullTitle": "Web lokasi Get Fasilitas Lokasi",
              "timedOut": false,
              "duration": 1,
              "state": "failed",
              "speed": null,
              "pass": false,
              "fail": true,
              "pending": false,
              "context": null,
              "code": "const response = await QoinAPI.getFasilitaslokasi(id, token)\n//result\nconsole.log(id);\nassert.equal(response.status, 200)\n//schema\n// expect(response.data).to.be.jsonSchema(schema.VALIDATE_GETFASILITASLOKASI_SCHEMA)\n// console.log(response.headers)\n// console.log(response.data)",
              "err": {
                "message": "ReferenceError: id is not defined",
                "estack": "ReferenceError: id is not defined\n    at Context.<anonymous> (file:///home/ardan/Ardan/QA/Automation%20Test/Git/dev-ardan/test/scenarios/SentraLokasi_Lokasi.test.js:78:59)\n    at processImmediate (internal/timers.js:464:21)",
                "diff": null
              },
              "uuid": "ed0c3862-99cd-4d6c-8875-fc9cbfc0ca4a",
              "parentUUID": "ff0d61b5-e020-47b7-9bbb-e8abe1939066",
              "isHook": false,
              "skipped": false
            }
          ],
          "suites": [],
          "passes": [],
          "failures": [
            "ed0c3862-99cd-4d6c-8875-fc9cbfc0ca4a"
          ],
          "pending": [],
          "skipped": [],
          "duration": 1,
          "root": false,
          "rootEmpty": false,
          "_timeout": 50000
        }
      ],
      "passes": [],
      "failures": [],
      "pending": [],
      "skipped": [],
      "duration": 0,
      "root": true,
      "rootEmpty": true,
      "_timeout": 50000
    }
  ],
  "meta": {
    "mocha": {
      "version": "10.0.0"
    },
    "mochawesome": {
      "options": {
        "quiet": false,
        "reportFilename": "mochawesome",
        "saveHtml": true,
        "saveJson": true,
        "consoleReporter": "spec",
        "useInlineDiffs": false,
        "code": true
      },
      "version": "7.1.3"
    },
    "marge": {
      "options": {
        "reportDir": "reports"
      },
      "version": "6.2.0"
    }
  }
}