{
  "stats": {
    "suites": 1,
    "tests": 1,
    "passes": 1,
    "pending": 0,
    "failures": 0,
    "start": "2022-10-13T04:22:34.460Z",
    "end": "2022-10-13T04:22:34.628Z",
    "duration": 168,
    "testsRegistered": 1,
    "passPercent": 100,
    "pendingPercent": 0,
    "other": 0,
    "hasOther": false,
    "skipped": 0,
    "hasSkipped": false
  },
  "results": [
    {
      "uuid": "c7cd001c-4e40-4037-901d-04f0b8d2d72b",
      "title": "",
      "fullFile": "G:\\qoin_mocha\\test\\scenarios\\SentraKependudukan_KK.test.js",
      "file": "\\test\\scenarios\\SentraKependudukan_KK.test.js",
      "beforeHooks": [],
      "afterHooks": [],
      "tests": [],
      "suites": [
        {
          "uuid": "a24a4af6-1242-41ff-9958-9775e86b5685",
          "title": "Web",
          "fullFile": "G:\\qoin_mocha\\test\\scenarios\\SentraKependudukan_KK.test.js",
          "file": "\\test\\scenarios\\SentraKependudukan_KK.test.js",
          "beforeHooks": [],
          "afterHooks": [],
          "tests": [
            {
              "title": "Index by id",
              "fullTitle": "Web Index by id",
              "timedOut": false,
              "duration": 150,
              "state": "passed",
              "speed": "slow",
              "pass": true,
              "fail": false,
              "pending": false,
              "context": null,
              "code": "const response = await QoinAPI.index_by_id(id, token) //hit API\n\n    //result\n    assert.equal(response.status, 200);\n    // assert.equal(response.data.list[0].id, id.id);\n    // console.log(response.data.data.list);\n    //schema\n    expect(response.data).to.be.jsonSchema(schema.VALIDATE_GET_INDEX_BY_ID_SCHEMA)",
              "err": {},
              "uuid": "2e13f0bd-31f1-4251-8f81-cc72ad493ed5",
              "parentUUID": "a24a4af6-1242-41ff-9958-9775e86b5685",
              "isHook": false,
              "skipped": false
            }
          ],
          "suites": [],
          "passes": [
            "2e13f0bd-31f1-4251-8f81-cc72ad493ed5"
          ],
          "failures": [],
          "pending": [],
          "skipped": [],
          "duration": 150,
          "root": false,
          "rootEmpty": false,
          "_timeout": 10000
        }
      ],
      "passes": [],
      "failures": [],
      "pending": [],
      "skipped": [],
      "duration": 0,
      "root": true,
      "rootEmpty": true,
      "_timeout": 10000
    }
  ],
  "meta": {
    "mocha": {
      "version": "10.0.0"
    },
    "mochawesome": {
      "options": {
        "quiet": false,
        "reportFilename": "mochawesome",
        "saveHtml": true,
        "saveJson": true,
        "consoleReporter": "spec",
        "useInlineDiffs": false,
        "code": true
      },
      "version": "7.1.3"
    },
    "marge": {
      "options": {
        "reportDir": "reports"
      },
      "version": "6.2.0"
    }
  }
}