{
  "stats": {
    "suites": 4,
    "tests": 16,
    "passes": 15,
    "pending": 0,
    "failures": 1,
    "start": "2022-10-13T08:06:20.751Z",
    "end": "2022-10-13T08:06:28.308Z",
    "duration": 7557,
    "testsRegistered": 16,
    "passPercent": 93.75,
    "pendingPercent": 0,
    "other": 0,
    "hasOther": false,
    "skipped": 0,
    "hasSkipped": false
  },
  "results": [
    {
      "uuid": "92de1f6b-5370-4cfa-b568-55606e4a467d",
      "title": "",
      "fullFile": "",
      "file": "",
      "beforeHooks": [],
      "afterHooks": [],
      "tests": [],
      "suites": [
        {
          "uuid": "14c1aaea-3a6a-4097-b0b1-e6ca4dbf90b0",
          "title": "Web kategori lokasi",
          "fullFile": "/home/ardan/Ardan/QA/Automation Test/Git/dev-ardan/test/scenarios/SentraLokasi_Kategori.test.js",
          "file": "/test/scenarios/SentraLokasi_Kategori.test.js",
          "beforeHooks": [],
          "afterHooks": [],
          "tests": [
            {
              "title": "Add kategori lokasi",
              "fullTitle": "Web kategori lokasi Add kategori lokasi",
              "timedOut": false,
              "duration": 132,
              "state": "passed",
              "speed": "slow",
              "pass": true,
              "fail": false,
              "pending": false,
              "context": null,
              "code": "const response = await QoinAPI.createkategoriLokasi(token, data.VALID_ADDKATEGORI)\n//validasi\n\n    const data_res = Object.fromEntries(\n    Object.entries(response.data.data).map(([key, value]) => [key, typeof value == 'string' ? value.toLowerCase() : value])\n    );\n    const data_in = Object.fromEntries(\n    Object.entries(data.VALID_ADDKATEGORI).map(([key, value]) => [key, typeof value == 'string' ? value.toLowerCase() : value])\n    );\n    \n    //result\n    assert.equal(response.status, 200)\n  //validasi exclude\n  assert.deepEqualExcluding(data_res, data_in, ['created_at', 'icon', 'is_active','updated_at'])\n//schema BELUM BISA : EXPECTED DELETED_AT\n// expect(response.data).to.be.jsonSchema(schema.VALIDATE_ADD_KATEGORILOKASI_SCHEMA)",
              "err": {},
              "uuid": "60bec3d8-47c5-4ae7-897b-7b160d7e1a22",
              "parentUUID": "14c1aaea-3a6a-4097-b0b1-e6ca4dbf90b0",
              "isHook": false,
              "skipped": false
            },
            {
              "title": "Get detail kategori lokasi",
              "fullTitle": "Web kategori lokasi Get detail kategori lokasi",
              "timedOut": false,
              "duration": 128,
              "state": "passed",
              "speed": "slow",
              "pass": true,
              "fail": false,
              "pending": false,
              "context": null,
              "code": "const response = await QoinAPI.getdetailkategoriLokasi(id, token)\n//result\nassert.equal(response.status, 200)\n//schema\n//expect(response.data).to.be.jsonSchema(schema.VALIDATE_GETDETAILKATEGORILOKASI)",
              "err": {},
              "uuid": "80b9f8e0-cf2c-4182-862b-7d70bb7518f3",
              "parentUUID": "14c1aaea-3a6a-4097-b0b1-e6ca4dbf90b0",
              "isHook": false,
              "skipped": false
            },
            {
              "title": "Update kategori lokasi",
              "fullTitle": "Web kategori lokasi Update kategori lokasi",
              "timedOut": false,
              "duration": 4284,
              "state": "failed",
              "speed": null,
              "pass": false,
              "fail": true,
              "pending": false,
              "context": null,
              "code": "const response = await QoinAPI.updatekategoriLokasi(id, data.VALID_UPDATEKATEGORI, token)\n//validasi\nconst data_res = Object.fromEntries(\n    Object.entries(response.data.data).map(([key, value]) => [key, typeof value == 'string' ? value.toLowerCase() : value])\n    );\n    const data_in = Object.fromEntries(\n    Object.entries(data.VALID_UPDATEKATEGORI).map(([key, value]) => [key, typeof value == 'string' ? value.toLowerCase() : value])\n    );\n    \n    //result\n    assert.equal(response.status, 200)\n  //exclude\n  assert.deepEqualExcluding(data_res, data_in, ['created_at', 'icon','updated_at', 'deleted_at', 'id'])\n//schema BELUM BISA : KURANG LINK_PICTURE\n// expect(response.data).to.be.jsonSchema(schema.VALIDATE_UPDATE_KATEGORILOKASI_SCHEMA)",
              "err": {
                "message": "TypeError: Cannot convert undefined or null to object",
                "estack": "TypeError: Cannot convert undefined or null to object\n    at Function.entries (<anonymous>)\n    at Context.<anonymous> (file:///home/ardan/Ardan/QA/Automation%20Test/Git/dev-ardan/test/scenarios/SentraLokasi_Kategori.test.js:58:20)\n    at processTicksAndRejections (internal/process/task_queues.js:95:5)",
                "diff": null
              },
              "uuid": "4a1d1f3e-02c2-4648-8dbe-6a424c912900",
              "parentUUID": "14c1aaea-3a6a-4097-b0b1-e6ca4dbf90b0",
              "isHook": false,
              "skipped": false
            },
            {
              "title": "Delete kategori lokasi",
              "fullTitle": "Web kategori lokasi Delete kategori lokasi",
              "timedOut": false,
              "duration": 750,
              "state": "passed",
              "speed": "slow",
              "pass": true,
              "fail": false,
              "pending": false,
              "context": null,
              "code": "const response = await QoinAPI.deletekategoriLokasi(id, token)\n//result\nassert.equal(response.status, 200)\nexpect(response.data).to.be.jsonSchema(schema.VALIDATE_DELETE_KATEGORILOKASI_SCHEMA)",
              "err": {},
              "uuid": "e18778f5-76c5-4ffb-a669-94527f5049db",
              "parentUUID": "14c1aaea-3a6a-4097-b0b1-e6ca4dbf90b0",
              "isHook": false,
              "skipped": false
            }
          ],
          "suites": [],
          "passes": [
            "60bec3d8-47c5-4ae7-897b-7b160d7e1a22",
            "80b9f8e0-cf2c-4182-862b-7d70bb7518f3",
            "e18778f5-76c5-4ffb-a669-94527f5049db"
          ],
          "failures": [
            "4a1d1f3e-02c2-4648-8dbe-6a424c912900"
          ],
          "pending": [],
          "skipped": [],
          "duration": 5294,
          "root": false,
          "rootEmpty": false,
          "_timeout": 50000
        },
        {
          "uuid": "1e968e09-c454-4e5c-8809-37edb4362d78",
          "title": "Mobile kategori lokasi",
          "fullFile": "/home/ardan/Ardan/QA/Automation Test/Git/dev-ardan/test/scenarios/SentraLokasi_Kategori.test.js",
          "file": "/test/scenarios/SentraLokasi_Kategori.test.js",
          "beforeHooks": [],
          "afterHooks": [],
          "tests": [
            {
              "title": "Get kategori lokasi",
              "fullTitle": "Mobile kategori lokasi Get kategori lokasi",
              "timedOut": false,
              "duration": 230,
              "state": "passed",
              "speed": "slow",
              "pass": true,
              "fail": false,
              "pending": false,
              "context": null,
              "code": "const response = await QoinAPI.get_lokasi(token_mobile);\n    \nassert.equal(response.status, 200)\n//schema belum nyoba\n// expect(response.data).to.be.jsonSchema(schema.VALIDATE_LOKASI_SCHEMA)",
              "err": {},
              "uuid": "1368e508-17a1-4ba6-b54a-a0af3cb82d79",
              "parentUUID": "1e968e09-c454-4e5c-8809-37edb4362d78",
              "isHook": false,
              "skipped": false
            }
          ],
          "suites": [],
          "passes": [
            "1368e508-17a1-4ba6-b54a-a0af3cb82d79"
          ],
          "failures": [],
          "pending": [],
          "skipped": [],
          "duration": 230,
          "root": false,
          "rootEmpty": false,
          "_timeout": 50000
        },
        {
          "uuid": "f86f5c01-e03f-48e8-bb15-d55388aba5e9",
          "title": "Web lokasi",
          "fullFile": "/home/ardan/Ardan/QA/Automation Test/Git/dev-ardan/test/scenarios/SentraLokasi_Lokasi.test.js",
          "file": "/test/scenarios/SentraLokasi_Lokasi.test.js",
          "beforeHooks": [],
          "afterHooks": [],
          "tests": [
            {
              "title": "Add lokasi",
              "fullTitle": "Web lokasi Add lokasi",
              "timedOut": false,
              "duration": 150,
              "state": "passed",
              "speed": "slow",
              "pass": true,
              "fail": false,
              "pending": false,
              "context": null,
              "code": "const response = await QoinAPI.addLokasi(data.VALID_ADDLOKASI, token)\n//result\nassert.equal(response.status, 200)\n//response data\nconst data_res_data = Object.fromEntries(\n    Object.entries(response.data.data['data']).map(([key, value]) => [key, typeof value == 'string' ? value.toLowerCase() : value])\n    );\nconst data_res_fasilitas = Object.fromEntries(\n    Object.entries(response.data.data['fasilitas']).map(([key, value]) => [key, typeof value == 'string' ? value.toLowerCase() : value])\n  );\nconst data_in_data = Object.fromEntries(\n    Object.entries(data.VALID_ADDLOKASI['data']).map(([key, value]) => [key, typeof value == 'string' ? value.toLowerCase() : value])\n  );\nconst data_in_fasilitas = Object.fromEntries(\n    Object.entries(data.VALID_ADDLOKASI['fasilitas']).map(([key, value]) => [key, typeof value == 'string' ? value.toLowerCase() : value])\n  );           \n  //validasi exclude\n  assert.deepEqualExcludingEvery(data_res_data, data_in_data, ['deleted_at', 'created_at', 'alamat', 'description', 'id', 'updated_at', 'is_active', 'm_lokasi_id'])\n\n//schema\nexpect(response.data).to.be.jsonSchema(schema.VALIDATE_ADD_LOKASI_SCHEMA)",
              "err": {},
              "uuid": "9d2c3b46-ad62-45c7-8ba3-f1904017f2ee",
              "parentUUID": "f86f5c01-e03f-48e8-bb15-d55388aba5e9",
              "isHook": false,
              "skipped": false
            },
            {
              "title": "Add multi lokasi",
              "fullTitle": "Web lokasi Add multi lokasi",
              "timedOut": false,
              "duration": 166,
              "state": "passed",
              "speed": "slow",
              "pass": true,
              "fail": false,
              "pending": false,
              "context": null,
              "code": "const response = await QoinAPI.addMultilokasi(data.VALID_ADDMULTILOKASI, token)\n//result\nassert.equal(response.status, 200)\n//response data\nconst data_res_data = Object.fromEntries(\n    Object.entries(response.data.data[0].data).map(([key, value]) => [key, typeof value == 'string' ? value.toLowerCase() : value])\n    );\nconst data_res_fasilitas = Object.fromEntries(\n    Object.entries(response.data.data[0].fasilitas).map(([key, value]) => [key, typeof value == 'string' ? value.toLowerCase() : value])\n  );\nconst data_in_data = Object.fromEntries(\n    Object.entries(data.VALID_ADDMULTILOKASI[0].data).map(([key, value]) => [key, typeof value == 'string' ? value.toLowerCase() : value])\n  );\nconst data_in_fasilitas = Object.fromEntries(\n    Object.entries(data.VALID_ADDMULTILOKASI[0].fasilitas).map(([key, value]) => [key, typeof value == 'string' ? value.toLowerCase() : value])\n  );           \n  //validasi exclude\n  assert.deepEqualExcludingEvery(data_res_data, data_in_data, ['deleted_at', 'created_at', 'alamat', 'description', 'id', 'updated_at', 'is_active', 'm_lokasi_id'])\n//schema\nexpect(response.data).to.be.jsonSchema(schema.VALIDATE_ADDSENTRAMULTILOKASI_WEBADMIN_SCHEMA)",
              "err": {},
              "uuid": "0a452c24-6a83-45e6-a400-d562fa14c434",
              "parentUUID": "f86f5c01-e03f-48e8-bb15-d55388aba5e9",
              "isHook": false,
              "skipped": false
            },
            {
              "title": "Get dan Cek Data Multi Lokasi",
              "fullTitle": "Web lokasi Get dan Cek Data Multi Lokasi",
              "timedOut": false,
              "duration": 158,
              "state": "passed",
              "speed": "slow",
              "pass": true,
              "fail": false,
              "pending": false,
              "context": null,
              "code": "const response = await QoinAPI.getLokasi(token)\n//result\nassert.equal(response.status, 200)\n//schema\nexpect(response.data).to.be.jsonSchema(schema.VALIDATE_GETSENTRALOKASI_WEBADMIN_SCHEMA)",
              "err": {},
              "uuid": "5a79df9b-d906-4eca-b17f-de7bcfb3743c",
              "parentUUID": "f86f5c01-e03f-48e8-bb15-d55388aba5e9",
              "isHook": false,
              "skipped": false
            },
            {
              "title": "Edit lokasi",
              "fullTitle": "Web lokasi Edit lokasi",
              "timedOut": false,
              "duration": 147,
              "state": "passed",
              "speed": "slow",
              "pass": true,
              "fail": false,
              "pending": false,
              "context": null,
              "code": "const response = await QoinAPI.updateLokasi(id, data.VALID_PUTLOKASI, token)\n//result\nassert.equal(response.status, 200)\n//response data\nconst data_res_data = Object.fromEntries(\n    Object.entries(response.data.data['data']).map(([key, value]) => [key, typeof value == 'string' ? value.toLowerCase() : value])\n    );\nconst data_res_fasilitas = Object.fromEntries(\n    Object.entries(response.data.data['fasilitas']).map(([key, value]) => [key, typeof value == 'string' ? value.toLowerCase() : value])\n  );\nconst data_in_data = Object.fromEntries(\n    Object.entries(data.VALID_PUTLOKASI['data']).map(([key, value]) => [key, typeof value == 'string' ? value.toLowerCase() : value])\n  );\nconst data_in_fasilitas = Object.fromEntries(\n    Object.entries(data.VALID_PUTLOKASI['fasilitas']).map(([key, value]) => [key, typeof value == 'string' ? value.toLowerCase() : value])\n  );           \n  //validasi exclude\n  assert.deepEqualExcludingEvery(data_res_data, data_in_data, ['deleted_at', 'created_at', 'alamat', 'description', 'id', 'updated_at', 'is_active', 'm_lokasi_id'])\n//schema\nexpect(response.data).to.be.jsonSchema(schema.VALIDATE_EDIT_LOKASI_SCHEMA)",
              "err": {},
              "uuid": "dbac42d1-18cf-4595-b0d5-4f70de858479",
              "parentUUID": "f86f5c01-e03f-48e8-bb15-d55388aba5e9",
              "isHook": false,
              "skipped": false
            },
            {
              "title": "Hapus lokasi",
              "fullTitle": "Web lokasi Hapus lokasi",
              "timedOut": false,
              "duration": 145,
              "state": "passed",
              "speed": "slow",
              "pass": true,
              "fail": false,
              "pending": false,
              "context": null,
              "code": "const response = await QoinAPI.deleteLokasi(id, token)\n//result\nassert.equal(response.status, 200)\n//schema\nexpect(response.data).to.be.jsonSchema(schema.VALIDATE_DELETE_LOKASI_SCHEMA)",
              "err": {},
              "uuid": "04d2e112-3527-4f97-a94c-4e745d4d32c1",
              "parentUUID": "f86f5c01-e03f-48e8-bb15-d55388aba5e9",
              "isHook": false,
              "skipped": false
            },
            {
              "title": "Get dan Cek Image Lokasi",
              "fullTitle": "Web lokasi Get dan Cek Image Lokasi",
              "timedOut": false,
              "duration": 433,
              "state": "passed",
              "speed": "slow",
              "pass": true,
              "fail": false,
              "pending": false,
              "context": null,
              "code": "const response = await QoinAPI.getImagelokasi(id, token)\n//result\nassert.equal(response.status, 200)\n//schema\nexpect(response.data).to.be.jsonSchema(schema.VALIDATE_GETIMAGELOKASI_SCHEMA)",
              "err": {},
              "uuid": "25b67e18-f278-464a-9df2-c302ef27505a",
              "parentUUID": "f86f5c01-e03f-48e8-bb15-d55388aba5e9",
              "isHook": false,
              "skipped": false
            },
            {
              "title": "Get Fasilitas Lokasi",
              "fullTitle": "Web lokasi Get Fasilitas Lokasi",
              "timedOut": false,
              "duration": 202,
              "state": "passed",
              "speed": "slow",
              "pass": true,
              "fail": false,
              "pending": false,
              "context": null,
              "code": "const response = await QoinAPI.getFasilitaslokasi(id, token)\n//result\nassert.equal(response.status, 200)\n//schema\nexpect(response.data).to.be.jsonSchema(schema.VALIDATE_GETFASILITASLOKASI_SCHEMA)",
              "err": {},
              "uuid": "ea4eada2-48d6-4c11-82c9-1496f0a20d5b",
              "parentUUID": "f86f5c01-e03f-48e8-bb15-d55388aba5e9",
              "isHook": false,
              "skipped": false
            },
            {
              "title": "Get Lokasi By Id",
              "fullTitle": "Web lokasi Get Lokasi By Id",
              "timedOut": false,
              "duration": 132,
              "state": "passed",
              "speed": "slow",
              "pass": true,
              "fail": false,
              "pending": false,
              "context": null,
              "code": "const response = await QoinAPI.getLokasibyid(id, token)\n//result\n// assert.equal(response.status, 200)\n// expect(response.data).to.be.jsonSchema(schema.VALIDATE_GETLOKASIBYID_SCHEMA)",
              "err": {},
              "uuid": "1f37a102-ab70-4b06-91fa-436edc486d34",
              "parentUUID": "f86f5c01-e03f-48e8-bb15-d55388aba5e9",
              "isHook": false,
              "skipped": false
            }
          ],
          "suites": [],
          "passes": [
            "9d2c3b46-ad62-45c7-8ba3-f1904017f2ee",
            "0a452c24-6a83-45e6-a400-d562fa14c434",
            "5a79df9b-d906-4eca-b17f-de7bcfb3743c",
            "dbac42d1-18cf-4595-b0d5-4f70de858479",
            "04d2e112-3527-4f97-a94c-4e745d4d32c1",
            "25b67e18-f278-464a-9df2-c302ef27505a",
            "ea4eada2-48d6-4c11-82c9-1496f0a20d5b",
            "1f37a102-ab70-4b06-91fa-436edc486d34"
          ],
          "failures": [],
          "pending": [],
          "skipped": [],
          "duration": 1533,
          "root": false,
          "rootEmpty": false,
          "_timeout": 50000
        },
        {
          "uuid": "9266f1d5-703e-42f3-9487-263d527a9a5b",
          "title": "Mobile lokasi",
          "fullFile": "/home/ardan/Ardan/QA/Automation Test/Git/dev-ardan/test/scenarios/SentraLokasi_Lokasi.test.js",
          "file": "/test/scenarios/SentraLokasi_Lokasi.test.js",
          "beforeHooks": [],
          "afterHooks": [],
          "tests": [
            {
              "title": "Get haversin circle",
              "fullTitle": "Mobile lokasi Get haversin circle",
              "timedOut": false,
              "duration": 137,
              "state": "passed",
              "speed": "slow",
              "pass": true,
              "fail": false,
              "pending": false,
              "context": null,
              "code": "const response = await QoinAPI.get_haversin_circle(token_mobile);\n    \nassert.equal(response.status, 200)\nexpect(response.data).to.be.jsonSchema(schema.VALIDATE_HAVERSINCIRCLE_SCHEMA)",
              "err": {},
              "uuid": "0d62fccd-65ad-46c2-8e28-812072f78ba0",
              "parentUUID": "9266f1d5-703e-42f3-9487-263d527a9a5b",
              "isHook": false,
              "skipped": false
            },
            {
              "title": "Get haversin circle by kategori",
              "fullTitle": "Mobile lokasi Get haversin circle by kategori",
              "timedOut": false,
              "duration": 149,
              "state": "passed",
              "speed": "slow",
              "pass": true,
              "fail": false,
              "pending": false,
              "context": null,
              "code": "const response = await QoinAPI.get_haversin_circle_bykategori(id, token_mobile);\n    \nassert.equal(response.status, 200)\nexpect(response.data).to.be.jsonSchema(schema.VALIDATE_HAVERSINCIRCLE_BYKATEGORI_SCHEMA)",
              "err": {},
              "uuid": "c0d2b752-263d-4d58-bd4b-2ed5757d2002",
              "parentUUID": "9266f1d5-703e-42f3-9487-263d527a9a5b",
              "isHook": false,
              "skipped": false
            },
            {
              "title": "Get haversin lokasi by id",
              "fullTitle": "Mobile lokasi Get haversin lokasi by id",
              "timedOut": false,
              "duration": 177,
              "state": "passed",
              "speed": "slow",
              "pass": true,
              "fail": false,
              "pending": false,
              "context": null,
              "code": "const response = await QoinAPI.get_lokasi_byid(id, token_mobile);\n    \nassert.equal(response.status, 200)\nexpect(response.data).to.be.jsonSchema(schema.VALIDATE_KATEGORIBYID_SCHEMA)",
              "err": {},
              "uuid": "ae6f16fa-e897-4f21-8367-72cfb140f316",
              "parentUUID": "9266f1d5-703e-42f3-9487-263d527a9a5b",
              "isHook": false,
              "skipped": false
            }
          ],
          "suites": [],
          "passes": [
            "0d62fccd-65ad-46c2-8e28-812072f78ba0",
            "c0d2b752-263d-4d58-bd4b-2ed5757d2002",
            "ae6f16fa-e897-4f21-8367-72cfb140f316"
          ],
          "failures": [],
          "pending": [],
          "skipped": [],
          "duration": 463,
          "root": false,
          "rootEmpty": false,
          "_timeout": 50000
        }
      ],
      "passes": [],
      "failures": [],
      "pending": [],
      "skipped": [],
      "duration": 0,
      "root": true,
      "rootEmpty": true,
      "_timeout": 50000
    }
  ],
  "meta": {
    "mocha": {
      "version": "10.0.0"
    },
    "mochawesome": {
      "options": {
        "quiet": false,
        "reportFilename": "mochawesome",
        "saveHtml": true,
        "saveJson": true,
        "consoleReporter": "spec",
        "useInlineDiffs": false,
        "code": true
      },
      "version": "7.1.3"
    },
    "marge": {
      "options": {
        "reportDir": "reports"
      },
      "version": "6.2.0"
    }
  }
}