{
  "stats": {
    "suites": 1,
    "tests": 1,
    "passes": 1,
    "pending": 0,
    "failures": 0,
    "start": "2022-10-06T08:37:51.457Z",
    "end": "2022-10-06T08:37:53.746Z",
    "duration": 2289,
    "testsRegistered": 1,
    "passPercent": 100,
    "pendingPercent": 0,
    "other": 0,
    "hasOther": false,
    "skipped": 0,
    "hasSkipped": false
  },
  "results": [
    {
      "uuid": "8316bbfa-aaf7-4b5c-b6a3-1ccf1ab00a5f",
      "title": "",
      "fullFile": "G:\\qoin_mocha\\test\\scenarios\\csr-penerbit.test.js",
      "file": "\\test\\scenarios\\csr-penerbit.test.js",
      "beforeHooks": [],
      "afterHooks": [],
      "tests": [],
      "suites": [
        {
          "uuid": "1919634f-ad05-4f0d-97d3-7718da9ab2bb",
          "title": "Web",
          "fullFile": "G:\\qoin_mocha\\test\\scenarios\\csr-penerbit.test.js",
          "file": "\\test\\scenarios\\csr-penerbit.test.js",
          "beforeHooks": [],
          "afterHooks": [],
          "tests": [
            {
              "title": "Create Penerbit",
              "fullTitle": "Web Create Penerbit",
              "timedOut": false,
              "duration": 2278,
              "state": "passed",
              "speed": "slow",
              "pass": true,
              "fail": false,
              "pending": false,
              "context": null,
              "code": "const token = await Get_token();\nconst response = await QoinAPI.penerbit(data.VALID_PENERBIT, token) //hit API\n// console.log(response.headers);\n// console.log(response.body);\n// console.log(response.data);\nassert.equal(response.status, 200);\n    \nexpect(response.data).to.be.jsonSchema(schema.VALIDATE_PENERBIT_SCHEMA) //Call JSON Schema\n// IssuerCode = response.data.data.list[0].id",
              "err": {},
              "uuid": "d1841bfb-2496-4d9f-bbcc-0319e3678e7e",
              "parentUUID": "1919634f-ad05-4f0d-97d3-7718da9ab2bb",
              "isHook": false,
              "skipped": false
            }
          ],
          "suites": [],
          "passes": [
            "d1841bfb-2496-4d9f-bbcc-0319e3678e7e"
          ],
          "failures": [],
          "pending": [],
          "skipped": [],
          "duration": 2278,
          "root": false,
          "rootEmpty": false,
          "_timeout": 10000
        }
      ],
      "passes": [],
      "failures": [],
      "pending": [],
      "skipped": [],
      "duration": 0,
      "root": true,
      "rootEmpty": true,
      "_timeout": 10000
    }
  ],
  "meta": {
    "mocha": {
      "version": "10.0.0"
    },
    "mochawesome": {
      "options": {
        "quiet": false,
        "reportFilename": "mochawesome",
        "saveHtml": true,
        "saveJson": true,
        "consoleReporter": "spec",
        "useInlineDiffs": false,
        "code": true
      },
      "version": "7.1.3"
    },
    "marge": {
      "options": {
        "reportDir": "reports"
      },
      "version": "6.2.0"
    }
  }
}