{
  "stats": {
    "suites": 1,
    "tests": 8,
    "passes": 8,
    "pending": 0,
    "failures": 0,
    "start": "2022-10-12T09:12:26.917Z",
    "end": "2022-10-12T09:12:28.514Z",
    "duration": 1597,
    "testsRegistered": 8,
    "passPercent": 100,
    "pendingPercent": 0,
    "other": 0,
    "hasOther": false,
    "skipped": 0,
    "hasSkipped": false
  },
  "results": [
    {
      "uuid": "a70ca18c-079b-424d-af45-f91d6dc37eae",
      "title": "",
      "fullFile": "/home/ardan/Ardan/QA/Automation Test/Git/dev-ardan/test/scenarios/SentraLokasi_Lokasi.test.js",
      "file": "/test/scenarios/SentraLokasi_Lokasi.test.js",
      "beforeHooks": [],
      "afterHooks": [],
      "tests": [],
      "suites": [
        {
          "uuid": "d518cad0-2709-4b46-92e2-0d5d6ca302ae",
          "title": "Web lokasi",
          "fullFile": "/home/ardan/Ardan/QA/Automation Test/Git/dev-ardan/test/scenarios/SentraLokasi_Lokasi.test.js",
          "file": "/test/scenarios/SentraLokasi_Lokasi.test.js",
          "beforeHooks": [],
          "afterHooks": [],
          "tests": [
            {
              "title": "Add lokasi",
              "fullTitle": "Web lokasi Add lokasi",
              "timedOut": false,
              "duration": 147,
              "state": "passed",
              "speed": "slow",
              "pass": true,
              "fail": false,
              "pending": false,
              "context": null,
              "code": "const response = await QoinAPI.addLokasi(data.VALID_ADDLOKASI, token)\n//result\nassert.equal(response.status, 200)\n//schema\nexpect(response.data).to.be.jsonSchema(schema.VALIDATE_ADD_LOKASI_SCHEMA)",
              "err": {},
              "uuid": "377d8be4-a15d-4c86-a38c-96f09f82bead",
              "parentUUID": "d518cad0-2709-4b46-92e2-0d5d6ca302ae",
              "isHook": false,
              "skipped": false
            },
            {
              "title": "Add multi lokasi",
              "fullTitle": "Web lokasi Add multi lokasi",
              "timedOut": false,
              "duration": 316,
              "state": "passed",
              "speed": "slow",
              "pass": true,
              "fail": false,
              "pending": false,
              "context": null,
              "code": "const response = await QoinAPI.addMultilokasi(data.VALID_ADDMULTILOKASI, token)\n//result\nassert.equal(response.status, 200)\n//schema\nexpect(response.data).to.be.jsonSchema(schema.VALIDATE_ADDSENTRAMULTILOKASI_WEBADMIN_SCHEMA)",
              "err": {},
              "uuid": "a4ad2079-14cb-4bed-9c71-6887d896213d",
              "parentUUID": "d518cad0-2709-4b46-92e2-0d5d6ca302ae",
              "isHook": false,
              "skipped": false
            },
            {
              "title": "Get dan Cek Data Multi Lokasi",
              "fullTitle": "Web lokasi Get dan Cek Data Multi Lokasi",
              "timedOut": false,
              "duration": 353,
              "state": "passed",
              "speed": "slow",
              "pass": true,
              "fail": false,
              "pending": false,
              "context": null,
              "code": "const response = await QoinAPI.getLokasi(token)\n//result\nassert.equal(response.status, 200)\n//schema\nexpect(response.data).to.be.jsonSchema(schema.VALIDATE_GETSENTRALOKASI_WEBADMIN_SCHEMA)",
              "err": {},
              "uuid": "033b73fd-fa63-4c42-8a87-f16810a68da0",
              "parentUUID": "d518cad0-2709-4b46-92e2-0d5d6ca302ae",
              "isHook": false,
              "skipped": false
            },
            {
              "title": "Edit lokasi",
              "fullTitle": "Web lokasi Edit lokasi",
              "timedOut": false,
              "duration": 159,
              "state": "passed",
              "speed": "slow",
              "pass": true,
              "fail": false,
              "pending": false,
              "context": null,
              "code": "const response = await QoinAPI.updateLokasi(id, data.VALID_PUTLOKASI, token)\n//result\nassert.equal(response.status, 200)\n//schema\nexpect(response.data).to.be.jsonSchema(schema.VALIDATE_EDIT_LOKASI_SCHEMA)",
              "err": {},
              "uuid": "09a71b79-4e3b-46db-9cd1-353047967c1e",
              "parentUUID": "d518cad0-2709-4b46-92e2-0d5d6ca302ae",
              "isHook": false,
              "skipped": false
            },
            {
              "title": "Hapus lokasi",
              "fullTitle": "Web lokasi Hapus lokasi",
              "timedOut": false,
              "duration": 131,
              "state": "passed",
              "speed": "slow",
              "pass": true,
              "fail": false,
              "pending": false,
              "context": null,
              "code": "const response = await QoinAPI.deleteLokasi(id, token)\n//result\nassert.equal(response.status, 200)\n//schema\nexpect(response.data).to.be.jsonSchema(schema.VALIDATE_DELETE_LOKASI_SCHEMA)",
              "err": {},
              "uuid": "46cc125e-5050-4675-b5a1-c477dec57780",
              "parentUUID": "d518cad0-2709-4b46-92e2-0d5d6ca302ae",
              "isHook": false,
              "skipped": false
            },
            {
              "title": "Get dan Cek Image Lokasi",
              "fullTitle": "Web lokasi Get dan Cek Image Lokasi",
              "timedOut": false,
              "duration": 124,
              "state": "passed",
              "speed": "slow",
              "pass": true,
              "fail": false,
              "pending": false,
              "context": null,
              "code": "const response = await QoinAPI.getImagelokasi(id, token)\n//result\nassert.equal(response.status, 200)\n//schema\nexpect(response.data).to.be.jsonSchema(schema.VALIDATE_GETIMAGELOKASI_SCHEMA)",
              "err": {},
              "uuid": "10a86271-4a2a-4e90-add7-9919b386ebbe",
              "parentUUID": "d518cad0-2709-4b46-92e2-0d5d6ca302ae",
              "isHook": false,
              "skipped": false
            },
            {
              "title": "Get Fasilitas Lokasi",
              "fullTitle": "Web lokasi Get Fasilitas Lokasi",
              "timedOut": false,
              "duration": 218,
              "state": "passed",
              "speed": "slow",
              "pass": true,
              "fail": false,
              "pending": false,
              "context": null,
              "code": "const response = await QoinAPI.getFasilitaslokasi(id, token)\n//result\nassert.equal(response.status, 200)\n//console.log(response.data)\n//schema\nexpect(response.data).to.be.jsonSchema(schema.VALIDATE_GETFASILITASLOKASI_SCHEMA)",
              "err": {},
              "uuid": "f99f2620-b74a-44c9-8f2c-9fc1673dbea1",
              "parentUUID": "d518cad0-2709-4b46-92e2-0d5d6ca302ae",
              "isHook": false,
              "skipped": false
            },
            {
              "title": "Get Lokasi By Id",
              "fullTitle": "Web lokasi Get Lokasi By Id",
              "timedOut": false,
              "duration": 132,
              "state": "passed",
              "speed": "slow",
              "pass": true,
              "fail": false,
              "pending": false,
              "context": null,
              "code": "const response = await QoinAPI.getLokasibyid(id, token)\n//result\n// assert.equal(response.status, 200)\n// expect(response.data).to.be.jsonSchema(schema.VALIDATE_GETLOKASIBYID_SCHEMA)",
              "err": {},
              "uuid": "ced6d4f4-879c-407c-b13a-d91b3e8107f5",
              "parentUUID": "d518cad0-2709-4b46-92e2-0d5d6ca302ae",
              "isHook": false,
              "skipped": false
            }
          ],
          "suites": [],
          "passes": [
            "377d8be4-a15d-4c86-a38c-96f09f82bead",
            "a4ad2079-14cb-4bed-9c71-6887d896213d",
            "033b73fd-fa63-4c42-8a87-f16810a68da0",
            "09a71b79-4e3b-46db-9cd1-353047967c1e",
            "46cc125e-5050-4675-b5a1-c477dec57780",
            "10a86271-4a2a-4e90-add7-9919b386ebbe",
            "f99f2620-b74a-44c9-8f2c-9fc1673dbea1",
            "ced6d4f4-879c-407c-b13a-d91b3e8107f5"
          ],
          "failures": [],
          "pending": [],
          "skipped": [],
          "duration": 1580,
          "root": false,
          "rootEmpty": false,
          "_timeout": 50000
        }
      ],
      "passes": [],
      "failures": [],
      "pending": [],
      "skipped": [],
      "duration": 0,
      "root": true,
      "rootEmpty": true,
      "_timeout": 50000
    }
  ],
  "meta": {
    "mocha": {
      "version": "10.0.0"
    },
    "mochawesome": {
      "options": {
        "quiet": false,
        "reportFilename": "mochawesome",
        "saveHtml": true,
        "saveJson": true,
        "consoleReporter": "spec",
        "useInlineDiffs": false,
        "code": true
      },
      "version": "7.1.3"
    },
    "marge": {
      "options": {
        "reportDir": "reports"
      },
      "version": "6.2.0"
    }
  }
}