{
  "stats": {
    "suites": 1,
    "tests": 1,
    "passes": 1,
    "pending": 0,
    "failures": 0,
    "start": "2022-10-06T07:15:49.052Z",
    "end": "2022-10-06T07:15:49.215Z",
    "duration": 163,
    "testsRegistered": 1,
    "passPercent": 100,
    "pendingPercent": 0,
    "other": 0,
    "hasOther": false,
    "skipped": 0,
    "hasSkipped": false
  },
  "results": [
    {
      "uuid": "1c75587b-f5b1-4a68-941c-4662af68ce79",
      "title": "",
      "fullFile": "E:\\Qoin Automation\\qoin_mocha\\test\\scenarios\\SentraLokasi_Kategori.test.js",
      "file": "\\test\\scenarios\\SentraLokasi_Kategori.test.js",
      "beforeHooks": [],
      "afterHooks": [],
      "tests": [],
      "suites": [
        {
          "uuid": "c749cba8-350b-4df3-8b26-a941ff5b5503",
          "title": "Web",
          "fullFile": "E:\\Qoin Automation\\qoin_mocha\\test\\scenarios\\SentraLokasi_Kategori.test.js",
          "file": "\\test\\scenarios\\SentraLokasi_Kategori.test.js",
          "beforeHooks": [],
          "afterHooks": [],
          "tests": [
            {
              "title": "Get detail kategori lokasi",
              "fullTitle": "Web Get detail kategori lokasi",
              "timedOut": false,
              "duration": 149,
              "state": "passed",
              "speed": "slow",
              "pass": true,
              "fail": false,
              "pending": false,
              "context": null,
              "code": "const response = await QoinAPI.getdetailkategoriLokasi()\n//result\nassert.equal(response.status, 200)\n//schema\nexpect(response.data).to.be.jsonSchema(schema.VALIDATE_GETDETAILKATEGORILOKASI)",
              "err": {},
              "uuid": "22907e73-ba1e-42c6-b1b0-4c7088192f86",
              "parentUUID": "c749cba8-350b-4df3-8b26-a941ff5b5503",
              "isHook": false,
              "skipped": false
            }
          ],
          "suites": [],
          "passes": [
            "22907e73-ba1e-42c6-b1b0-4c7088192f86"
          ],
          "failures": [],
          "pending": [],
          "skipped": [],
          "duration": 149,
          "root": false,
          "rootEmpty": false,
          "_timeout": 50000
        }
      ],
      "passes": [],
      "failures": [],
      "pending": [],
      "skipped": [],
      "duration": 0,
      "root": true,
      "rootEmpty": true,
      "_timeout": 50000
    }
  ],
  "meta": {
    "mocha": {
      "version": "10.0.0"
    },
    "mochawesome": {
      "options": {
        "quiet": false,
        "reportFilename": "mochawesome",
        "saveHtml": true,
        "saveJson": true,
        "consoleReporter": "spec",
        "useInlineDiffs": false,
        "code": true
      },
      "version": "7.1.3"
    },
    "marge": {
      "options": {
        "reportDir": "reports"
      },
      "version": "6.2.0"
    }
  }
}