{
  "stats": {
    "suites": 1,
    "tests": 1,
    "passes": 1,
    "pending": 0,
    "failures": 0,
    "start": "2022-10-22T08:05:31.013Z",
    "end": "2022-10-22T08:05:31.353Z",
    "duration": 340,
    "testsRegistered": 1,
    "passPercent": 100,
    "pendingPercent": 0,
    "other": 0,
    "hasOther": false,
    "skipped": 0,
    "hasSkipped": false
  },
  "results": [
    {
      "uuid": "ba8facd9-e086-4676-8bf5-dc8e57e2e011",
      "title": "",
      "fullFile": "D:\\QA Automation\\API Testing\\qoinisa\\test\\scenarios\\SentraKependudukan_Akta.test.js",
      "file": "\\test\\scenarios\\SentraKependudukan_Akta.test.js",
      "beforeHooks": [],
      "afterHooks": [],
      "tests": [],
      "suites": [
        {
          "uuid": "a025e760-d695-40e8-bb9a-97a0040ba922",
          "title": "Web",
          "fullFile": "D:\\QA Automation\\API Testing\\qoinisa\\test\\scenarios\\SentraKependudukan_Akta.test.js",
          "file": "\\test\\scenarios\\SentraKependudukan_Akta.test.js",
          "beforeHooks": [],
          "afterHooks": [],
          "tests": [
            {
              "title": "Get Index by ID",
              "fullTitle": "Web Get Index by ID",
              "timedOut": false,
              "duration": 335,
              "state": "passed",
              "speed": "slow",
              "pass": true,
              "fail": false,
              "pending": false,
              "context": null,
              "code": "const response = await QoinAPI.index_by_id(id, token, schema.VALID_GET_INDEX_BY_ID_SCHEMA) //hit API\n\n//response status\nassert.equal(response.status, 200);\n//schema\nexpect(response.data).to.be.jsonSchema(response.config.headers.schema)\n// console.log(response.config.headers.schema);",
              "err": {},
              "uuid": "36c40c57-cc6c-4850-b0ef-761e5bc643ab",
              "parentUUID": "a025e760-d695-40e8-bb9a-97a0040ba922",
              "isHook": false,
              "skipped": false
            }
          ],
          "suites": [],
          "passes": [
            "36c40c57-cc6c-4850-b0ef-761e5bc643ab"
          ],
          "failures": [],
          "pending": [],
          "skipped": [],
          "duration": 335,
          "root": false,
          "rootEmpty": false,
          "_timeout": 180000
        }
      ],
      "passes": [],
      "failures": [],
      "pending": [],
      "skipped": [],
      "duration": 0,
      "root": true,
      "rootEmpty": true,
      "_timeout": 180000
    }
  ],
  "meta": {
    "mocha": {
      "version": "10.0.0"
    },
    "mochawesome": {
      "options": {
        "quiet": false,
        "reportFilename": "mochawesome",
        "saveHtml": true,
        "saveJson": true,
        "consoleReporter": "spec",
        "useInlineDiffs": false,
        "code": true
      },
      "version": "7.1.3"
    },
    "marge": {
      "options": {
        "reportDir": "reports"
      },
      "version": "6.2.0"
    }
  }
}