{
  "stats": {
    "suites": 1,
    "tests": 1,
    "passes": 1,
    "pending": 0,
    "failures": 0,
    "start": "2022-10-13T09:36:25.245Z",
    "end": "2022-10-13T09:36:25.397Z",
    "duration": 152,
    "testsRegistered": 1,
    "passPercent": 100,
    "pendingPercent": 0,
    "other": 0,
    "hasOther": false,
    "skipped": 0,
    "hasSkipped": false
  },
  "results": [
    {
      "uuid": "e05f87f0-b09f-4251-9c1b-4b3aed215f0c",
      "title": "",
      "fullFile": "E:\\Qoin Automation\\qoin_mocha\\test\\scenarios\\SentraKependudukan_KTP.test.js",
      "file": "\\test\\scenarios\\SentraKependudukan_KTP.test.js",
      "beforeHooks": [],
      "afterHooks": [],
      "tests": [],
      "suites": [
        {
          "uuid": "1dff20fd-085b-491f-a8a9-91b9fa415219",
          "title": "Web",
          "fullFile": "E:\\Qoin Automation\\qoin_mocha\\test\\scenarios\\SentraKependudukan_KTP.test.js",
          "file": "\\test\\scenarios\\SentraKependudukan_KTP.test.js",
          "beforeHooks": [],
          "afterHooks": [],
          "tests": [
            {
              "title": "Update Status konfirmasi KTP",
              "fullTitle": "Web Update Status konfirmasi KTP",
              "timedOut": false,
              "duration": 141,
              "state": "passed",
              "speed": "slow",
              "pass": true,
              "fail": false,
              "pending": false,
              "context": null,
              "code": "const response = await QoinAPI.updatekonfirmasi(id, data.VALID_STATUSKONFIRKTP, token)\n//console\nassert.equal(response.status, 200);\nconst data_res = Object.fromEntries(\n    Object.entries(response.data.data).map(([key, value]) => [key, typeof value == 'string' ? value.toLowerCase() : value])\n  );\nconst data_in = Object.fromEntries(\n    Object.entries(data.VALID_UPDATEKTP).map(([key, value]) => [key, typeof value == 'string' ? value.toLowerCase() : value])\n  );\n\n//check object Rincian Ayah\nassert.deepEqualExcluding(data_in, data_res, ['id', 'updatebyid', 'updated_at', 'client_id', 'created_by','alamat_pelapor', \"alamat\",\n\"foto\",\n\"jenis_permohonan\",\n\"kecamatan\",\n\"kecamatan_id\",\n\"kelurahan\",\n\"kelurahan_id\",\n\"kode_pos\",\n\"kota\",\n\"kota_id\",\n\"lokasi_id\",\n\"m_user_id\",\n\"nama\",\n\"no_kk\",\n\"no_nik\",\n\"provinsi\",\n\"provinsi_id\",\n\"rt\",\n\"rw\",\n\"tempat_kedatangan\",\n\"jam_kedatangan\",\n\"lokasi_id\",\n\"notes\",\n\"status\",\n\"tanggal_kedatangan\"])\n//console.log(response.data)\n//schema\nexpect(response.data).to.be.jsonSchema(schema.VALIDATE_UPDATE_STATUS_VERIFIKASI_SCHEMA)",
              "err": {},
              "uuid": "397c64ce-13a7-49ec-af08-7f36897726b1",
              "parentUUID": "1dff20fd-085b-491f-a8a9-91b9fa415219",
              "isHook": false,
              "skipped": false
            }
          ],
          "suites": [],
          "passes": [
            "397c64ce-13a7-49ec-af08-7f36897726b1"
          ],
          "failures": [],
          "pending": [],
          "skipped": [],
          "duration": 141,
          "root": false,
          "rootEmpty": false,
          "_timeout": 50000
        }
      ],
      "passes": [],
      "failures": [],
      "pending": [],
      "skipped": [],
      "duration": 0,
      "root": true,
      "rootEmpty": true,
      "_timeout": 50000
    }
  ],
  "meta": {
    "mocha": {
      "version": "10.0.0"
    },
    "mochawesome": {
      "options": {
        "quiet": false,
        "reportFilename": "mochawesome",
        "saveHtml": true,
        "saveJson": true,
        "consoleReporter": "spec",
        "useInlineDiffs": false,
        "code": true
      },
      "version": "7.1.3"
    },
    "marge": {
      "options": {
        "reportDir": "reports"
      },
      "version": "6.2.0"
    }
  }
}